# ******************************************************
# PLUTO 4.2 Grid File
# Generated on  Wed Feb 27 21:46:29 2019
# 
# DIMENSIONS: 3
# GEOMETRY:   SPHERICAL
# X1: [ 0.010000,  1.200000], 30 point(s), 2 ghosts
# X2: [ 0.174533,  2.967060], 37 point(s), 2 ghosts
# X3: [ 0.000000,  6.283185], 80 point(s), 2 ghosts
# ******************************************************
30 
 1   1.000000000000e-02    5.950000000000e-02
 2   5.950000000000e-02    1.090000000000e-01
 3   1.090000000000e-01    1.585000000000e-01
 4   1.585000000000e-01    2.080000000000e-01
 5   2.080000000000e-01    2.575000000000e-01
 6   2.575000000000e-01    3.070000000000e-01
 7   3.070000000000e-01    3.565000000000e-01
 8   3.565000000000e-01    4.060000000000e-01
 9   4.060000000000e-01    4.555000000000e-01
 10   4.555000000000e-01    5.050000000000e-01
 11   5.050000000000e-01    5.545000000000e-01
 12   5.545000000000e-01    6.040000000000e-01
 13   6.040000000000e-01    6.535000000000e-01
 14   6.535000000000e-01    7.030000000000e-01
 15   7.030000000000e-01    7.525000000000e-01
 16   7.525000000000e-01    8.020000000000e-01
 17   8.020000000000e-01    8.515000000000e-01
 18   8.515000000000e-01    9.010000000000e-01
 19   9.010000000000e-01    9.505000000000e-01
 20   9.505000000000e-01    1.000000000000e+00
 21   1.000000000000e+00    1.020000000000e+00
 22   1.020000000000e+00    1.040000000000e+00
 23   1.040000000000e+00    1.060000000000e+00
 24   1.060000000000e+00    1.080000000000e+00
 25   1.080000000000e+00    1.100000000000e+00
 26   1.100000000000e+00    1.120000000000e+00
 27   1.120000000000e+00    1.140000000000e+00
 28   1.140000000000e+00    1.160000000000e+00
 29   1.160000000000e+00    1.180000000000e+00
 30   1.180000000000e+00    1.200000000000e+00
37 
 1   1.745329248000e-01    2.500066222108e-01
 2   2.500066222108e-01    3.254803196216e-01
 3   3.254803196216e-01    4.009540170324e-01
 4   4.009540170324e-01    4.764277144432e-01
 5   4.764277144432e-01    5.519014118541e-01
 6   5.519014118541e-01    6.273751092649e-01
 7   6.273751092649e-01    7.028488066757e-01
 8   7.028488066757e-01    7.783225040865e-01
 9   7.783225040865e-01    8.537962014973e-01
 10   8.537962014973e-01    9.292698989081e-01
 11   9.292698989081e-01    1.004743596319e+00
 12   1.004743596319e+00    1.080217293730e+00
 13   1.080217293730e+00    1.155690991141e+00
 14   1.155690991141e+00    1.231164688551e+00
 15   1.231164688551e+00    1.306638385962e+00
 16   1.306638385962e+00    1.382112083373e+00
 17   1.382112083373e+00    1.457585780784e+00
 18   1.457585780784e+00    1.533059478195e+00
 19   1.533059478195e+00    1.608533175605e+00
 20   1.608533175605e+00    1.684006873016e+00
 21   1.684006873016e+00    1.759480570427e+00
 22   1.759480570427e+00    1.834954267838e+00
 23   1.834954267838e+00    1.910427965249e+00
 24   1.910427965249e+00    1.985901662659e+00
 25   1.985901662659e+00    2.061375360070e+00
 26   2.061375360070e+00    2.136849057481e+00
 27   2.136849057481e+00    2.212322754892e+00
 28   2.212322754892e+00    2.287796452303e+00
 29   2.287796452303e+00    2.363270149714e+00
 30   2.363270149714e+00    2.438743847124e+00
 31   2.438743847124e+00    2.514217544535e+00
 32   2.514217544535e+00    2.589691241946e+00
 33   2.589691241946e+00    2.665164939357e+00
 34   2.665164939357e+00    2.740638636768e+00
 35   2.740638636768e+00    2.816112334178e+00
 36   2.816112334178e+00    2.891586031589e+00
 37   2.891586031589e+00    2.967059729000e+00
80 
 1   0.000000000000e+00    7.853981633750e-02
 2   7.853981633750e-02    1.570796326750e-01
 3   1.570796326750e-01    2.356194490125e-01
 4   2.356194490125e-01    3.141592653500e-01
 5   3.141592653500e-01    3.926990816875e-01
 6   3.926990816875e-01    4.712388980250e-01
 7   4.712388980250e-01    5.497787143625e-01
 8   5.497787143625e-01    6.283185307000e-01
 9   6.283185307000e-01    7.068583470375e-01
 10   7.068583470375e-01    7.853981633750e-01
 11   7.853981633750e-01    8.639379797125e-01
 12   8.639379797125e-01    9.424777960500e-01
 13   9.424777960500e-01    1.021017612387e+00
 14   1.021017612387e+00    1.099557428725e+00
 15   1.099557428725e+00    1.178097245063e+00
 16   1.178097245063e+00    1.256637061400e+00
 17   1.256637061400e+00    1.335176877737e+00
 18   1.335176877737e+00    1.413716694075e+00
 19   1.413716694075e+00    1.492256510412e+00
 20   1.492256510413e+00    1.570796326750e+00
 21   1.570796326750e+00    1.649336143087e+00
 22   1.649336143087e+00    1.727875959425e+00
 23   1.727875959425e+00    1.806415775762e+00
 24   1.806415775762e+00    1.884955592100e+00
 25   1.884955592100e+00    1.963495408437e+00
 26   1.963495408438e+00    2.042035224775e+00
 27   2.042035224775e+00    2.120575041112e+00
 28   2.120575041113e+00    2.199114857450e+00
 29   2.199114857450e+00    2.277654673788e+00
 30   2.277654673788e+00    2.356194490125e+00
 31   2.356194490125e+00    2.434734306462e+00
 32   2.434734306462e+00    2.513274122800e+00
 33   2.513274122800e+00    2.591813939137e+00
 34   2.591813939137e+00    2.670353755475e+00
 35   2.670353755475e+00    2.748893571812e+00
 36   2.748893571812e+00    2.827433388150e+00
 37   2.827433388150e+00    2.905973204487e+00
 38   2.905973204487e+00    2.984513020825e+00
 39   2.984513020825e+00    3.063052837163e+00
 40   3.063052837163e+00    3.141592653500e+00
 41   3.141592653500e+00    3.220132469838e+00
 42   3.220132469838e+00    3.298672286175e+00
 43   3.298672286175e+00    3.377212102512e+00
 44   3.377212102512e+00    3.455751918850e+00
 45   3.455751918850e+00    3.534291735187e+00
 46   3.534291735187e+00    3.612831551525e+00
 47   3.612831551525e+00    3.691371367862e+00
 48   3.691371367862e+00    3.769911184200e+00
 49   3.769911184200e+00    3.848451000537e+00
 50   3.848451000538e+00    3.926990816875e+00
 51   3.926990816875e+00    4.005530633213e+00
 52   4.005530633212e+00    4.084070449550e+00
 53   4.084070449550e+00    4.162610265887e+00
 54   4.162610265887e+00    4.241150082225e+00
 55   4.241150082225e+00    4.319689898563e+00
 56   4.319689898563e+00    4.398229714900e+00
 57   4.398229714900e+00    4.476769531238e+00
 58   4.476769531238e+00    4.555309347575e+00
 59   4.555309347575e+00    4.633849163913e+00
 60   4.633849163913e+00    4.712388980250e+00
 61   4.712388980250e+00    4.790928796588e+00
 62   4.790928796588e+00    4.869468612925e+00
 63   4.869468612925e+00    4.948008429262e+00
 64   4.948008429262e+00    5.026548245600e+00
 65   5.026548245600e+00    5.105088061937e+00
 66   5.105088061937e+00    5.183627878275e+00
 67   5.183627878275e+00    5.262167694612e+00
 68   5.262167694612e+00    5.340707510950e+00
 69   5.340707510950e+00    5.419247327287e+00
 70   5.419247327287e+00    5.497787143625e+00
 71   5.497787143625e+00    5.576326959962e+00
 72   5.576326959962e+00    5.654866776300e+00
 73   5.654866776300e+00    5.733406592637e+00
 74   5.733406592637e+00    5.811946408975e+00
 75   5.811946408975e+00    5.890486225312e+00
 76   5.890486225313e+00    5.969026041650e+00
 77   5.969026041650e+00    6.047565857988e+00
 78   6.047565857988e+00    6.126105674325e+00
 79   6.126105674325e+00    6.204645490663e+00
 80   6.204645490663e+00    6.283185307000e+00
