






   ___  __   __  ____________   


   ___  __   __  ____________   
   ___  __   __  ____________   
   ___  __   __  ____________   
   ___  __   __  ____________   
   ___  __   __  ____________   
  / _ \/ /  / / / /_  __/ __ \ 
  / _ \/ /  / / / /_  __/ __ \ 
   ___  __   __  ____________   
   ___  __   __  ____________   
  / _ \/ /  / / / /_  __/ __ \ 
  / _ \/ /  / / / /_  __/ __ \ 
  / _ \/ /  / / / /_  __/ __ \ 
  / _ \/ /  / / / /_  __/ __ \ 
 / ___/ /__/ /_/ / / / / /_/ /  
 / ___/ /__/ /_/ / / / / /_/ /  
/_/  /____/\____/ /_/  \____/   
  / _ \/ /  / / / /_  __/ __ \ 
=============================    v. 4.2  
  / _ \/ /  / / / /_  __/ __ \ 
 / ___/ /__/ /_/ / / / / /_/ /  
 / ___/ /__/ /_/ / / / / /_/ /  
 / ___/ /__/ /_/ / / / / /_/ /  
 / ___/ /__/ /_/ / / / / /_/ /  
/_/  /____/\____/ /_/  \____/   
 / ___/ /__/ /_/ / / / / /_/ /  

> System:

 / ___/ /__/ /_/ / / / / /_/ /  
/_/  /____/\____/ /_/  \____/   
/_/  /____/\____/ /_/  \____/   
/_/  /____/\____/ /_/  \____/   
/_/  /____/\____/ /_/  \____/   
=============================    v. 4.2  
/_/  /____/\____/ /_/  \____/   
! sysconf.out file not found 

/_/  /____/\____/ /_/  \____/   
=============================    v. 4.2  
=============================    v. 4.2  
=============================    v. 4.2  
=============================    v. 4.2  

> System:

=============================    v. 4.2  
=============================    v. 4.2  
> Local time:       Wed Feb 27 21:46:29 2019


> System:


> System:


> System:


> System:

! sysconf.out file not found 


> System:


> System:

> Cmd line args:    ! sysconf.out file not found 

! sysconf.out file not found 

! sysconf.out file not found 

! sysconf.out file not found 

> Local time:       Wed Feb 27 21:46:29 2019

! sysconf.out file not found 

> Local time:       Wed Feb 27 21:46:29 2019

! sysconf.out file not found 

> Local time:       Wed Feb 27 21:46:29 2019



> Local time:       Wed Feb 27 21:46:29 2019

> Local time:       Wed Feb 27 21:46:29 2019

> Cmd line args:    > Local time:       Wed Feb 27 21:46:29 2019

> Local time:       Wed Feb 27 21:46:29 2019

> Cmd line args:    > Cmd line args:    > Cmd line args:    > Header configuration:

> Cmd line args:    

> Cmd line args:    > Cmd line args:    





  PHYSICS:          HD


> Header configuration:





> Header configuration:

> Header configuration:

> Header configuration:

  DIMENSIONS:       3
> Header configuration:

  PHYSICS:          HD
> Header configuration:

> Header configuration:

  PHYSICS:          HD
  PHYSICS:          HD
  PHYSICS:          HD
  COMPONENTS:       3
  PHYSICS:          HD
  DIMENSIONS:       3
  PHYSICS:          HD
  PHYSICS:          HD
  DIMENSIONS:       3
  DIMENSIONS:       3
  DIMENSIONS:       3
  GEOMETRY:           DIMENSIONS:       3
  COMPONENTS:       3
  DIMENSIONS:       3
  DIMENSIONS:       3
  COMPONENTS:       3
  COMPONENTS:       3
  COMPONENTS:       3
Spherical
  COMPONENTS:       3
  GEOMETRY:           COMPONENTS:       3
Spherical
  COMPONENTS:       3
  GEOMETRY:           GEOMETRY:           GEOMETRY:           BODY_FORCE:       Spherical
  GEOMETRY:           GEOMETRY:           BODY_FORCE:         GEOMETRY:         Spherical
Spherical
EXPLICIT
  BODY_FORCE:       Spherical
EXPLICIT
Spherical
EXPLICIT
Spherical
  BODY_FORCE:         BODY_FORCE:         RECONSTRUCTION:     BODY_FORCE:       Linear TVD  RECONSTRUCTION:     BODY_FORCE:         RECONSTRUCTION:     BODY_FORCE:       EXPLICIT
EXPLICIT
EXPLICIT
  RECONSTRUCTION:    (Primitive lim)
Linear TVDEXPLICIT
Linear TVDEXPLICIT
  RECONSTRUCTION:     RECONSTRUCTION:   Linear TVD  TRACERS:          0
 (Primitive lim)
  RECONSTRUCTION:    (Primitive lim)
  RECONSTRUCTION:   Linear TVDLinear TVD (Primitive lim)
  VARIABLES:        5
  TRACERS:          0
Linear TVD  TRACERS:          0
Linear TVD (Primitive lim)
 (Primitive lim)
  TRACERS:          0
  ENTROPY_SWITCH:   NO
  VARIABLES:        5
 (Primitive lim)
  VARIABLES:        5
 (Primitive lim)
  TRACERS:          0
  TRACERS:          0
  VARIABLES:        5
  VARIABLES:        5
  LOADED MODULES:
  ENTROPY_SWITCH:   NO
  ENTROPY_SWITCH:   NO
  TRACERS:          0
  ENTROPY_SWITCH:   NO
  TRACERS:          0
  VARIABLES:        5
  ENTROPY_SWITCH:   NO

  LOADED MODULES:
  LOADED MODULES:
  VARIABLES:        5
  LOADED MODULES:
  VARIABLES:        5
  ENTROPY_SWITCH:   NO
  LOADED MODULES:
  ROTATION:         
YES

  ENTROPY_SWITCH:   NO

  ENTROPY_SWITCH:   NO
  LOADED MODULES:

  ROTATION:           EOS:                ROTATION:           LOADED MODULES:
  ROTATION:           LOADED MODULES:

  ROTATION:         YES
Ideal
YES

YES

  ROTATION:         YES
  EOS:                TIME INTEGRATOR:    EOS:                ROTATION:           EOS:                ROTATION:         YES
  EOS:              Ideal
Runga-Kutta II
Ideal
YES
Ideal
YES
  EOS:              Ideal
  TIME INTEGRATOR:    DIM. SPLITTING:     TIME INTEGRATOR:    EOS:                TIME INTEGRATOR:    EOS:              Ideal
  TIME INTEGRATOR:  Runga-Kutta II
No
Runga-Kutta II
Ideal
Runga-Kutta II
Ideal
  TIME INTEGRATOR:  Runga-Kutta II
  DIM. SPLITTING:   
  DIM. SPLITTING:     TIME INTEGRATOR:    DIM. SPLITTING:     TIME INTEGRATOR:  Runga-Kutta II
  DIM. SPLITTING:   No
> Runtime configuration (pluto.ini):

No
Runga-Kutta II
No
Runga-Kutta II
  DIM. SPLITTING:   No

  +----------------------------------------------------------

  DIM. SPLITTING:   
  DIM. SPLITTING:   No

> Runtime configuration (pluto.ini):

  | [Grid]
> Runtime configuration (pluto.ini):

No
> Runtime configuration (pluto.ini):

No

> Runtime configuration (pluto.ini):

  +----------------------------------------------------------
  | 
  +----------------------------------------------------------
  | [Grid]

  | [Grid]
  +----------------------------------------------------------

> Runtime configuration (pluto.ini):

  +----------------------------------------------------------
  | X1-grid    2    0.01           20    u    1.0            10 u 1.2
  | 
> Runtime configuration (pluto.ini):

  | 
  | [Grid]
> Runtime configuration (pluto.ini):

  +----------------------------------------------------------
  | [Grid]
  | X2-grid    1    0.1745329248   37    u    2.967059729
  | X1-grid    2    0.01           20    u    1.0            10 u 1.2
  +----------------------------------------------------------
  | X1-grid    2    0.01           20    u    1.0            10 u 1.2
  | 
  +----------------------------------------------------------
  | [Grid]
  | 
  | [Grid]
  | X3-grid    1    0.0            80    u    6.283185307
  | X2-grid    1    0.1745329248   37    u    2.967059729
  | [Grid]
  | X2-grid    1    0.1745329248   37    u    2.967059729
  | X1-grid    2    0.01           20    u    1.0            10 u 1.2
  | 
  | X2-grid    1    0.1745329248   37    u    2.967059729
  | X1-grid    2    0.01           20    u    1.0            10 u 1.2
  | 
  |  
  | X3-grid    1    0.0            80    u    6.283185307
  | 
  | X3-grid    1    0.0            80    u    6.283185307
  | X1-grid    2    0.01           20    u    1.0            10 u 1.2
  | X3-grid    1    0.0            80    u    6.283185307
  | X2-grid    1    0.1745329248   37    u    2.967059729
  | X1-grid    2    0.01           20    u    1.0            10 u 1.2
  | [Time]
  | X2-grid    1    0.1745329248   37    u    2.967059729
  |  
  | X1-grid    2    0.01           20    u    1.0            10 u 1.2
  |  
  | X2-grid    1    0.1745329248   37    u    2.967059729
  |  
  | X3-grid    1    0.0            80    u    6.283185307
  | 
  | X3-grid    1    0.0            80    u    6.283185307
  | [Time]
  | X2-grid    1    0.1745329248   37    u    2.967059729
  | [Time]
  | X3-grid    1    0.0            80    u    6.283185307
  | [Time]
  |  
  | CFL              0.25
  |  
  | 
  | X3-grid    1    0.0            80    u    6.283185307
  | 
  |  
  | 
  | [Time]
  | CFL_max_var      1.1
  | [Time]
  | CFL              0.25
  |  
  | CFL              0.25
  | [Time]
  | CFL              0.25
  | 
  | tstop            10.0
  | 
  | CFL_max_var      1.1
  | [Time]
  | CFL_max_var      1.1
  | 
  | CFL_max_var      1.1
  | CFL              0.25
  | first_dt         1.e-4
  | CFL              0.25
  | tstop            10.0
  | 
  | tstop            10.0
  | CFL              0.25
  | tstop            10.0
  | CFL_max_var      1.1
  | 
  | CFL_max_var      1.1
  | first_dt         1.e-4
  | CFL              0.25
  | first_dt         1.e-4
  | CFL_max_var      1.1
  | 
  | first_dt         1.e-4
  | tstop            10.0
  | [Solver]
  | tstop            10.0
  | 
  | CFL_max_var      1.1
  | tstop            10.0
  | [Solver]
  | 
  | first_dt         1.e-4
  | 
  | first_dt         1.e-4
  | [Solver]
  | tstop            10.0
  | first_dt         1.e-4
  | 
  | [Solver]
  | 
  | Solver         hllc
  | 
  | 
  | first_dt         1.e-4
  | 
  | Solver         hllc
  | 
  | [Solver]
  | 
  | [Solver]
  | Solver         hllc
  | 
  | [Solver]
  | 
  | Solver         hllc
  | 
  | [Boundary]
  | 
  | 
  | [Solver]
  | 
  | 
  | [Boundary]
  | 
  | Solver         hllc
  | 
  | Solver         hllc
  | [Boundary]
  | Solver         hllc
  | Solver         hllc
  | 
  | [Boundary]
  | 
  | X1-beg        axisymmetric
  | X1-beg        axisymmetric
  | 
  | 
  | 
  | 
  | 
  | [Boundary]
  | X1-end        userdef
  | X1-end        userdef
  | [Boundary]
  | X1-beg        axisymmetric
  | [Boundary]
  | [Boundary]
  | X1-beg        axisymmetric
  | 
  | X2-beg        reflective
  | X2-beg        reflective
  | 
  | X1-end        userdef
  | 
  | 
  | X1-end        userdef
  | X1-beg        axisymmetric
  | X2-end        reflective
  | X2-end        reflective
  | X1-beg        axisymmetric
  | X2-beg        reflective
  | X1-beg        axisymmetric
  | X1-beg        axisymmetric
  | X2-beg        reflective
  | X1-end        userdef
  | X3-beg        periodic
  | X3-beg        periodic
  | X1-end        userdef
  | X2-end        reflective
  | X1-end        userdef
  | X1-end        userdef
  | X2-end        reflective
  | X2-beg        reflective
  | X3-end        periodic
  | X3-end        periodic
  | X2-beg        reflective
  | X3-beg        periodic
  | X2-beg        reflective
  | X2-beg        reflective
  | X3-beg        periodic
  | X2-end        reflective
  | 
  | 
  | X2-end        reflective
  | X3-end        periodic
  | X2-end        reflective
  | X2-end        reflective
  | X3-end        periodic
  | X3-beg        periodic
  | [Static Grid Output]
  | [Static Grid Output]
  | X3-beg        periodic
  | 
  | X3-beg        periodic
  | X3-beg        periodic
  | 
  | X3-end        periodic
  | 
  | 
  | X3-end        periodic
  | [Static Grid Output]
  | X3-end        periodic
  | X3-end        periodic
  | [Static Grid Output]
  | 
  | uservar    0
  | uservar    0
  | 
  | 
  | 
  | 
  | 
  | [Static Grid Output]
  | output_dir /mnt/raid-cita/gamvrelis/data/feb/spherical_setup/rotating
  | output_dir /mnt/raid-cita/gamvrelis/data/feb/spherical_setup/rotating
  | [Static Grid Output]
  | uservar    0
  | [Static Grid Output]
  | [Static Grid Output]
  | uservar    0
  | 
  | dbl        1  -1   single_file
  | uservar    0
  | dbl        1  -1   single_file
  | 
  | output_dir /mnt/raid-cita/gamvrelis/data/feb/spherical_setup/rotating
  | 
  | 
  | output_dir /mnt/raid-cita/gamvrelis/data/feb/spherical_setup/rotating
  | flt       -1.0  -1   single_file
  | output_dir /mnt/raid-cita/gamvrelis/data/feb/spherical_setup/rotating
  | flt       -1.0  -1   single_file
  | uservar    0
  | dbl        1  -1   single_file
  | uservar    0
  | uservar    0
  | dbl        1  -1   single_file
  | vtk       -1.0  -1   single_file
  | dbl        1  -1   single_file
  | vtk       -1.0  -1   single_file
  | output_dir /mnt/raid-cita/gamvrelis/data/feb/spherical_setup/rotating
  | flt       -1.0  -1   single_file
  | output_dir /mnt/raid-cita/gamvrelis/data/feb/spherical_setup/rotating
  | output_dir /mnt/raid-cita/gamvrelis/data/feb/spherical_setup/rotating
  | flt       -1.0  -1   single_file
  | tab       -1.0  -1   
  | flt       -1.0  -1   single_file
  | tab       -1.0  -1   
  | dbl        1  -1   single_file
  | vtk       -1.0  -1   single_file
  | dbl        1  -1   single_file
  | dbl        1  -1   single_file
  | vtk       -1.0  -1   single_file
  | ppm       -1.0  -1   
  | vtk       -1.0  -1   single_file
  | ppm       -1.0  -1   
  | flt       -1.0  -1   single_file
  | tab       -1.0  -1   
  | flt       -1.0  -1   single_file
  | flt       -1.0  -1   single_file
  | tab       -1.0  -1   
  | png       -1.0  -1   
  | tab       -1.0  -1   
  | png       -1.0  -1   
  | vtk       -1.0  -1   single_file
  | ppm       -1.0  -1   
  | vtk       -1.0  -1   single_file
  | vtk       -1.0  -1   single_file
  | ppm       -1.0  -1   
  | log        100
  | ppm       -1.0  -1   
  | log        100
  | tab       -1.0  -1   
  | png       -1.0  -1   
  | ppm       -1.0  -1   
  | tab       -1.0  -1   
  | tab       -1.0  -1   
  | png       -1.0  -1   
  | analysis  -1.0  -1 
  | png       -1.0  -1   
  | analysis  -1.0  -1 
  | log        100
  | png       -1.0  -1   
  | ppm       -1.0  -1   
  | ppm       -1.0  -1   
  | log        100
  |  
  | log        100
  |  
  | analysis  -1.0  -1 
  | log        100
  | png       -1.0  -1   
  | png       -1.0  -1   
  | analysis  -1.0  -1 
  | [Parameters]
  | analysis  -1.0  -1 
  | [Parameters]
  |  
  | analysis  -1.0  -1 
  | log        100
  | log        100
  |  
  | 
  |  
  | 
  | [Parameters]
  |  
  | analysis  -1.0  -1 
  | analysis  -1.0  -1 
  | [Parameters]
  | ALPHA                10.  
  | [Parameters]
  | ALPHA                10.  
  | 
  | [Parameters]
  |  
  |  
  | 
  +---------------------------------------------------------
  | 
  +---------------------------------------------------------
  | ALPHA                10.  
  | 
  | [Parameters]
  | [Parameters]
  | ALPHA                10.  

> Generating grid...

  | ALPHA                10.  

> Generating grid...

  +---------------------------------------------------------
  | ALPHA                10.  
  | 
  | 
  +---------------------------------------------------------
  +---------------------------------------------------------

> Generating grid...

  +---------------------------------------------------------
  | ALPHA                10.  
  | ALPHA                10.  

> Generating grid...

  +---------------------------------------------------------

> Generating grid...


> Generating grid...

  X1: [ 0.010000,  1.200000], 30 point(s), 2 ghosts
  X1: [ 0.010000,  1.200000], 30 point(s), 2 ghosts
  +---------------------------------------------------------
  X2: [ 0.174533,  2.967060], 37 point(s), 2 ghosts

> Generating grid...

  X2: [ 0.174533,  2.967060], 37 point(s), 2 ghosts
  X1: [ 0.010000,  1.200000], 30 point(s), 2 ghosts

> Generating grid...

  X3: [ 0.000000,  6.283185], 80 point(s), 2 ghosts
  X1: [ 0.010000,  1.200000], 30 point(s), 2 ghosts
  X1: [ 0.010000,  1.200000], 30 point(s), 2 ghosts
  X3: [ 0.000000,  6.283185], 80 point(s), 2 ghosts
  X2: [ 0.174533,  2.967060], 37 point(s), 2 ghosts
  X1: [ 0.010000,  1.200000], 30 point(s), 2 ghosts
  X2: [ 0.174533,  2.967060], 37 point(s), 2 ghosts
  X2: [ 0.174533,  2.967060], 37 point(s), 2 ghosts
  X3: [ 0.000000,  6.283185], 80 point(s), 2 ghosts
  X1: [ 0.010000,  1.200000], 30 point(s), 2 ghosts
  X2: [ 0.174533,  2.967060], 37 point(s), 2 ghosts
  X3: [ 0.000000,  6.283185], 80 point(s), 2 ghosts
  X3: [ 0.000000,  6.283185], 80 point(s), 2 ghosts
  X1: [ 0.010000,  1.200000], 30 point(s), 2 ghosts
  X2: [ 0.174533,  2.967060], 37 point(s), 2 ghosts
  X3: [ 0.000000,  6.283185], 80 point(s), 2 ghosts

> Memory allocation
  X2: [ 0.174533,  2.967060], 37 point(s), 2 ghosts
  X3: [ 0.000000,  6.283185], 80 point(s), 2 ghosts
  X3: [ 0.000000,  6.283185], 80 point(s), 2 ghosts

> Memory allocation

> Memory allocation

> Memory allocation

> Memory allocation

> Memory allocation

> Memory allocation

> Memory allocation
> Assigning initial conditions (Startup) ...
> Assigning initial conditions (Startup) ...
> Assigning initial conditions (Startup) ...
> Assigning initial conditions (Startup) ...
> Assigning initial conditions (Startup) ...
> Assigning initial conditions (Startup) ...
> Assigning initial conditions (Startup) ...
> Assigning initial conditions (Startup) ...
> Normalization Units:

  [Density]:      1.673e-24 (gr/cm^3), 1.000e+00 (1/cm^3)
> Normalization Units:

  [Pressure]:     1.673e-14 (dyne/cm^2)
> Normalization Units:

  [Velocity]:     1.000e+05 (cm/s)
  [Density]:      1.673e-24 (gr/cm^3), 1.000e+00 (1/cm^3)
  [Length]:       1.398e+11 (cm)
> Normalization Units:

  [Temperature]:  1.203e+02 X (p/rho*mu) (K)
  [Density]:      1.673e-24 (gr/cm^3), 1.000e+00 (1/cm^3)
> Normalization Units:

  [Density]:      1.673e-24 (gr/cm^3), 1.000e+00 (1/cm^3)
> Normalization Units:

  [Pressure]:     1.673e-14 (dyne/cm^2)
> Normalization Units:

> Normalization Units:

  [Time]:         1.398e+06 (sec), 4.434e-02 (yrs) 
  [Density]:      1.673e-24 (gr/cm^3), 1.000e+00 (1/cm^3)
  [Pressure]:     1.673e-14 (dyne/cm^2)
  [Density]:      1.673e-24 (gr/cm^3), 1.000e+00 (1/cm^3)
  [Pressure]:     1.673e-14 (dyne/cm^2)
  [Density]:      1.673e-24 (gr/cm^3), 1.000e+00 (1/cm^3)
  [Velocity]:     1.000e+05 (cm/s)
  [Density]:      1.673e-24 (gr/cm^3), 1.000e+00 (1/cm^3)
 
  [Pressure]:     1.673e-14 (dyne/cm^2)
  [Velocity]:     1.000e+05 (cm/s)
  [Velocity]:     1.000e+05 (cm/s)
  [Length]:       1.398e+11 (cm)
  [Pressure]:     1.673e-14 (dyne/cm^2)
  [Velocity]:     1.000e+05 (cm/s)
  [Pressure]:     1.673e-14 (dyne/cm^2)
  [Length]:       1.398e+11 (cm)
  [Velocity]:     1.000e+05 (cm/s)
  [Pressure]:     1.673e-14 (dyne/cm^2)
> Number of processors: 1
  [Length]:       1.398e+11 (cm)
  [Temperature]:  1.203e+02 X (p/rho*mu) (K)
  [Velocity]:     1.000e+05 (cm/s)
  [Length]:       1.398e+11 (cm)
  [Temperature]:  1.203e+02 X (p/rho*mu) (K)
  [Length]:       1.398e+11 (cm)
  [Velocity]:     1.000e+05 (cm/s)
> Typical proc size:    30  [Temperature]:  1.203e+02 X (p/rho*mu) (K)
  [Time]:         1.398e+06 (sec), 4.434e-02 (yrs) 
  [Length]:       1.398e+11 (cm)
  [Temperature]:  1.203e+02 X (p/rho*mu) (K)
  [Time]:         1.398e+06 (sec), 4.434e-02 (yrs) 
  [Temperature]:  1.203e+02 X (p/rho*mu) (K)
  [Length]:       1.398e+11 (cm)
 X 37  [Time]:         1.398e+06 (sec), 4.434e-02 (yrs) 
 
  [Temperature]:  1.203e+02 X (p/rho*mu) (K)
  [Time]:         1.398e+06 (sec), 4.434e-02 (yrs) 
 
  [Time]:         1.398e+06 (sec), 4.434e-02 (yrs) 
  [Temperature]:  1.203e+02 X (p/rho*mu) (K)
 X 80 
> Number of processors: 1
  [Time]:         1.398e+06 (sec), 4.434e-02 (yrs) 
 
> Number of processors: 1
 
  [Time]:         1.398e+06 (sec), 4.434e-02 (yrs) 

> Number of processors: 1
> Typical proc size:    30 
> Number of processors: 1
> Typical proc size:    30> Number of processors: 1
 
> Basic data type:
> Typical proc size:    30  sizeof (char)     = 1
 X 37> Number of processors: 1
> Typical proc size:    30 X 37> Typical proc size:    30> Number of processors: 1
 X 37 X 37  sizeof (uchar)    = 1
 X 80> Typical proc size:    30 X 37 X 80> Typical proc size:    30 X 80 X 80
  sizeof (short)    = 2

 X 37 X 80

 X 37
> Basic data type:
  sizeof (ushort)   = 2
> Basic data type:
  sizeof (int)      = 4
 X 80> Basic data type:
> Basic data type:
 X 80> Basic data type:
  sizeof (char)     = 1
  sizeof (char)     = 1
  sizeof (*int)     = 8

  sizeof (char)     = 1
  sizeof (char)     = 1

  sizeof (char)     = 1
  sizeof (uchar)    = 1
  sizeof (uchar)    = 1
  sizeof (float)    = 4
> Basic data type:
  sizeof (double)   = 8
  sizeof (uchar)    = 1
  sizeof (uchar)    = 1
> Basic data type:
  sizeof (uchar)    = 1
  sizeof (short)    = 2
  sizeof (short)    = 2
  sizeof (char)     = 1
  sizeof (*double)  = 8
  sizeof (short)    = 2
  sizeof (short)    = 2
  sizeof (char)     = 1
  sizeof (ushort)   = 2
  sizeof (short)    = 2
  sizeof (ushort)   = 2
  sizeof (ushort)   = 2
  sizeof (uchar)    = 1
> Writing file #0 (dbl) to disk...  sizeof (ushort)   = 2
  sizeof (uchar)    = 1
  sizeof (int)      = 4
  sizeof (ushort)   = 2
  sizeof (int)      = 4
  sizeof (int)      = 4
  sizeof (short)    = 2
  sizeof (int)      = 4
  sizeof (short)    = 2
  sizeof (*int)     = 8
  sizeof (int)      = 4
  sizeof (*int)     = 8
  sizeof (*int)     = 8
  sizeof (ushort)   = 2
  sizeof (*int)     = 8
  sizeof (ushort)   = 2
  sizeof (float)    = 4
  sizeof (*int)     = 8
  sizeof (float)    = 4
  sizeof (float)    = 4
  sizeof (int)      = 4
  sizeof (float)    = 4
  sizeof (int)      = 4
  sizeof (double)   = 8
  sizeof (float)    = 4
  sizeof (*double)  = 8
  sizeof (double)   = 8
  sizeof (double)   = 8
  sizeof (*int)     = 8
  sizeof (double)   = 8
  sizeof (*int)     = 8
  sizeof (double)   = 8
> Writing file #0 (dbl) to disk...  sizeof (*double)  = 8
  sizeof (*double)  = 8
  sizeof (float)    = 4
  sizeof (*double)  = 8
  sizeof (float)    = 4
  sizeof (*double)  = 8
> Writing file #0 (dbl) to disk...> Writing file #0 (dbl) to disk...  sizeof (double)   = 8
> Writing file #0 (dbl) to disk...  sizeof (double)   = 8
> Writing file #0 (dbl) to disk...  sizeof (*double)  = 8
  sizeof (*double)  = 8
> Writing file #0 (dbl) to disk...> Writing file #0 (dbl) to disk...
> Starting computation... 

step:0 ; t = 0.0000e+00 ; dt = 1.0000e-04 ; 0 % ; [0.000000, 0]

> Starting computation... 

step:0 ; t = 0.0000e+00 ; dt = 1.0000e-04 ; 0 % ; [0.000000, 0]

> Starting computation... 

step:0 ; t = 0.0000e+00 ; dt = 1.0000e-04 ; 0 % ; [0.000000, 0]

> Starting computation... 

step:0 ; t = 0.0000e+00 ; dt = 1.0000e-04 ; 0 % ; [0.000000, 0]

> Starting computation... 

step:0 ; t = 0.0000e+00 ; dt = 1.0000e-04 ; 0 % ; [0.000000, 0]

> Starting computation... 

step:0 ; t = 0.0000e+00 ; dt = 1.0000e-04 ; 0 % ; [0.000000, 0]

> Starting computation... 

step:0 ; t = 0.0000e+00 ; dt = 1.0000e-04 ; 0 % ; [0.000000, 0]

> Starting computation... 

step:0 ; t = 0.0000e+00 ; dt = 1.0000e-04 ; 0 % ; [0.000000, 0]
step:100 ; t = 7.4091e-02 ; dt = 8.5933e-04 ; 0 % ; [0.013260, 0]
step:100 ; t = 7.4091e-02 ; dt = 8.5933e-04 ; 0 % ; [0.013260, 0]
step:100 ; t = 7.4091e-02 ; dt = 8.5933e-04 ; 0 % ; [0.013260, 0]
step:100 ; t = 7.4091e-02 ; dt = 8.5933e-04 ; 0 % ; [0.013260, 0]
step:100 ; t = 7.4091e-02 ; dt = 8.5933e-04 ; 0 % ; [0.013260, 0]
step:100 ; t = 7.4091e-02 ; dt = 8.5933e-04 ; 0 % ; [0.013260, 0]
step:100 ; t = 7.4091e-02 ; dt = 8.5933e-04 ; 0 % ; [0.013260, 0]
step:100 ; t = 7.4091e-02 ; dt = 8.5933e-04 ; 0 % ; [0.013260, 0]
step:200 ; t = 1.6007e-01 ; dt = 8.6023e-04 ; 1 % ; [0.023507, 0]
step:200 ; t = 1.6007e-01 ; dt = 8.6023e-04 ; 1 % ; [0.023507, 0]
step:200 ; t = 1.6007e-01 ; dt = 8.6023e-04 ; 1 % ; [0.023507, 0]
step:200 ; t = 1.6007e-01 ; dt = 8.6023e-04 ; 1 % ; [0.023507, 0step:200 ; t = 1.6007e-01 ; dt = 8.6023e-04 ; 1 % ; [0.023507, 0]
]
step:200 ; t = 1.6007e-01 ; dt = 8.6023e-04 ; 1 % ; [0.023507, 0]
step:200 ; t = 1.6007e-01 ; dt = 8.6023e-04 ; 1 % ; [0.023507, 0]
step:200 ; t = 1.6007e-01 ; dt = 8.6023e-04 ; 1 % ; [0.023507, 0]
step:300 ; t = 2.4615e-01 ; dt = 8.6138e-04 ; 2 % ; [0.028166, 0]
step:300 ; t = 2.4615e-01 ; dt = 8.6138e-04 ; 2 % ; [0.028166, 0]
step:300 ; t = 2.4615e-01 ; dt = 8.6138e-04 ; 2 % ; [0.028166, 0]
step:300 ; t = 2.4615e-01 ; dt = 8.6138e-04 ; 2 % ; [0.028166, 0]
step:300 ; t = 2.4615e-01 ; dt = 8.6138e-04 ; 2 % ; [0.028166, 0]
step:300 ; t = 2.4615e-01 ; dt = 8.6138e-04 ; 2 % ; [0.028166, 0]
step:300 ; t = 2.4615e-01 ; dt = 8.6138e-04 ; 2 % ; [0.028166, 0]
step:300 ; t = 2.4615e-01 ; dt = 8.6138e-04 ; 2 % ; [0.028166, 0]
step:400 ; t = 3.3234e-01 ; dt = 8.6245e-04 ; 3 % ; [0.031757, 0]
step:400 ; t = 3.3234e-01 ; dt = 8.6245e-04 ; 3 % ; [0.031757, 0]
step:400 ; t = 3.3234e-01 ; dt = 8.6245e-04 ; 3 % ; [0.031757, 0]
step:400 ; t = 3.3234e-01 ; dt = 8.6245e-04 ; 3 % ; [0.031757, 0]
step:400 ; t = 3.3234e-01 ; dt = 8.6245e-04 ; 3 % ; [0.031757, 0]
step:400 ; t = 3.3234e-01 ; dt = 8.6245e-04 ; 3 % ; [0.031757, 0]
step:400 ; t = 3.3234e-01 ; dt = 8.6245e-04 ; 3 % ; [0.031757, 0]
step:400 ; t = 3.3234e-01 ; dt = 8.6245e-04 ; 3 % ; [0.031757, 0]
step:500 ; t = 4.1862e-01 ; dt = 8.6306e-04 ; 4 % ; [0.035022, 0]
step:500 ; t = 4.1862e-01 ; dt = 8.6306e-04 ; 4 % ; [0.035022, 0]
step:500 ; t = 4.1862e-01 ; dt = 8.6306e-04 ; 4 % ; [0.035022, 0]
step:500 ; t = 4.1862e-01 ; dt = 8.6306e-04 ; 4 % ; [0.035022, 0]
step:500 ; t = 4.1862e-01 ; dt = 8.6306e-04 ; 4 % ; [0.035022, 0]
step:500 ; t = 4.1862e-01 ; dt = 8.6306e-04 ; 4 % ; [0.035022, 0]
step:500 ; t = 4.1862e-01 ; dt = 8.6306e-04 ; 4 % ; [0.035022, 0]
step:500 ; t = 4.1862e-01 ; dt = 8.6306e-04 ; 4 % ; [0.035022, 0]
step:600 ; t = 5.0492e-01 ; dt = 8.6267e-04 ; 5 % ; [0.039241, 0]
step:600 ; t = 5.0492e-01 ; dt = 8.6267e-04 ; 5 % ; [0.039241, 0]
step:600 ; t = 5.0492e-01 ; dt = 8.6267e-04 ; 5 % ; [0.039241, 0]
step:600 ; t = 5.0492e-01 ; dt = 8.6267e-04 ; 5 % ; [0.039241, 0]
step:600 ; t = 5.0492e-01 ; dt = 8.6267e-04 ; 5 % ; [0.039241, 0]
step:600 ; t = 5.0492e-01 ; dt = 8.6267e-04 ; 5 % ; [0.039241, 0]
step:600 ; t = 5.0492e-01 ; dt = 8.6267e-04 ; 5 % ; [0.039241, 0]
step:600 ; t = 5.0492e-01 ; dt = 8.6267e-04 ; 5 % ; [0.039241, 0]
step:700 ; t = 5.9108e-01 ; dt = 8.6020e-04 ; 5 % ; [0.043540, 0]
step:700 ; t = 5.9108e-01 ; dt = 8.6020e-04 ; 5 % ; [0.043540, 0]
step:700 ; t = 5.9108e-01 ; dt = 8.6020e-04 ; 5 % ; [0.043540, 0]
step:700 ; t = 5.9108e-01 ; dt = 8.6020e-04 ; 5 % ; [0.043540, 0]
step:700 ; t = 5.9108e-01 ; dt = 8.6020e-04 ; 5 % ; [0.043540, 0]
step:700 ; t = 5.9108e-01 ; dt = 8.6020e-04 ; 5 % ; [0.043540, 0]
step:700 ; t = 5.9108e-01 ; dt = 8.6020e-04 ; 5 % ; [0.043540, 0]
step:700 ; t = 5.9108e-01 ; dt = 8.6020e-04 ; 5 % ; [0.043540, 0]
step:800 ; t = 6.7694e-01 ; dt = 8.5708e-04 ; 6 % ; [0.046754, 0]
step:800 ; t = 6.7694e-01 ; dt = 8.5708e-04 ; 6 % ; [0.046754, 0]
step:800 ; t = 6.7694e-01 ; dt = 8.5708e-04 ; 6 % ; [0.046754, 0]
step:800 ; t = 6.7694e-01 ; dt = 8.5708e-04 ; 6 % ; [0.046754, 0]
step:800 ; t = 6.7694e-01 ; dt = 8.5708e-04 ; 6 % ; [0.046754, 0]
step:800 ; t = 6.7694e-01 ; dt = 8.5708e-04 ; 6 % ; [0.046754, 0]
step:800 ; t = 6.7694e-01 ; dt = 8.5708e-04 ; 6 % ; [0.046754, 0]
step:800 ; t = 6.7694e-01 ; dt = 8.5708e-04 ; 6 % ; [0.046754, 0]
step:900 ; t = 7.6251e-01 ; dt = 8.5441e-04 ; 7 % ; [0.050856, 0]
step:900 ; t = 7.6251e-01 ; dt = 8.5441e-04 ; 7 % ; [0.050856, 0]
step:900 ; t = 7.6251e-01 ; dt = 8.5441e-04 ; 7 % ; [0.050856, 0]
step:900 ; t = 7.6251e-01 ; dt = 8.5441e-04 ; 7 % ; [0.050856, 0]
step:900 ; t = 7.6251e-01 ; dt = 8.5441e-04 ; 7 % ; [0.050856, 0]
step:900 ; t = 7.6251e-01 ; dt = 8.5441e-04 ; 7 % ; [0.050856, 0]
step:900 ; t = 7.6251e-01 ; dt = 8.5441e-04 ; 7 % ; [0.050856, 0]
step:900 ; t = 7.6251e-01 ; dt = 8.5441e-04 ; 7 % ; [0.050856, 0]
step:1000 ; t = 8.4786e-01 ; dt = 8.5274e-04 ; 8 % ; [0.057383, 0]
step:1000 ; t = 8.4786e-01 ; dt = 8.5274e-04 ; 8 % ; [0.057383, 0]
step:1000 ; t = 8.4786e-01 ; dt = 8.5274e-04 ; 8 % ; [0.057383, 0]
step:1000 ; t = 8.4786e-01 ; dt = 8.5274e-04 ; 8 % ; [0.057383, 0]
step:1000 ; t = 8.4786e-01 ; dt = 8.5274e-04 ; 8 % ; [0.057383, 0]
step:1000 ; t = 8.4786e-01 ; dt = 8.5274e-04 ; 8 % ; [0.057383, 0]
step:1000 ; t = 8.4786e-01 ; dt = 8.5274e-04 ; 8 % ; [0.057383, 0]
step:1000 ; t = 8.4786e-01 ; dt = 8.5274e-04 ; 8 % ; [0.057383, 0]
step:1100 ; t = 9.3309e-01 ; dt = 8.5199e-04 ; 9 % ; [0.063360, 0]
step:1100 ; t = 9.3309e-01 ; dt = 8.5199e-04 ; 9 % ; [0.063360, 0]
step:1100 ; t = 9.3309e-01 ; dt = 8.5199e-04 ; 9 % ; [0.063360, 0]
step:1100 ; t = 9.3309e-01 ; dt = 8.5199e-04 ; 9 % ; [0.063360, 0]
step:1100 ; t = 9.3309e-01 ; dt = 8.5199e-04 ; 9 % ; [0.063360, 0]
step:1100 ; t = 9.3309e-01 ; dt = 8.5199e-04 ; 9 % ; [0.063360, 0]
step:1100 ; t = 9.3309e-01 ; dt = 8.5199e-04 ; 9 % ; [0.063360, 0]
step:1100 ; t = 9.3309e-01 ; dt = 8.5199e-04 ; 9 % ; [0.063360, 0]
> Writing file #1 (dbl) to disk...
> Writing file #1 (dbl) to disk...
> Writing file #1 (dbl) to disk...> Writing file #1 (dbl) to disk...
> Writing file #1 (dbl) to disk...

> Writing file #1 (dbl) to disk...
> Writing file #1 (dbl) to disk...
> Writing file #1 (dbl) to disk...
step:1200 ; t = 1.0183e+00 ; dt = 8.5184e-04 ; 10 % ; [0.068410, 0]
step:1200 ; t = 1.0183e+00 ; dt = 8.5184e-04 ; 10 % ; [0.068410, 0]
step:1200 ; t = 1.0183e+00 ; dt = 8.5184e-04 ; 10 % ; [0.068410, 0]
step:1200 ; t = 1.0183e+00 ; dt = 8.5184e-04 ; 10 % ; [0.068410, 0]
step:1200 ; t = 1.0183e+00 ; dt = 8.5184e-04 ; 10 % ; [0.068410, 0]
step:1200 ; t = 1.0183e+00 ; dt = 8.5184e-04 ; 10 % ; [0.068410, 0]
step:1200 ; t = 1.0183e+00 ; dt = 8.5184e-04 ; 10 % ; [0.068410, 0]
step:1200 ; t = 1.0183e+00 ; dt = 8.5184e-04 ; 10 % ; [0.068410, 0]
step:1300 ; t = 1.1036e+00 ; dt = 8.5419e-04 ; 11 % ; [0.072812, 0]
step:1300 ; t = 1.1036e+00 ; dt = 8.5419e-04 ; 11 % ; [0.072812, 0]
step:1300 ; t = 1.1036e+00 ; dt = 8.5419e-04 ; 11 % ; [0.072812, 0]
step:1300 ; t = 1.1036e+00 ; dt = 8.5419e-04 ; 11 % ; [0.072812, 0]
step:1300 ; t = 1.1036e+00 ; dt = 8.5419e-04 ; 11 % ; [0.072812, 0]
step:1300 ; t = 1.1036e+00 ; dt = 8.5419e-04 ; 11 % ; [0.072812, 0]
step:1300 ; t = 1.1036e+00 ; dt = 8.5419e-04 ; 11 % ; [0.072812, 0]
step:1300 ; t = 1.1036e+00 ; dt = 8.5419e-04 ; 11 % ; [0.072812, 0]
step:1400 ; t = 1.1891e+00 ; dt = 8.5694e-04 ; 11 % ; [0.075372, 0]
step:1400 ; t = 1.1891e+00 ; dt = 8.5694e-04 ; 11 % ; [0.075372, 0]
step:1400 ; t = 1.1891e+00 ; dt = 8.5694e-04 ; 11 % ; [0.075372, 0]
step:1400 ; t = 1.1891e+00 ; dt = 8.5694e-04 ; 11 % ; [0.075372, 0]
step:1400 ; t = 1.1891e+00 ; dt = 8.5694e-04 ; 11 % ; [0.075372, 0]
step:1400 ; t = 1.1891e+00 ; dt = 8.5694e-04 ; 11 % ; [0.075372, 0]
step:1400 ; t = 1.1891e+00 ; dt = 8.5694e-04 ; 11 % ; [0.075372, 0]
step:1400 ; t = 1.1891e+00 ; dt = 8.5694e-04 ; 11 % ; [0.075372, 0]
step:1500 ; t = 1.2749e+00 ; dt = 8.5805e-04 ; 12 % ; [0.075946, 0]
step:1500 ; t = 1.2749e+00 ; dt = 8.5805e-04 ; 12 % ; [0.075946, 0]
step:1500 ; t = 1.2749e+00 ; dt = 8.5805e-04 ; 12 % ; [0.075946, 0]
step:1500 ; t = 1.2749e+00 ; dt = 8.5805e-04 ; 12 % ; [0.075946, 0]
step:1500 ; t = 1.2749e+00 ; dt = 8.5805e-04 ; 12 % ; [0.075946, 0]
step:1500 ; t = 1.2749e+00 ; dt = 8.5805e-04 ; 12 % ; [0.075946, 0]
step:1500 ; t = 1.2749e+00 ; dt = 8.5805e-04 ; 12 % ; [0.075946, 0]
step:1500 ; t = 1.2749e+00 ; dt = 8.5805e-04 ; 12 % ; [0.075946, 0]
step:1600 ; t = 1.3607e+00 ; dt = 8.5836e-04 ; 13 % ; [0.074426, 0]
step:1600 ; t = 1.3607e+00 ; dt = 8.5836e-04 ; 13 % ; [0.074426, 0]
step:1600 ; t = 1.3607e+00 ; dt = 8.5836e-04 ; 13 % ; [0.074426, 0]
step:1600 ; t = 1.3607e+00 ; dt = 8.5836e-04 ; 13 % ; [0.074426, 0]
step:1600 ; t = 1.3607e+00 ; dt = 8.5836e-04 ; 13 % ; [0.074426, 0]
step:1600 ; t = 1.3607e+00 ; dt = 8.5836e-04 ; 13 % ; [0.074426, 0]
step:1600 ; t = 1.3607e+00 ; dt = 8.5836e-04 ; 13 % ; [0.074426, 0]
step:1600 ; t = 1.3607e+00 ; dt = 8.5836e-04 ; 13 % ; [0.074426, 0]
step:1700 ; t = 1.4466e+00 ; dt = 8.5890e-04 ; 14 % ; [0.068852, 0]
step:1700 ; t = 1.4466e+00 ; dt = 8.5890e-04 ; 14 % ; [0.068852, 0]
step:1700 ; t = 1.4466e+00 ; dt = 8.5890e-04 ; 14 % ; [0.068852, 0]
step:1700 ; t = 1.4466e+00 ; dt = 8.5890e-04 ; 14 % ; [0.068852, 0]
step:1700 ; t = 1.4466e+00 ; dt = 8.5890e-04 ; 14 % ; [0.068852, 0]
step:1700 ; t = 1.4466e+00 ; dt = 8.5890e-04 ; 14 % ; [0.068852, 0]
step:1700 ; t = 1.4466e+00 ; dt = 8.5890e-04 ; 14 % ; [0.068852, 0]
step:1700 ; t = 1.4466e+00 ; dt = 8.5890e-04 ; 14 % ; [0.068852, 0]
step:1800 ; t = 1.5325e+00 ; dt = 8.5983e-04 ; 15 % ; [0.055841, 0]
step:1800 ; t = 1.5325e+00 ; dt = 8.5983e-04 ; 15 % ; [0.055841, 0]
step:1800 ; t = 1.5325e+00 ; dt = 8.5983e-04 ; 15 % ; [0.055841, 0]
step:1800 ; t = 1.5325e+00 ; dt = 8.5983e-04 ; 15 % ; [0.055841, 0]
step:1800 ; t = 1.5325e+00 ; dt = 8.5983e-04 ; 15 % ; [0.055841, 0]
step:1800 ; t = 1.5325e+00 ; dt = 8.5983e-04 ; 15 % ; [0.055841, 0]
step:1800 ; t = 1.5325e+00 ; dt = 8.5983e-04 ; 15 % ; [0.055841, 0]
step:1800 ; t = 1.5325e+00 ; dt = 8.5983e-04 ; 15 % ; [0.055841, 0]
step:1900 ; t = 1.6185e+00 ; dt = 8.6076e-04 ; 16 % ; [0.051791, 0]
step:1900 ; t = 1.6185e+00 ; dt = 8.6076e-04 ; 16 % ; [0.051791, 0]
step:1900 ; t = 1.6185e+00 ; dt = 8.6076e-04 ; 16 % ; [0.051791, 0]
step:1900 ; t = 1.6185e+00 ; dt = 8.6076e-04 ; 16 % ; [0.051791, 0]
step:1900 ; t = 1.6185e+00 ; dt = 8.6076e-04 ; 16 % ; [0.051791, 0]
step:1900 ; t = 1.6185e+00 ; dt = 8.6076e-04 ; 16 % ; [0.051791, 0]
step:1900 ; t = 1.6185e+00 ; dt = 8.6076e-04 ; 16 % ; [0.051791, 0]
step:1900 ; t = 1.6185e+00 ; dt = 8.6076e-04 ; 16 % ; [0.051791, 0]
step:2000 ; t = 1.7046e+00 ; dt = 8.6143e-04 ; 17 % ; [0.053857, 0]
step:2000 ; t = 1.7046e+00 ; dt = 8.6143e-04 ; 17 % ; [0.053857, 0]
step:2000 ; t = 1.7046e+00 ; dt = 8.6143e-04 ; 17 % ; [0.053857, 0]
step:2000 ; t = 1.7046e+00 ; dt = 8.6143e-04 ; 17 % ; [0.053857, 0]
step:2000 ; t = 1.7046e+00 ; dt = 8.6143e-04 ; 17 % ; [0.053857, 0]
step:2000 ; t = 1.7046e+00 ; dt = 8.6143e-04 ; 17 % ; [0.053857, 0]
step:2000 ; t = 1.7046e+00 ; dt = 8.6143e-04 ; 17 % ; [0.053857, 0]
step:2000 ; t = 1.7046e+00 ; dt = 8.6143e-04 ; 17 % ; [0.053857, 0]
step:2100 ; t = 1.7908e+00 ; dt = 8.6182e-04 ; 17 % ; [0.054767, 0]
step:2100 ; t = 1.7908e+00 ; dt = 8.6182e-04 ; 17 % ; [0.054767, 0]
step:2100 ; t = 1.7908e+00 ; dt = 8.6182e-04 ; 17 % ; [0.054767, 0]
step:2100 ; t = 1.7908e+00 ; dt = 8.6182e-04 ; 17 % ; [0.054767, 0]
step:2100 ; t = 1.7908e+00 ; dt = 8.6182e-04 ; 17 % ; [0.054767, 0]
step:2100 ; t = 1.7908e+00 ; dt = 8.6182e-04 ; 17 % ; [0.054767, 0]
step:2100 ; t = 1.7908e+00 ; dt = 8.6182e-04 ; 17 % ; [0.054767, 0]
step:2100 ; t = 1.7908e+00 ; dt = 8.6182e-04 ; 17 % ; [0.054767, 0]
step:2200 ; t = 1.8770e+00 ; dt = 8.6199e-04 ; 18 % ; [0.052940, 0]
step:2200 ; t = 1.8770e+00 ; dt = 8.6199e-04 ; 18 % ; [0.052940, 0]
step:2200 ; t = 1.8770e+00 ; dt = 8.6199e-04 ; 18 % ; [0.052940, 0]
step:2200 ; t = 1.8770e+00 ; dt = 8.6199e-04 ; 18 % ; [0.052940, 0]
step:2200 ; t = 1.8770e+00 ; dt = 8.6199e-04 ; 18 % ; [0.052940, 0]
step:2200 ; t = 1.8770e+00 ; dt = 8.6199e-04 ; 18 % ; [0.052940, 0]
step:2200 ; t = 1.8770e+00 ; dt = 8.6199e-04 ; 18 % ; [0.052940, 0]
step:2200 ; t = 1.8770e+00 ; dt = 8.6199e-04 ; 18 % ; [0.052940, 0]
step:2300 ; t = 1.9632e+00 ; dt = 8.6159e-04 ; 19 % ; [0.046530, 0]
step:2300 ; t = 1.9632e+00 ; dt = 8.6159e-04 ; 19 % ; [0.046530, 0]
step:2300 ; t = 1.9632e+00 ; dt = 8.6159e-04 ; 19 % ; [0.046530, 0]
step:2300 ; t = 1.9632e+00 ; dt = 8.6159e-04 ; 19 % ; [0.046530, 0]
step:2300 ; t = 1.9632e+00 ; dt = 8.6159e-04 ; 19 % ; [0.046530, 0]
step:2300 ; t = 1.9632e+00 ; dt = 8.6159e-04 ; 19 % ; [0.046530, 0]
step:2300 ; t = 1.9632e+00 ; dt = 8.6159e-04 ; 19 % ; [0.046530, 0]
step:2300 ; t = 1.9632e+00 ; dt = 8.6159e-04 ; 19 % ; [0.046530, 0]
> Writing file #2 (dbl) to disk...
> Writing file #2 (dbl) to disk...
> Writing file #2 (dbl) to disk...
> Writing file #2 (dbl) to disk...
> Writing file #2 (dbl) to disk...> Writing file #2 (dbl) to disk...

> Writing file #2 (dbl) to disk...
> Writing file #2 (dbl) to disk...
step:2400 ; t = 2.0493e+00 ; dt = 8.5948e-04 ; 20 % ; [0.038043, 0]
step:2400 ; t = 2.0493e+00 ; dt = 8.5948e-04 ; 20 % ; [0.038043, 0]
step:2400 ; t = 2.0493e+00 ; dt = 8.5948e-04 ; 20 % ; [0.038043, 0]
step:2400 ; t = 2.0493e+00 ; dt = 8.5948e-04 ; 20 % ; [0.038043, 0]
step:2400 ; t = 2.0493e+00 ; dt = 8.5948e-04 ; 20 % ; [0.038043, 0]
step:2400 ; t = 2.0493e+00 ; dt = 8.5948e-04 ; 20 % ; [0.038043, 0]
step:2400 ; t = 2.0493e+00 ; dt = 8.5948e-04 ; 20 % ; [0.038043, 0]
step:2400 ; t = 2.0493e+00 ; dt = 8.5948e-04 ; 20 % ; [0.038043, 0]
step:2500 ; t = 2.1351e+00 ; dt = 8.5707e-04 ; 21 % ; [0.042391, 0]
step:2500 ; t = 2.1351e+00 ; dt = 8.5707e-04 ; 21 % ; [0.042391, 0]
step:2500 ; t = 2.1351e+00 ; dt = 8.5707e-04 ; 21 % ; [0.042391, 0]
step:2500 ; t = 2.1351e+00 ; dt = 8.5707e-04 ; 21 % ; [0.042391, 0]
step:2500 ; t = 2.1351e+00 ; dt = 8.5707e-04 ; 21 % ; [0.042391, 0]
step:2500 ; t = 2.1351e+00 ; dt = 8.5707e-04 ; 21 % ; [0.042391, 0]
step:2500 ; t = 2.1351e+00 ; dt = 8.5707e-04 ; 21 % ; [0.042391, 0]
step:2500 ; t = 2.1351e+00 ; dt = 8.5707e-04 ; 21 % ; [0.042391, 0]
step:2600 ; t = 2.2207e+00 ; dt = 8.5519e-04 ; 22 % ; [0.043575, 0]
step:2600 ; t = 2.2207e+00 ; dt = 8.5519e-04 ; 22 % ; [0.043575, 0]
step:2600 ; t = 2.2207e+00 ; dt = 8.5519e-04 ; 22 % ; [0.043575, 0]
step:2600 ; t = 2.2207e+00 ; dt = 8.5519e-04 ; 22 % ; [0.043575, 0]
step:2600 ; t = 2.2207e+00 ; dt = 8.5519e-04 ; 22 % ; [0.043575, 0]
step:2600 ; t = 2.2207e+00 ; dt = 8.5519e-04 ; 22 % ; [0.043575, 0]
step:2600 ; t = 2.2207e+00 ; dt = 8.5519e-04 ; 22 % ; [0.043575, 0]
step:2600 ; t = 2.2207e+00 ; dt = 8.5519e-04 ; 22 % ; [0.043575, 0]
step:2700 ; t = 2.3062e+00 ; dt = 8.5425e-04 ; 23 % ; [0.040757, 0]
step:2700 ; t = 2.3062e+00 ; dt = 8.5425e-04 ; 23 % ; [0.040757, 0]
step:2700 ; t = 2.3062e+00 ; dt = 8.5425e-04 ; 23 % ; [0.040757, 0]
step:2700 ; t = 2.3062e+00 ; dt = 8.5425e-04 ; 23 % ; [0.040757, 0]
step:2700 ; t = 2.3062e+00 ; dt = 8.5425e-04 ; 23 % ; [0.040757, 0]
step:2700 ; t = 2.3062e+00 ; dt = 8.5425e-04 ; 23 % ; [0.040757, 0]
step:2700 ; t = 2.3062e+00 ; dt = 8.5425e-04 ; 23 % ; [0.040757, 0]
step:2700 ; t = 2.3062e+00 ; dt = 8.5425e-04 ; 23 % ; [0.040757, 0]
step:2800 ; t = 2.3916e+00 ; dt = 8.5437e-04 ; 23 % ; [0.033649, 0]
step:2800 ; t = 2.3916e+00 ; dt = 8.5437e-04 ; 23 % ; [0.033649, 0]
step:2800 ; t = 2.3916e+00 ; dt = 8.5437e-04 ; 23 % ; [0.033649, 0]
step:2800 ; t = 2.3916e+00 ; dt = 8.5437e-04 ; 23 % ; [0.033649, 0]
step:2800 ; t = 2.3916e+00 ; dt = 8.5437e-04 ; 23 % ; [0.033649, 0]
step:2800 ; t = 2.3916e+00 ; dt = 8.5437e-04 ; 23 % ; [0.033649, 0]
step:2800 ; t = 2.3916e+00 ; dt = 8.5437e-04 ; 23 % ; [0.033649, 0]
step:2800 ; t = 2.3916e+00 ; dt = 8.5437e-04 ; 23 % ; [0.033649, 0]
step:2900 ; t = 2.4771e+00 ; dt = 8.5751e-04 ; 24 % ; [0.025240, 0]
step:2900 ; t = 2.4771e+00 ; dt = 8.5751e-04 ; 24 % ; [0.025240, 0]
step:2900 ; t = 2.4771e+00 ; dt = 8.5751e-04 ; 24 % ; [0.025240, 0]
step:2900 ; t = 2.4771e+00 ; dt = 8.5751e-04 ; 24 % ; [0.025240, 0]
step:2900 ; t = 2.4771e+00 ; dt = 8.5751e-04 ; 24 % ; [0.025240, 0]
step:2900 ; t = 2.4771e+00 ; dt = 8.5751e-04 ; 24 % ; [0.025240, 0]
step:2900 ; t = 2.4771e+00 ; dt = 8.5751e-04 ; 24 % ; [0.025240, 0]
step:2900 ; t = 2.4771e+00 ; dt = 8.5751e-04 ; 24 % ; [0.025240, 0]
step:3000 ; t = 2.5630e+00 ; dt = 8.5980e-04 ; 25 % ; [0.024404, 0]
step:3000 ; t = 2.5630e+00 ; dt = 8.5980e-04 ; 25 % ; [0.024404, 0]
step:3000 ; t = 2.5630e+00 ; dt = 8.5980e-04 ; 25 % ; [0.024404, 0]
step:3000 ; t = 2.5630e+00 ; dt = 8.5980e-04 ; 25 % ; [0.024404, 0]
step:3000 ; t = 2.5630e+00 ; dt = 8.5980e-04 ; 25 % ; [0.024404, 0]
step:3000 ; t = 2.5630e+00 ; dt = 8.5980e-04 ; 25 % ; [0.024404, 0]
step:3000 ; t = 2.5630e+00 ; dt = 8.5980e-04 ; 25 % ; [0.024404, 0]
step:3000 ; t = 2.5630e+00 ; dt = 8.5980e-04 ; 25 % ; [0.024404, 0]
step:3100 ; t = 2.6490e+00 ; dt = 8.5920e-04 ; 26 % ; [0.025636, 0]
step:3100 ; t = 2.6490e+00 ; dt = 8.5920e-04 ; 26 % ; [0.025636, 0]
step:3100 ; t = 2.6490e+00 ; dt = 8.5920e-04 ; 26 % ; [0.025636, 0]
step:3100 ; t = 2.6490e+00 ; dt = 8.5920e-04 ; 26 % ; [0.025636, 0]
step:3100 ; t = 2.6490e+00 ; dt = 8.5920e-04 ; 26 % ; [0.025636, 0]
step:3100 ; t = 2.6490e+00 ; dt = 8.5920e-04 ; 26 % ; [0.025636, 0]
step:3100 ; t = 2.6490e+00 ; dt = 8.5920e-04 ; 26 % ; [0.025636, 0]
step:3100 ; t = 2.6490e+00 ; dt = 8.5920e-04 ; 26 % ; [0.025636, 0]
step:3200 ; t = 2.7348e+00 ; dt = 8.5650e-04 ; 27 % ; [0.027319, 0]
step:3200 ; t = 2.7348e+00 ; dt = 8.5650e-04 ; 27 % ; [0.027319, 0]
step:3200 ; t = 2.7348e+00 ; dt = 8.5650e-04 ; 27 % ; [0.027319, 0]
step:3200 ; t = 2.7348e+00 ; dt = 8.5650e-04 ; 27 % ; [0.027319, 0]
step:3200 ; t = 2.7348e+00 ; dt = 8.5650e-04 ; 27 % ; [0.027319, 0]
step:3200 ; t = 2.7348e+00 ; dt = 8.5650e-04 ; 27 % ; [0.027319, 0]
step:3200 ; t = 2.7348e+00 ; dt = 8.5650e-04 ; 27 % ; [0.027319, 0]
step:3200 ; t = 2.7348e+00 ; dt = 8.5650e-04 ; 27 % ; [0.027319, 0]
step:3300 ; t = 2.8203e+00 ; dt = 8.5415e-04 ; 28 % ; [0.027370, 0]
step:3300 ; t = 2.8203e+00 ; dt = 8.5415e-04 ; 28 % ; [0.027370, 0]
step:3300 ; t = 2.8203e+00 ; dt = 8.5415e-04 ; 28 % ; [0.027370, 0]
step:3300 ; t = 2.8203e+00 ; dt = 8.5415e-04 ; 28 % ; [0.027370, 0]
step:3300 ; t = 2.8203e+00 ; dt = 8.5415e-04 ; 28 % ; [0.027370, 0]
step:3300 ; t = 2.8203e+00 ; dt = 8.5415e-04 ; 28 % ; [0.027370, 0]
step:3300 ; t = 2.8203e+00 ; dt = 8.5415e-04 ; 28 % ; [0.027370, 0]
step:3300 ; t = 2.8203e+00 ; dt = 8.5415e-04 ; 28 % ; [0.027370, 0]
step:3400 ; t = 2.9057e+00 ; dt = 8.5312e-04 ; 29 % ; [0.026345, 0]
step:3400 ; t = 2.9057e+00 ; dt = 8.5312e-04 ; 29 % ; [0.026345, 0]
step:3400 ; t = 2.9057e+00 ; dt = 8.5312e-04 ; 29 % ; [0.026345, 0]
step:3400 ; t = 2.9057e+00 ; dt = 8.5312e-04 ; 29 % ; [0.026345, 0]
step:3400 ; t = 2.9057e+00 ; dt = 8.5312e-04 ; 29 % ; [0.026345, 0]
step:3400 ; t = 2.9057e+00 ; dt = 8.5312e-04 ; 29 % ; [0.026345, 0]
step:3400 ; t = 2.9057e+00 ; dt = 8.5312e-04 ; 29 % ; [0.026345, 0]
step:3400 ; t = 2.9057e+00 ; dt = 8.5312e-04 ; 29 % ; [0.026345, 0]
step:3500 ; t = 2.9910e+00 ; dt = 8.5431e-04 ; 29 % ; [0.031463, 0]
step:3500 ; t = 2.9910e+00 ; dt = 8.5431e-04 ; 29 % ; [0.031463, 0]
step:3500 ; t = 2.9910e+00 ; dt = 8.5431e-04 ; 29 % ; [0.031463, 0]
> Writing file #3 (dbl) to disk...
step:3500 ; t = 2.9910e+00 ; dt = 8.5431e-04 ; 29 % ; [0.031463, 0]
step:3500 ; t = 2.9910e+00 ; dt = 8.5431e-04 ; 29 % ; [0.031463, 0]
step:3500 ; t = 2.9910e+00 ; dt = 8.5431e-04 ; 29 % ; [0.031463, 0]
> Writing file #3 (dbl) to disk...
> Writing file #3 (dbl) to disk...
> Writing file #3 (dbl) to disk...
> Writing file #3 (dbl) to disk...
step:3500 ; t = 2.9910e+00 ; dt = 8.5431e-04 ; 29 % ; [0.031463, 0]
step:3500 ; t = 2.9910e+00 ; dt = 8.5431e-04 ; 29 % ; [0.031463, 0]
> Writing file #3 (dbl) to disk...
> Writing file #3 (dbl) to disk...
> Writing file #3 (dbl) to disk...
step:3600 ; t = 3.0766e+00 ; dt = 8.5833e-04 ; 30 % ; [0.031906, 0]
step:3600 ; t = 3.0766e+00 ; dt = 8.5833e-04 ; 30 % ; [0.031906, 0]
step:3600 ; t = 3.0766e+00 ; dt = 8.5833e-04 ; 30 % ; [0.031906, 0]
step:3600 ; t = 3.0766e+00 ; dt = 8.5833e-04 ; 30 % ; [0.031906, 0]
step:3600 ; t = 3.0766e+00 ; dt = 8.5833e-04 ; 30 % ; [0.031906, 0]
step:3600 ; t = 3.0766e+00 ; dt = 8.5833e-04 ; 30 % ; [0.031906, 0]
step:3600 ; t = 3.0766e+00 ; dt = 8.5833e-04 ; 30 % ; [0.031906, 0]
step:3600 ; t = 3.0766e+00 ; dt = 8.5833e-04 ; 30 % ; [0.031906, 0]
step:3700 ; t = 3.1626e+00 ; dt = 8.6129e-04 ; 31 % ; [0.027671, 0]
step:3700 ; t = 3.1626e+00 ; dt = 8.6129e-04 ; 31 % ; [0.027671, 0]
step:3700 ; t = 3.1626e+00 ; dt = 8.6129e-04 ; 31 % ; [0.027671, 0]
step:3700 ; t = 3.1626e+00 ; dt = 8.6129e-04 ; 31 % ; [0.027671, 0]
step:3700 ; t = 3.1626e+00 ; dt = 8.6129e-04 ; 31 % ; [0.027671, 0]
step:3700 ; t = 3.1626e+00 ; dt = 8.6129e-04 ; 31 % ; [0.027671, 0]
step:3700 ; t = 3.1626e+00 ; dt = 8.6129e-04 ; 31 % ; [0.027671, 0]
step:3700 ; t = 3.1626e+00 ; dt = 8.6129e-04 ; 31 % ; [0.027671, 0]
step:3800 ; t = 3.2488e+00 ; dt = 8.6200e-04 ; 32 % ; [0.025028, 0]
step:3800 ; t = 3.2488e+00 ; dt = 8.6200e-04 ; 32 % ; [0.025028, 0]
step:3800 ; t = 3.2488e+00 ; dt = 8.6200e-04 ; 32 % ; [0.025028, 0]
step:3800 ; t = 3.2488e+00 ; dt = 8.6200e-04 ; 32 % ; [0.025028, 0]
step:3800 ; t = 3.2488e+00 ; dt = 8.6200e-04 ; 32 % ; [0.025028, 0]
step:3800 ; t = 3.2488e+00 ; dt = 8.6200e-04 ; 32 % ; [0.025028, 0]
step:3800 ; t = 3.2488e+00 ; dt = 8.6200e-04 ; 32 % ; [0.025028, 0]
step:3800 ; t = 3.2488e+00 ; dt = 8.6200e-04 ; 32 % ; [0.025028, 0]
step:3900 ; t = 3.3350e+00 ; dt = 8.6040e-04 ; 33 % ; [0.025791, 0]
step:3900 ; t = 3.3350e+00 ; dt = 8.6040e-04 ; 33 % ; [0.025791, 0]
step:3900 ; t = 3.3350e+00 ; dt = 8.6040e-04 ; 33 % ; [0.025791, 0]
step:3900 ; t = 3.3350e+00 ; dt = 8.6040e-04 ; 33 % ; [0.025791, 0]
step:3900 ; t = 3.3350e+00 ; dt = 8.6040e-04 ; 33 % ; [0.025791, 0]
step:3900 ; t = 3.3350e+00 ; dt = 8.6040e-04 ; 33 % ; [0.025791, 0]
step:3900 ; t = 3.3350e+00 ; dt = 8.6040e-04 ; 33 % ; [0.025791, 0]
step:3900 ; t = 3.3350e+00 ; dt = 8.6040e-04 ; 33 % ; [0.025791, 0]
step:4000 ; t = 3.4209e+00 ; dt = 8.5792e-04 ; 34 % ; [0.024516, 0]
step:4000 ; t = 3.4209e+00 ; dt = 8.5792e-04 ; 34 % ; [0.024516, 0]
step:4000 ; t = 3.4209e+00 ; dt = 8.5792e-04 ; 34 % ; [0.024516, 0]
step:4000 ; t = 3.4209e+00 ; dt = 8.5792e-04 ; 34 % ; [0.024516, 0]
step:4000 ; t = 3.4209e+00 ; dt = 8.5792e-04 ; 34 % ; [0.024516, 0]
step:4000 ; t = 3.4209e+00 ; dt = 8.5792e-04 ; 34 % ; [0.024516, 0]
step:4000 ; t = 3.4209e+00 ; dt = 8.5792e-04 ; 34 % ; [0.024516, 0]
step:4000 ; t = 3.4209e+00 ; dt = 8.5792e-04 ; 34 % ; [0.024516, 0]
step:4100 ; t = 3.5066e+00 ; dt = 8.5590e-04 ; 35 % ; [0.025742, 0]
step:4100 ; t = 3.5066e+00 ; dt = 8.5590e-04 ; 35 % ; [0.025742, 0]
step:4100 ; t = 3.5066e+00 ; dt = 8.5590e-04 ; 35 % ; [0.025742, 0]
step:4100 ; t = 3.5066e+00 ; dt = 8.5590e-04 ; 35 % ; [0.025742, 0]
step:4100 ; t = 3.5066e+00 ; dt = 8.5590e-04 ; 35 % ; [0.025742, 0]
step:4100 ; t = 3.5066e+00 ; dt = 8.5590e-04 ; 35 % ; [0.025742, 0]
step:4100 ; t = 3.5066e+00 ; dt = 8.5590e-04 ; 35 % ; [0.025742, 0]
step:4100 ; t = 3.5066e+00 ; dt = 8.5590e-04 ; 35 % ; [0.025742, 0]
step:4200 ; t = 3.5921e+00 ; dt = 8.5472e-04 ; 35 % ; [0.024944, 0]
step:4200 ; t = 3.5921e+00 ; dt = 8.5472e-04 ; 35 % ; [0.024944, 0]
step:4200 ; t = 3.5921e+00 ; dt = 8.5472e-04 ; 35 % ; [0.024944, 0]
step:4200 ; t = 3.5921e+00 ; dt = 8.5472e-04 ; 35 % ; [0.024944, 0]
step:4200 ; t = 3.5921e+00 ; dt = 8.5472e-04 ; 35 % ; [0.024944, 0]
step:4200 ; t = 3.5921e+00 ; dt = 8.5472e-04 ; 35 % ; [0.024944, 0]
step:4200 ; t = 3.5921e+00 ; dt = 8.5472e-04 ; 35 % ; [0.024944, 0]
step:4200 ; t = 3.5921e+00 ; dt = 8.5472e-04 ; 35 % ; [0.024944, 0]
step:4300 ; t = 3.6775e+00 ; dt = 8.5440e-04 ; 36 % ; [0.022187, 0]
step:4300 ; t = 3.6775e+00 ; dt = 8.5440e-04 ; 36 % ; [0.022187, 0step:4300 ; t = 3.6775e+00 ; dt = 8.5440e-04 ; 36 % ; [0.022187, 0]
]
step:4300 ; t = 3.6775e+00 ; dt = 8.5440e-04 ; 36 % ; [0.022187, 0]
step:4300 ; t = 3.6775e+00 ; dt = 8.5440e-04 ; 36 % ; [0.022187, 0]
step:4300 ; t = 3.6775e+00 ; dt = 8.5440e-04 ; 36 % ; [0.022187, 0]
step:4300 ; t = 3.6775e+00 ; dt = 8.5440e-04 ; 36 % ; [0.022187, 0]
step:4300 ; t = 3.6775e+00 ; dt = 8.5440e-04 ; 36 % ; [0.022187, 0]
step:4400 ; t = 3.7631e+00 ; dt = 8.5709e-04 ; 37 % ; [0.020648, 0]
step:4400 ; t = 3.7631e+00 ; dt = 8.5709e-04 ; 37 % ; [0.020648, 0]
step:4400 ; t = 3.7631e+00 ; dt = 8.5709e-04 ; 37 % ; [0.020648, 0]
step:4400 ; t = 3.7631e+00 ; dt = 8.5709e-04 ; 37 % ; [0.020648, 0]
step:4400 ; t = 3.7631e+00 ; dt = 8.5709e-04 ; 37 % ; [0.020648, 0]
step:4400 ; t = 3.7631e+00 ; dt = 8.5709e-04 ; 37 % ; [0.020648, 0]
step:4400 ; t = 3.7631e+00 ; dt = 8.5709e-04 ; 37 % ; [0.020648, 0]
step:4400 ; t = 3.7631e+00 ; dt = 8.5709e-04 ; 37 % ; [0.020648, 0]
step:4500 ; t = 3.8490e+00 ; dt = 8.6010e-04 ; 38 % ; [0.027613, 0]
step:4500 ; t = 3.8490e+00 ; dt = 8.6010e-04 ; 38 % ; [0.027613, 0]
step:4500 ; t = 3.8490e+00 ; dt = 8.6010e-04 ; 38 % ; [0.027613, 0]
step:4500 ; t = 3.8490e+00 ; dt = 8.6010e-04 ; 38 % ; [0.027613, 0]
step:4500 ; t = 3.8490e+00 ; dt = 8.6010e-04 ; 38 % ; [0.027613, 0]
step:4500 ; t = 3.8490e+00 ; dt = 8.6010e-04 ; 38 % ; [0.027613, 0]
step:4500 ; t = 3.8490e+00 ; dt = 8.6010e-04 ; 38 % ; [0.027613, 0]
step:4500 ; t = 3.8490e+00 ; dt = 8.6010e-04 ; 38 % ; [0.027613, 0]
step:4600 ; t = 3.9350e+00 ; dt = 8.6034e-04 ; 39 % ; [0.032926, 0]
step:4600 ; t = 3.9350e+00 ; dt = 8.6034e-04 ; 39 % ; [0.032926, 0]
step:4600 ; t = 3.9350e+00 ; dt = 8.6034e-04 ; 39 % ; [0.032926, 0]
step:4600 ; t = 3.9350e+00 ; dt = 8.6034e-04 ; 39 % ; [0.032926, 0]
step:4600 ; t = 3.9350e+00 ; dt = 8.6034e-04 ; 39 % ; [0.032926, 0]
step:4600 ; t = 3.9350e+00 ; dt = 8.6034e-04 ; 39 % ; [0.032926, 0]
step:4600 ; t = 3.9350e+00 ; dt = 8.6034e-04 ; 39 % ; [0.032926, 0]
step:4600 ; t = 3.9350e+00 ; dt = 8.6034e-04 ; 39 % ; [0.032926, 0]
> Writing file #4 (dbl) to disk...
> Writing file #4 (dbl) to disk...
> Writing file #4 (dbl) to disk...> Writing file #4 (dbl) to disk...

> Writing file #4 (dbl) to disk...
> Writing file #4 (dbl) to disk...
step:4700 ; t = 4.0209e+00 ; dt = 8.5751e-04 ; 40 % ; [0.035918, 0]
> Writing file #4 (dbl) to disk...
> Writing file #4 (dbl) to disk...
step:4700 ; t = 4.0209e+00 ; dt = 8.5751e-04 ; 40 % ; [0.035918, 0]
step:4700 ; t = 4.0209e+00 ; dt = 8.5751e-04 ; 40 % ; [0.035918, 0]
step:4700 ; t = 4.0209e+00 ; dt = 8.5751e-04 ; 40 % ; [0.035918, 0]
step:4700 ; t = 4.0209e+00 ; dt = 8.5751e-04 ; 40 % ; [0.035918, 0]
step:4700 ; t = 4.0209e+00 ; dt = 8.5751e-04 ; 40 % ; [0.035918, 0]
step:4700 ; t = 4.0209e+00 ; dt = 8.5751e-04 ; 40 % ; [0.035918, 0]
step:4700 ; t = 4.0209e+00 ; dt = 8.5751e-04 ; 40 % ; [0.035918, 0]
step:4800 ; t = 4.1065e+00 ; dt = 8.5418e-04 ; 41 % ; [0.037871, 0]
step:4800 ; t = 4.1065e+00 ; dt = 8.5418e-04 ; 41 % ; [0.037871, 0]
step:4800 ; t = 4.1065e+00 ; dt = 8.5418e-04 ; 41 % ; [0.037871, 0]
step:4800 ; t = 4.1065e+00 ; dt = 8.5418e-04 ; 41 % ; [0.037871, 0]
step:4800 ; t = 4.1065e+00 ; dt = 8.5418e-04 ; 41 % ; [0.037871, 0]
step:4800 ; t = 4.1065e+00 ; dt = 8.5418e-04 ; 41 % ; [0.037871, 0]
step:4800 ; t = 4.1065e+00 ; dt = 8.5418e-04 ; 41 % ; [0.037871, 0]
step:4800 ; t = 4.1065e+00 ; dt = 8.5418e-04 ; 41 % ; [0.037871, 0]
step:4900 ; t = 4.1918e+00 ; dt = 8.5199e-04 ; 41 % ; [0.037580, 0]
step:4900 ; t = 4.1918e+00 ; dt = 8.5199e-04 ; 41 % ; [0.037580, 0]
step:4900 ; t = 4.1918e+00 ; dt = 8.5199e-04 ; 41 % ; [0.037580, 0]
step:4900 ; t = 4.1918e+00 ; dt = 8.5199e-04 ; 41 % ; [0.037580, 0]
step:4900 ; t = 4.1918e+00 ; dt = 8.5199e-04 ; 41 % ; [0.037580, 0]
step:4900 ; t = 4.1918e+00 ; dt = 8.5199e-04 ; 41 % ; [0.037580, 0]
step:4900 ; t = 4.1918e+00 ; dt = 8.5199e-04 ; 41 % ; [0.037580, 0]
step:4900 ; t = 4.1918e+00 ; dt = 8.5199e-04 ; 41 % ; [0.037580, 0]
step:5000 ; t = 4.2769e+00 ; dt = 8.5138e-04 ; 42 % ; [0.044634, 0]
step:5000 ; t = 4.2769e+00 ; dt = 8.5138e-04 ; 42 % ; [0.044634, 0]
step:5000 ; t = 4.2769e+00 ; dt = 8.5138e-04 ; 42 % ; [0.044634, 0]
step:5000 ; t = 4.2769e+00 ; dt = 8.5138e-04 ; 42 % ; [0.044634, 0]
step:5000 ; t = 4.2769e+00 ; dt = 8.5138e-04 ; 42 % ; [0.044634, 0]
step:5000 ; t = 4.2769e+00 ; dt = 8.5138e-04 ; 42 % ; [0.044634, 0]
step:5000 ; t = 4.2769e+00 ; dt = 8.5138e-04 ; 42 % ; [0.044634, 0]
step:5000 ; t = 4.2769e+00 ; dt = 8.5138e-04 ; 42 % ; [0.044634, 0]
step:5100 ; t = 4.3622e+00 ; dt = 8.5468e-04 ; 43 % ; [0.048970, 0]
step:5100 ; t = 4.3622e+00 ; dt = 8.5468e-04 ; 43 % ; [0.048970, 0]
step:5100 ; t = 4.3622e+00 ; dt = 8.5468e-04 ; 43 % ; [0.048970, 0]
step:5100 ; t = 4.3622e+00 ; dt = 8.5468e-04 ; 43 % ; [0.048970, 0]
step:5100 ; t = 4.3622e+00 ; dt = 8.5468e-04 ; 43 % ; [0.048970, 0]
step:5100 ; t = 4.3622e+00 ; dt = 8.5468e-04 ; 43 % ; [0.048970, 0]
step:5100 ; t = 4.3622e+00 ; dt = 8.5468e-04 ; 43 % ; [0.048970, 0]
step:5100 ; t = 4.3622e+00 ; dt = 8.5468e-04 ; 43 % ; [0.048970, 0]
step:5200 ; t = 4.4479e+00 ; dt = 8.5896e-04 ; 44 % ; [0.040027, 0]
step:5200 ; t = 4.4479e+00 ; dt = 8.5896e-04 ; 44 % ; [0.040027, 0]
step:5200 ; t = 4.4479e+00 ; dt = 8.5896e-04 ; 44 % ; [0.040027, 0]
step:5200 ; t = 4.4479e+00 ; dt = 8.5896e-04 ; 44 % ; [0.040027, 0]
step:5200 ; t = 4.4479e+00 ; dt = 8.5896e-04 ; 44 % ; [0.040027, 0]
step:5200 ; t = 4.4479e+00 ; dt = 8.5896e-04 ; 44 % ; [0.040027, 0]
step:5200 ; t = 4.4479e+00 ; dt = 8.5896e-04 ; 44 % ; [0.040027, 0]
step:5200 ; t = 4.4479e+00 ; dt = 8.5896e-04 ; 44 % ; [0.040027, 0]
step:5300 ; t = 4.5339e+00 ; dt = 8.6091e-04 ; 45 % ; [0.032884, 0]
step:5300 ; t = 4.5339e+00 ; dt = 8.6091e-04 ; 45 % ; [0.032884, 0]
step:5300 ; t = 4.5339e+00 ; dt = 8.6091e-04 ; 45 % ; [0.032884, 0]
step:5300 ; t = 4.5339e+00 ; dt = 8.6091e-04 ; 45 % ; [0.032884, 0]
step:5300 ; t = 4.5339e+00 ; dt = 8.6091e-04 ; 45 % ; [0.032884, 0]
step:5300 ; t = 4.5339e+00 ; dt = 8.6091e-04 ; 45 % ; [0.032884, 0]
step:5300 ; t = 4.5339e+00 ; dt = 8.6091e-04 ; 45 % ; [0.032884, 0]
step:5300 ; t = 4.5339e+00 ; dt = 8.6091e-04 ; 45 % ; [0.032884, 0]
step:5400 ; t = 4.6200e+00 ; dt = 8.6032e-04 ; 46 % ; [0.034489, 0]
step:5400 ; t = 4.6200e+00 ; dt = 8.6032e-04 ; 46 % ; [0.034489, 0]
step:5400 ; t = 4.6200e+00 ; dt = 8.6032e-04 ; 46 % ; [0.034489, 0]
step:5400 ; t = 4.6200e+00 ; dt = 8.6032e-04 ; 46 % ; [0.034489, 0]
step:5400 ; t = 4.6200e+00 ; dt = 8.6032e-04 ; 46 % ; [0.034489, 0]
step:5400 ; t = 4.6200e+00 ; dt = 8.6032e-04 ; 46 % ; [0.034489, 0]
step:5400 ; t = 4.6200e+00 ; dt = 8.6032e-04 ; 46 % ; [0.034489, 0]
step:5400 ; t = 4.6200e+00 ; dt = 8.6032e-04 ; 46 % ; [0.034489, 0]
step:5500 ; t = 4.7059e+00 ; dt = 8.5771e-04 ; 47 % ; [0.035014, 0]
step:5500 ; t = 4.7059e+00 ; dt = 8.5771e-04 ; 47 % ; [0.035014, 0]
step:5500 ; t = 4.7059e+00 ; dt = 8.5771e-04 ; 47 % ; [0.035014, 0]
step:5500 ; t = 4.7059e+00 ; dt = 8.5771e-04 ; 47 % ; [0.035014, 0]
step:5500 ; t = 4.7059e+00 ; dt = 8.5771e-04 ; 47 % ; [0.035014, 0]
step:5500 ; t = 4.7059e+00 ; dt = 8.5771e-04 ; 47 % ; [0.035014, 0]
step:5500 ; t = 4.7059e+00 ; dt = 8.5771e-04 ; 47 % ; [0.035014, 0]
step:5500 ; t = 4.7059e+00 ; dt = 8.5771e-04 ; 47 % ; [0.035014, 0]
step:5600 ; t = 4.7916e+00 ; dt = 8.5590e-04 ; 47 % ; [0.033507, 0]
step:5600 ; t = 4.7916e+00 ; dt = 8.5590e-04 ; 47 % ; [0.033507, 0]
step:5600 ; t = 4.7916e+00 ; dt = 8.5590e-04 ; 47 % ; [0.033507, 0]
step:5600 ; t = 4.7916e+00 ; dt = 8.5590e-04 ; 47 % ; [0.033507, 0]
step:5600 ; t = 4.7916e+00 ; dt = 8.5590e-04 ; 47 % ; [0.033507, 0]
step:5600 ; t = 4.7916e+00 ; dt = 8.5590e-04 ; 47 % ; [0.033507, 0]
step:5600 ; t = 4.7916e+00 ; dt = 8.5590e-04 ; 47 % ; [0.033507, 0]
step:5600 ; t = 4.7916e+00 ; dt = 8.5590e-04 ; 47 % ; [0.033507, 0]
step:5700 ; t = 4.8771e+00 ; dt = 8.5519e-04 ; 48 % ; [0.029715, 0]
step:5700 ; t = 4.8771e+00 ; dt = 8.5519e-04 ; 48 % ; [0.029715, 0]
step:5700 ; t = 4.8771e+00 ; dt = 8.5519e-04 ; 48 % ; [0.029715, 0step:5700 ; t = 4.8771e+00 ; dt = 8.5519e-04 ; 48 % ; [0.029715, 0]
]
step:5700 ; t = 4.8771e+00 ; dt = 8.5519e-04 ; 48 % ; [0.029715, 0]
step:5700 ; t = 4.8771e+00 ; dt = 8.5519e-04 ; 48 % ; [0.029715, 0]
step:5700 ; t = 4.8771e+00 ; dt = 8.5519e-04 ; 48 % ; [0.029715, 0]
step:5700 ; t = 4.8771e+00 ; dt = 8.5519e-04 ; 48 % ; [0.029715, 0]
step:5800 ; t = 4.9627e+00 ; dt = 8.5679e-04 ; 49 % ; [0.025114, 0]
step:5800 ; t = 4.9627e+00 ; dt = 8.5679e-04 ; 49 % ; [0.025114, 0]
step:5800 ; t = 4.9627e+00 ; dt = 8.5679e-04 ; 49 % ; [0.025114, 0]
step:5800 ; t = 4.9627e+00 ; dt = 8.5679e-04 ; 49 % ; [0.025114, 0]
step:5800 ; t = 4.9627e+00 ; dt = 8.5679e-04 ; 49 % ; [0.025114, 0]
step:5800 ; t = 4.9627e+00 ; dt = 8.5679e-04 ; 49 % ; [0.025114, 0]
> Writing file #5 (dbl) to disk...step:5800 ; t = 4.9627e+00 ; dt = 8.5679e-04 ; 49 % ; [0.025114, 0]

step:5800 ; t = 4.9627e+00 ; dt = 8.5679e-04 ; 49 % ; [0.025114, 0]
> Writing file #5 (dbl) to disk...
> Writing file #5 (dbl) to disk...
> Writing file #5 (dbl) to disk...
> Writing file #5 (dbl) to disk...
> Writing file #5 (dbl) to disk...
> Writing file #5 (dbl) to disk...
> Writing file #5 (dbl) to disk...
step:5900 ; t = 5.0486e+00 ; dt = 8.6081e-04 ; 50 % ; [0.025944, 0]
step:5900 ; t = 5.0486e+00 ; dt = 8.6081e-04 ; 50 % ; [0.025944, 0]
step:5900 ; t = 5.0486e+00 ; dt = 8.6081e-04 ; 50 % ; [0.025944, 0]
step:5900 ; t = 5.0486e+00 ; dt = 8.6081e-04 ; 50 % ; [0.025944, 0]
step:5900 ; t = 5.0486e+00 ; dt = 8.6081e-04 ; 50 % ; [0.025944, 0]
step:5900 ; t = 5.0486e+00 ; dt = 8.6081e-04 ; 50 % ; [0.025944, 0]
step:5900 ; t = 5.0486e+00 ; dt = 8.6081e-04 ; 50 % ; [0.025944, 0]
step:5900 ; t = 5.0486e+00 ; dt = 8.6081e-04 ; 50 % ; [0.025944, 0]
step:6000 ; t = 5.1348e+00 ; dt = 8.6338e-04 ; 51 % ; [0.025090, 0]
step:6000 ; t = 5.1348e+00 ; dt = 8.6338e-04 ; 51 % ; [0.025090, 0]
step:6000 ; t = 5.1348e+00 ; dt = 8.6338e-04 ; 51 % ; [0.025090, 0]
step:6000 ; t = 5.1348e+00 ; dt = 8.6338e-04 ; 51 % ; [0.025090, 0]
step:6000 ; t = 5.1348e+00 ; dt = 8.6338e-04 ; 51 % ; [0.025090, 0]
step:6000 ; t = 5.1348e+00 ; dt = 8.6338e-04 ; 51 % ; [0.025090, 0]
step:6000 ; t = 5.1348e+00 ; dt = 8.6338e-04 ; 51 % ; [0.025090, 0]
step:6000 ; t = 5.1348e+00 ; dt = 8.6338e-04 ; 51 % ; [0.025090, 0]
step:6100 ; t = 5.2211e+00 ; dt = 8.6286e-04 ; 52 % ; [0.022200, 0]
step:6100 ; t = 5.2211e+00 ; dt = 8.6286e-04 ; 52 % ; [0.022200, 0]
step:6100 ; t = 5.2211e+00 ; dt = 8.6286e-04 ; 52 % ; [0.022200, 0]
step:6100 ; t = 5.2211e+00 ; dt = 8.6286e-04 ; 52 % ; [0.022200, 0]
step:6100 ; t = 5.2211e+00 ; dt = 8.6286e-04 ; 52 % ; [0.022200, 0]
step:6100 ; t = 5.2211e+00 ; dt = 8.6286e-04 ; 52 % ; [0.022200, 0]
step:6100 ; t = 5.2211e+00 ; dt = 8.6286e-04 ; 52 % ; [0.022200, 0]
step:6100 ; t = 5.2211e+00 ; dt = 8.6286e-04 ; 52 % ; [0.022200, 0]
step:6200 ; t = 5.3073e+00 ; dt = 8.5944e-04 ; 53 % ; [0.023692, 0]
step:6200 ; t = 5.3073e+00 ; dt = 8.5944e-04 ; 53 % ; [0.023692, 0]
step:6200 ; t = 5.3073e+00 ; dt = 8.5944e-04 ; 53 % ; [0.023692, 0]
step:6200 ; t = 5.3073e+00 ; dt = 8.5944e-04 ; 53 % ; [0.023692, 0]
step:6200 ; t = 5.3073e+00 ; dt = 8.5944e-04 ; 53 % ; [0.023692, 0]
step:6200 ; t = 5.3073e+00 ; dt = 8.5944e-04 ; 53 % ; [0.023692, 0]
step:6200 ; t = 5.3073e+00 ; dt = 8.5944e-04 ; 53 % ; [0.023692, 0]
step:6200 ; t = 5.3073e+00 ; dt = 8.5944e-04 ; 53 % ; [0.023692, 0]
step:6300 ; t = 5.3930e+00 ; dt = 8.5547e-04 ; 53 % ; [0.027727, 0]
step:6300 ; t = 5.3930e+00 ; dt = 8.5547e-04 ; 53 % ; [0.027727, 0]
step:6300 ; t = 5.3930e+00 ; dt = 8.5547e-04 ; 53 % ; [0.027727, 0]
step:6300 ; t = 5.3930e+00 ; dt = 8.5547e-04 ; 53 % ; [0.027727, 0]
step:6300 ; t = 5.3930e+00 ; dt = 8.5547e-04 ; 53 % ; [0.027727, 0]
step:6300 ; t = 5.3930e+00 ; dt = 8.5547e-04 ; 53 % ; [0.027727, 0]
step:6300 ; t = 5.3930e+00 ; dt = 8.5547e-04 ; 53 % ; [0.027727, 0]
step:6300 ; t = 5.3930e+00 ; dt = 8.5547e-04 ; 53 % ; [0.027727, 0]
step:6400 ; t = 5.4784e+00 ; dt = 8.5244e-04 ; 54 % ; [0.028240, 0]
step:6400 ; t = 5.4784e+00 ; dt = 8.5244e-04 ; 54 % ; [0.028240, 0]
step:6400 ; t = 5.4784e+00 ; dt = 8.5244e-04 ; 54 % ; [0.028240, 0]
step:6400 ; t = 5.4784e+00 ; dt = 8.5244e-04 ; 54 % ; [0.028240, 0]
step:6400 ; t = 5.4784e+00 ; dt = 8.5244e-04 ; 54 % ; [0.028240, 0]
step:6400 ; t = 5.4784e+00 ; dt = 8.5244e-04 ; 54 % ; [0.028240, 0]
step:6400 ; t = 5.4784e+00 ; dt = 8.5244e-04 ; 54 % ; [0.028240, 0]
step:6400 ; t = 5.4784e+00 ; dt = 8.5244e-04 ; 54 % ; [0.028240, 0]
step:6500 ; t = 5.5636e+00 ; dt = 8.5101e-04 ; 55 % ; [0.026397, 0]
step:6500 ; t = 5.5636e+00 ; dt = 8.5101e-04 ; 55 % ; [0.026397, 0]
step:6500 ; t = 5.5636e+00 ; dt = 8.5101e-04 ; 55 % ; [0.026397, 0]
step:6500 ; t = 5.5636e+00 ; dt = 8.5101e-04 ; 55 % ; [0.026397, 0]
step:6500 ; t = 5.5636e+00 ; dt = 8.5101e-04 ; 55 % ; [0.026397, 0]
step:6500 ; t = 5.5636e+00 ; dt = 8.5101e-04 ; 55 % ; [0.026397, 0]
step:6500 ; t = 5.5636e+00 ; dt = 8.5101e-04 ; 55 % ; [0.026397, 0]
step:6500 ; t = 5.5636e+00 ; dt = 8.5101e-04 ; 55 % ; [0.026397, 0]
step:6600 ; t = 5.6487e+00 ; dt = 8.5250e-04 ; 56 % ; [0.016547, 0]
step:6600 ; t = 5.6487e+00 ; dt = 8.5250e-04 ; 56 % ; [0.016547, 0]
step:6600 ; t = 5.6487e+00 ; dt = 8.5250e-04 ; 56 % ; [0.016547, 0]
step:6600 ; t = 5.6487e+00 ; dt = 8.5250e-04 ; 56 % ; [0.016547, 0]
step:6600 ; t = 5.6487e+00 ; dt = 8.5250e-04 ; 56 % ; [0.016547, 0]
step:6600 ; t = 5.6487e+00 ; dt = 8.5250e-04 ; 56 % ; [0.016547, 0]
step:6600 ; t = 5.6487e+00 ; dt = 8.5250e-04 ; 56 % ; [0.016547, 0]
step:6600 ; t = 5.6487e+00 ; dt = 8.5250e-04 ; 56 % ; [0.016547, 0]
step:6700 ; t = 5.7342e+00 ; dt = 8.5707e-04 ; 57 % ; [0.016333, 0]
step:6700 ; t = 5.7342e+00 ; dt = 8.5707e-04 ; 57 % ; [0.016333, 0]
step:6700 ; t = 5.7342e+00 ; dt = 8.5707e-04 ; 57 % ; [0.016333, 0]
step:6700 ; t = 5.7342e+00 ; dt = 8.5707e-04 ; 57 % ; [0.016333, 0]
step:6700 ; t = 5.7342e+00 ; dt = 8.5707e-04 ; 57 % ; [0.016333, 0]
step:6700 ; t = 5.7342e+00 ; dt = 8.5707e-04 ; 57 % ; [0.016333, 0]
step:6700 ; t = 5.7342e+00 ; dt = 8.5707e-04 ; 57 % ; [0.016333, 0]
step:6700 ; t = 5.7342e+00 ; dt = 8.5707e-04 ; 57 % ; [0.016333, 0]
step:6800 ; t = 5.8200e+00 ; dt = 8.5993e-04 ; 58 % ; [0.016243, 0]
step:6800 ; t = 5.8200e+00 ; dt = 8.5993e-04 ; 58 % ; [0.016243, 0]
step:6800 ; t = 5.8200e+00 ; dt = 8.5993e-04 ; 58 % ; [0.016243, 0]
step:6800 ; t = 5.8200e+00 ; dt = 8.5993e-04 ; 58 % ; [0.016243, 0]
step:6800 ; t = 5.8200e+00 ; dt = 8.5993e-04 ; 58 % ; [0.016243, 0]
step:6800 ; t = 5.8200e+00 ; dt = 8.5993e-04 ; 58 % ; [0.016243, 0]
step:6800 ; t = 5.8200e+00 ; dt = 8.5993e-04 ; 58 % ; [0.016243, 0]
step:6800 ; t = 5.8200e+00 ; dt = 8.5993e-04 ; 58 % ; [0.016243, 0]
step:6900 ; t = 5.9061e+00 ; dt = 8.5991e-04 ; 59 % ; [0.015711, 0]
step:6900 ; t = 5.9061e+00 ; dt = 8.5991e-04 ; 59 % ; [0.015711, 0]
step:6900 ; t = 5.9061e+00 ; dt = 8.5991e-04 ; 59 % ; [0.015711, 0]
step:6900 ; t = 5.9061e+00 ; dt = 8.5991e-04 ; 59 % ; [0.015711, 0]
step:6900 ; t = 5.9061e+00 ; dt = 8.5991e-04 ; 59 % ; [0.015711, 0]
step:6900 ; t = 5.9061e+00 ; dt = 8.5991e-04 ; 59 % ; [0.015711, 0]
step:6900 ; t = 5.9061e+00 ; dt = 8.5991e-04 ; 59 % ; [0.015711, 0]
step:6900 ; t = 5.9061e+00 ; dt = 8.5991e-04 ; 59 % ; [0.015711, 0]
step:7000 ; t = 5.9919e+00 ; dt = 8.5733e-04 ; 59 % ; [0.022174, 0]
> Writing file #6 (dbl) to disk...
step:7000 ; t = 5.9919e+00 ; dt = 8.5733e-04 ; 59 % ; [0.022174, 0]
step:7000 ; t = 5.9919e+00 ; dt = 8.5733e-04 ; 59 % ; [0.022174, 0]
step:7000 ; t = 5.9919e+00 ; dt = 8.5733e-04 ; 59 % ; [0.022174, 0]
> Writing file #6 (dbl) to disk...
> Writing file #6 (dbl) to disk...
step:7000 ; t = 5.9919e+00 ; dt = 8.5733e-04 ; 59 % ; [0.022174, 0]
> Writing file #6 (dbl) to disk...
step:7000 ; t = 5.9919e+00 ; dt = 8.5733e-04 ; 59 % ; [0.022174, 0]
> Writing file #6 (dbl) to disk...
> Writing file #6 (dbl) to disk...
step:7000 ; t = 5.9919e+00 ; dt = 8.5733e-04 ; 59 % ; [0.022174, 0]
step:7000 ; t = 5.9919e+00 ; dt = 8.5733e-04 ; 59 % ; [0.022174, 0]
> Writing file #6 (dbl) to disk...
> Writing file #6 (dbl) to disk...
step:7100 ; t = 6.0775e+00 ; dt = 8.5525e-04 ; 60 % ; [0.024593, 0]
step:7100 ; t = 6.0775e+00 ; dt = 8.5525e-04 ; 60 % ; [0.024593, 0]
step:7100 ; t = 6.0775e+00 ; dt = 8.5525e-04 ; 60 % ; [0.024593, 0]
step:7100 ; t = 6.0775e+00 ; dt = 8.5525e-04 ; 60 % ; [0.024593, 0]
step:7100 ; t = 6.0775e+00 ; dt = 8.5525e-04 ; 60 % ; [0.024593, 0]
step:7100 ; t = 6.0775e+00 ; dt = 8.5525e-04 ; 60 % ; [0.024593, 0]
step:7100 ; t = 6.0775e+00 ; dt = 8.5525e-04 ; 60 % ; [0.024593, 0]
step:7100 ; t = 6.0775e+00 ; dt = 8.5525e-04 ; 60 % ; [0.024593, 0]
step:7200 ; t = 6.1630e+00 ; dt = 8.5441e-04 ; 61 % ; [0.024125, 0]
step:7200 ; t = 6.1630e+00 ; dt = 8.5441e-04 ; 61 % ; [0.024125, 0]
step:7200 ; t = 6.1630e+00 ; dt = 8.5441e-04 ; 61 % ; [0.024125, 0]
step:7200 ; t = 6.1630e+00 ; dt = 8.5441e-04 ; 61 % ; [0.024125, 0]
step:7200 ; t = 6.1630e+00 ; dt = 8.5441e-04 ; 61 % ; [0.024125, 0]
step:7200 ; t = 6.1630e+00 ; dt = 8.5441e-04 ; 61 % ; [0.024125, 0]
step:7200 ; t = 6.1630e+00 ; dt = 8.5441e-04 ; 61 % ; [0.024125, 0]
step:7200 ; t = 6.1630e+00 ; dt = 8.5441e-04 ; 61 % ; [0.024125, 0]
step:7300 ; t = 6.2485e+00 ; dt = 8.5571e-04 ; 62 % ; [0.018892, 0]
step:7300 ; t = 6.2485e+00 ; dt = 8.5571e-04 ; 62 % ; [0.018892, 0]
step:7300 ; t = 6.2485e+00 ; dt = 8.5571e-04 ; 62 % ; [0.018892, 0]
step:7300 ; t = 6.2485e+00 ; dt = 8.5571e-04 ; 62 % ; [0.018892, 0]
step:7300 ; t = 6.2485e+00 ; dt = 8.5571e-04 ; 62 % ; [0.018892, 0]
step:7300 ; t = 6.2485e+00 ; dt = 8.5571e-04 ; 62 % ; [0.018892, 0]
step:7300 ; t = 6.2485e+00 ; dt = 8.5571e-04 ; 62 % ; [0.018892, 0]
step:7300 ; t = 6.2485e+00 ; dt = 8.5571e-04 ; 62 % ; [0.018892, 0]
step:7400 ; t = 6.3343e+00 ; dt = 8.5967e-04 ; 63 % ; [0.018419, 0]
step:7400 ; t = 6.3343e+00 ; dt = 8.5967e-04 ; 63 % ; [0.018419, 0]
step:7400 ; t = 6.3343e+00 ; dt = 8.5967e-04 ; 63 % ; [0.018419, 0]
step:7400 ; t = 6.3343e+00 ; dt = 8.5967e-04 ; 63 % ; [0.018419, 0]
step:7400 ; t = 6.3343e+00 ; dt = 8.5967e-04 ; 63 % ; [0.018419, 0]
step:7400 ; t = 6.3343e+00 ; dt = 8.5967e-04 ; 63 % ; [0.018419, 0]
step:7400 ; t = 6.3343e+00 ; dt = 8.5967e-04 ; 63 % ; [0.018419, 0]
step:7400 ; t = 6.3343e+00 ; dt = 8.5967e-04 ; 63 % ; [0.018419, 0]
step:7500 ; t = 6.4204e+00 ; dt = 8.6240e-04 ; 64 % ; [0.017566, 0]
step:7500 ; t = 6.4204e+00 ; dt = 8.6240e-04 ; 64 % ; [0.017566, 0]
step:7500 ; t = 6.4204e+00 ; dt = 8.6240e-04 ; 64 % ; [0.017566, 0]
step:7500 ; t = 6.4204e+00 ; dt = 8.6240e-04 ; 64 % ; [0.017566, 0]
step:7500 ; t = 6.4204e+00 ; dt = 8.6240e-04 ; 64 % ; [0.017566, 0]
step:7500 ; t = 6.4204e+00 ; dt = 8.6240e-04 ; 64 % ; [0.017566, 0]
step:7500 ; t = 6.4204e+00 ; dt = 8.6240e-04 ; 64 % ; [0.017566, 0]
step:7500 ; t = 6.4204e+00 ; dt = 8.6240e-04 ; 64 % ; [0.017566, 0]
step:7600 ; t = 6.5066e+00 ; dt = 8.6258e-04 ; 65 % ; [0.017095, 0]
step:7600 ; t = 6.5066e+00 ; dt = 8.6258e-04 ; 65 % ; [0.017095, 0]
step:7600 ; t = 6.5066e+00 ; dt = 8.6258e-04 ; 65 % ; [0.017095, 0]
step:7600 ; t = 6.5066e+00 ; dt = 8.6258e-04 ; 65 % ; [0.017095, 0]
step:7600 ; t = 6.5066e+00 ; dt = 8.6258e-04 ; 65 % ; [0.017095, 0]
step:7600 ; t = 6.5066e+00 ; dt = 8.6258e-04 ; 65 % ; [0.017095, 0]
step:7600 ; t = 6.5066e+00 ; dt = 8.6258e-04 ; 65 % ; [0.017095, 0]
step:7600 ; t = 6.5066e+00 ; dt = 8.6258e-04 ; 65 % ; [0.017095, 0]
step:7700 ; t = 6.5928e+00 ; dt = 8.6021e-04 ; 65 % ; [0.021375, 0]
step:7700 ; t = 6.5928e+00 ; dt = 8.6021e-04 ; 65 % ; [0.021375, 0]
step:7700 ; t = 6.5928e+00 ; dt = 8.6021e-04 ; 65 % ; [0.021375, 0]
step:7700 ; t = 6.5928e+00 ; dt = 8.6021e-04 ; 65 % ; [0.021375, 0]
step:7700 ; t = 6.5928e+00 ; dt = 8.6021e-04 ; 65 % ; [0.021375, 0]
step:7700 ; t = 6.5928e+00 ; dt = 8.6021e-04 ; 65 % ; [0.021375, 0]
step:7700 ; t = 6.5928e+00 ; dt = 8.6021e-04 ; 65 % ; [0.021375, 0]
step:7700 ; t = 6.5928e+00 ; dt = 8.6021e-04 ; 65 % ; [0.021375, 0]
step:7800 ; t = 6.6787e+00 ; dt = 8.5724e-04 ; 66 % ; [0.025415, 0]
step:7800 ; t = 6.6787e+00 ; dt = 8.5724e-04 ; 66 % ; [0.025415, 0]
step:7800 ; t = 6.6787e+00 ; dt = 8.5724e-04 ; 66 % ; [0.025415, 0]
step:7800 ; t = 6.6787e+00 ; dt = 8.5724e-04 ; 66 % ; [0.025415, 0]
step:7800 ; t = 6.6787e+00 ; dt = 8.5724e-04 ; 66 % ; [0.025415, 0]
step:7800 ; t = 6.6787e+00 ; dt = 8.5724e-04 ; 66 % ; [0.025415, 0]
step:7800 ; t = 6.6787e+00 ; dt = 8.5724e-04 ; 66 % ; [0.025415, 0]
step:7800 ; t = 6.6787e+00 ; dt = 8.5724e-04 ; 66 % ; [0.025415, 0]
step:7900 ; t = 6.7643e+00 ; dt = 8.5492e-04 ; 67 % ; [0.026400, 0]
step:7900 ; t = 6.7643e+00 ; dt = 8.5492e-04 ; 67 % ; [0.026400, 0]
step:7900 ; t = 6.7643e+00 ; dt = 8.5492e-04 ; 67 % ; [0.026400, 0]
step:7900 ; t = 6.7643e+00 ; dt = 8.5492e-04 ; 67 % ; [0.026400, 0]
step:7900 ; t = 6.7643e+00 ; dt = 8.5492e-04 ; 67 % ; [0.026400, 0]
step:7900 ; t = 6.7643e+00 ; dt = 8.5492e-04 ; 67 % ; [0.026400, 0]
step:7900 ; t = 6.7643e+00 ; dt = 8.5492e-04 ; 67 % ; [0.026400, 0]
step:7900 ; t = 6.7643e+00 ; dt = 8.5492e-04 ; 67 % ; [0.026400, 0]
step:8000 ; t = 6.8497e+00 ; dt = 8.5365e-04 ; 68 % ; [0.025502, 0]
step:8000 ; t = 6.8497e+00 ; dt = 8.5365e-04 ; 68 % ; [0.025502, 0]
step:8000 ; t = 6.8497e+00 ; dt = 8.5365e-04 ; 68 % ; [0.025502, 0]
step:8000 ; t = 6.8497e+00 ; dt = 8.5365e-04 ; 68 % ; [0.025502, 0]
step:8000 ; t = 6.8497e+00 ; dt = 8.5365e-04 ; 68 % ; [0.025502, 0]
step:8000 ; t = 6.8497e+00 ; dt = 8.5365e-04 ; 68 % ; [0.025502, 0]
step:8000 ; t = 6.8497e+00 ; dt = 8.5365e-04 ; 68 % ; [0.025502, 0]
step:8000 ; t = 6.8497e+00 ; dt = 8.5365e-04 ; 68 % ; [0.025502, 0]
step:8100 ; t = 6.9350e+00 ; dt = 8.5388e-04 ; 69 % ; [0.017010, 0]
step:8100 ; t = 6.9350e+00 ; dt = 8.5388e-04 ; 69 % ; [0.017010, 0]
step:8100 ; t = 6.9350e+00 ; dt = 8.5388e-04 ; 69 % ; [0.017010, 0]
step:8100 ; t = 6.9350e+00 ; dt = 8.5388e-04 ; 69 % ; [0.017010, 0]
step:8100 ; t = 6.9350e+00 ; dt = 8.5388e-04 ; 69 % ; [0.017010, 0]
step:8100 ; t = 6.9350e+00 ; dt = 8.5388e-04 ; 69 % ; [0.017010, 0]
step:8100 ; t = 6.9350e+00 ; dt = 8.5388e-04 ; 69 % ; [0.017010, 0]
step:8100 ; t = 6.9350e+00 ; dt = 8.5388e-04 ; 69 % ; [0.017010, 0]
> Writing file #7 (dbl) to disk...
> Writing file #7 (dbl) to disk...
step:8200 ; t = 7.0206e+00 ; dt = 8.5739e-04 ; 70 % ; [0.017292, 0]
> Writing file #7 (dbl) to disk...
> Writing file #7 (dbl) to disk...
> Writing file #7 (dbl) to disk...
> Writing file #7 (dbl) to disk...
step:8200 ; t = 7.0206e+00 ; dt = 8.5739e-04 ; 70 % ; [0.017292, 0]
step:8200 ; t = 7.0206e+00 ; dt = 8.5739e-04 ; 70 % ; [0.017292, 0]
> Writing file #7 (dbl) to disk...
> Writing file #7 (dbl) to disk...step:8200 ; t = 7.0206e+00 ; dt = 8.5739e-04 ; 70 % ; [0.017292, 0]

step:8200 ; t = 7.0206e+00 ; dt = 8.5739e-04 ; 70 % ; [0.017292, 0]
step:8200 ; t = 7.0206e+00 ; dt = 8.5739e-04 ; 70 % ; [0.017292, 0]
step:8200 ; t = 7.0206e+00 ; dt = 8.5739e-04 ; 70 % ; [0.017292, 0]
step:8200 ; t = 7.0206e+00 ; dt = 8.5739e-04 ; 70 % ; [0.017292, 0]
step:8300 ; t = 7.1065e+00 ; dt = 8.5989e-04 ; 71 % ; [0.018224, 0]
step:8300 ; t = 7.1065e+00 ; dt = 8.5989e-04 ; 71 % ; [0.018224, 0]
step:8300 ; t = 7.1065e+00 ; dt = 8.5989e-04 ; 71 % ; [0.018224, 0]
step:8300 ; t = 7.1065e+00 ; dt = 8.5989e-04 ; 71 % ; [0.018224, 0]
step:8300 ; t = 7.1065e+00 ; dt = 8.5989e-04 ; 71 % ; [0.018224, 0]
step:8300 ; t = 7.1065e+00 ; dt = 8.5989e-04 ; 71 % ; [0.018224, 0]
step:8300 ; t = 7.1065e+00 ; dt = 8.5989e-04 ; 71 % ; [0.018224, 0]
step:8300 ; t = 7.1065e+00 ; dt = 8.5989e-04 ; 71 % ; [0.018224, 0]
step:8400 ; t = 7.1925e+00 ; dt = 8.5906e-04 ; 71 % ; [0.018739, 0]
step:8400 ; t = 7.1925e+00 ; dt = 8.5906e-04 ; 71 % ; [0.018739, 0]
step:8400 ; t = 7.1925e+00 ; dt = 8.5906e-04 ; 71 % ; [0.018739, 0]
step:8400 ; t = 7.1925e+00 ; dt = 8.5906e-04 ; 71 % ; [0.018739, 0]
step:8400 ; t = 7.1925e+00 ; dt = 8.5906e-04 ; 71 % ; [0.018739, 0]
step:8400 ; t = 7.1925e+00 ; dt = 8.5906e-04 ; 71 % ; [0.018739, 0]
step:8400 ; t = 7.1925e+00 ; dt = 8.5906e-04 ; 71 % ; [0.018739, 0]
step:8400 ; t = 7.1925e+00 ; dt = 8.5906e-04 ; 71 % ; [0.018739, 0]
step:8500 ; t = 7.2782e+00 ; dt = 8.5584e-04 ; 72 % ; [0.023332, 0]
step:8500 ; t = 7.2782e+00 ; dt = 8.5584e-04 ; 72 % ; [0.023332, 0]
step:8500 ; t = 7.2782e+00 ; dt = 8.5584e-04 ; 72 % ; [0.023332, 0]
step:8500 ; t = 7.2782e+00 ; dt = 8.5584e-04 ; 72 % ; [0.023332, 0]
step:8500 ; t = 7.2782e+00 ; dt = 8.5584e-04 ; 72 % ; [0.023332, 0]
step:8500 ; t = 7.2782e+00 ; dt = 8.5584e-04 ; 72 % ; [0.023332, 0]
step:8500 ; t = 7.2782e+00 ; dt = 8.5584e-04 ; 72 % ; [0.023332, 0]
step:8500 ; t = 7.2782e+00 ; dt = 8.5584e-04 ; 72 % ; [0.023332, 0]
step:8600 ; t = 7.3636e+00 ; dt = 8.5285e-04 ; 73 % ; [0.026004, 0]
step:8600 ; t = 7.3636e+00 ; dt = 8.5285e-04 ; 73 % ; [0.026004, 0]
step:8600 ; t = 7.3636e+00 ; dt = 8.5285e-04 ; 73 % ; [0.026004, 0]
step:8600 ; t = 7.3636e+00 ; dt = 8.5285e-04 ; 73 % ; [0.026004, 0]
step:8600 ; t = 7.3636e+00 ; dt = 8.5285e-04 ; 73 % ; [0.026004, 0]
step:8600 ; t = 7.3636e+00 ; dt = 8.5285e-04 ; 73 % ; [0.026004, 0]
step:8600 ; t = 7.3636e+00 ; dt = 8.5285e-04 ; 73 % ; [0.026004, 0]
step:8600 ; t = 7.3636e+00 ; dt = 8.5285e-04 ; 73 % ; [0.026004, 0]
step:8700 ; t = 7.4488e+00 ; dt = 8.5128e-04 ; 74 % ; [0.025431, 0]
step:8700 ; t = 7.4488e+00 ; dt = 8.5128e-04 ; 74 % ; [0.025431, 0]
step:8700 ; t = 7.4488e+00 ; dt = 8.5128e-04 ; 74 % ; [0.025431, 0]
step:8700 ; t = 7.4488e+00 ; dt = 8.5128e-04 ; 74 % ; [0.025431, 0]
step:8700 ; t = 7.4488e+00 ; dt = 8.5128e-04 ; 74 % ; [0.025431, 0]
step:8700 ; t = 7.4488e+00 ; dt = 8.5128e-04 ; 74 % ; [0.025431, 0]
step:8700 ; t = 7.4488e+00 ; dt = 8.5128e-04 ; 74 % ; [0.025431, 0]
step:8700 ; t = 7.4488e+00 ; dt = 8.5128e-04 ; 74 % ; [0.025431, 0]
step:8800 ; t = 7.5340e+00 ; dt = 8.5190e-04 ; 75 % ; [0.023249, 0]
step:8800 ; t = 7.5340e+00 ; dt = 8.5190e-04 ; 75 % ; [0.023249, 0]
step:8800 ; t = 7.5340e+00 ; dt = 8.5190e-04 ; 75 % ; [0.023249, 0]
step:8800 ; t = 7.5340e+00 ; dt = 8.5190e-04 ; 75 % ; [0.023249, 0]
step:8800 ; t = 7.5340e+00 ; dt = 8.5190e-04 ; 75 % ; [0.023249, 0]
step:8800 ; t = 7.5340e+00 ; dt = 8.5190e-04 ; 75 % ; [0.023249, 0]
step:8800 ; t = 7.5340e+00 ; dt = 8.5190e-04 ; 75 % ; [0.023249, 0]
step:8800 ; t = 7.5340e+00 ; dt = 8.5190e-04 ; 75 % ; [0.023249, 0]
step:8900 ; t = 7.6194e+00 ; dt = 8.5629e-04 ; 76 % ; [0.022967, 0]
step:8900 ; t = 7.6194e+00 ; dt = 8.5629e-04 ; 76 % ; [0.022967, 0]
step:8900 ; t = 7.6194e+00 ; dt = 8.5629e-04 ; 76 % ; [0.022967, 0]
step:8900 ; t = 7.6194e+00 ; dt = 8.5629e-04 ; 76 % ; [0.022967, 0]
step:8900 ; t = 7.6194e+00 ; dt = 8.5629e-04 ; 76 % ; [0.022967, 0]
step:8900 ; t = 7.6194e+00 ; dt = 8.5629e-04 ; 76 % ; [0.022967, 0]
step:8900 ; t = 7.6194e+00 ; dt = 8.5629e-04 ; 76 % ; [0.022967, 0]
step:8900 ; t = 7.6194e+00 ; dt = 8.5629e-04 ; 76 % ; [0.022967, 0]
step:9000 ; t = 7.7052e+00 ; dt = 8.6012e-04 ; 77 % ; [0.020597, 0]
step:9000 ; t = 7.7052e+00 ; dt = 8.6012e-04 ; 77 % ; [0.020597, 0]
step:9000 ; t = 7.7052e+00 ; dt = 8.6012e-04 ; 77 % ; [0.020597, 0]
step:9000 ; t = 7.7052e+00 ; dt = 8.6012e-04 ; 77 % ; [0.020597, 0]
step:9000 ; t = 7.7052e+00 ; dt = 8.6012e-04 ; 77 % ; [0.020597, 0]
step:9000 ; t = 7.7052e+00 ; dt = 8.6012e-04 ; 77 % ; [0.020597, 0]
step:9000 ; t = 7.7052e+00 ; dt = 8.6012e-04 ; 77 % ; [0.020597, 0]
step:9000 ; t = 7.7052e+00 ; dt = 8.6012e-04 ; 77 % ; [0.020597, 0]
step:9100 ; t = 7.7913e+00 ; dt = 8.6160e-04 ; 77 % ; [0.018584, 0]
step:9100 ; t = 7.7913e+00 ; dt = 8.6160e-04 ; 77 % ; [0.018584, 0]
step:9100 ; t = 7.7913e+00 ; dt = 8.6160e-04 ; 77 % ; [0.018584, 0]
step:9100 ; t = 7.7913e+00 ; dt = 8.6160e-04 ; 77 % ; [0.018584, 0]
step:9100 ; t = 7.7913e+00 ; dt = 8.6160e-04 ; 77 % ; [0.018584, 0]
step:9100 ; t = 7.7913e+00 ; dt = 8.6160e-04 ; 77 % ; [0.018584, 0]
step:9100 ; t = 7.7913e+00 ; dt = 8.6160e-04 ; 77 % ; [0.018584, 0]
step:9100 ; t = 7.7913e+00 ; dt = 8.6160e-04 ; 77 % ; [0.018584, 0]
step:9200 ; t = 7.8775e+00 ; dt = 8.6133e-04 ; 78 % ; [0.017646, 0]
step:9200 ; t = 7.8775e+00 ; dt = 8.6133e-04 ; 78 % ; [0.017646, 0]
step:9200 ; t = 7.8775e+00 ; dt = 8.6133e-04 ; 78 % ; [0.017646, 0]
step:9200 ; t = 7.8775e+00 ; dt = 8.6133e-04 ; 78 % ; [0.017646, 0]
step:9200 ; t = 7.8775e+00 ; dt = 8.6133e-04 ; 78 % ; [0.017646, 0]
step:9200 ; t = 7.8775e+00 ; dt = 8.6133e-04 ; 78 % ; [0.017646, 0]
step:9200 ; t = 7.8775e+00 ; dt = 8.6133e-04 ; 78 % ; [0.017646, 0]
step:9200 ; t = 7.8775e+00 ; dt = 8.6133e-04 ; 78 % ; [0.017646, 0]
step:9300 ; t = 7.9635e+00 ; dt = 8.5929e-04 ; 79 % ; [0.021697, 0]
step:9300 ; t = 7.9635e+00 ; dt = 8.5929e-04 ; 79 % ; [0.021697, 0]
step:9300 ; t = 7.9635e+00 ; dt = 8.5929e-04 ; 79 % ; [0.021697, 0]
> Writing file #8 (dbl) to disk...
step:9300 ; t = 7.9635e+00 ; dt = 8.5929e-04 ; 79 % ; [0.021697, 0]
step:9300 ; t = 7.9635e+00 ; dt = 8.5929e-04 ; 79 % ; [0.021697, 0]
step:9300 ; t = 7.9635e+00 ; dt = 8.5929e-04 ; 79 % ; [0.021697, 0]
step:9300 ; t = 7.9635e+00 ; dt = 8.5929e-04 ; 79 % ; [0.021697, 0]
> Writing file #8 (dbl) to disk...
> Writing file #8 (dbl) to disk...
step:9300 ; t = 7.9635e+00 ; dt = 8.5929e-04 ; 79 % ; [0.021697, 0]
> Writing file #8 (dbl) to disk...
> Writing file #8 (dbl) to disk...
> Writing file #8 (dbl) to disk...
step:9400 ; t = 8.0493e+00 ; dt = 8.5724e-04 ; 80 % ; [0.024464, 0]
> Writing file #8 (dbl) to disk...
> Writing file #8 (dbl) to disk...
step:9400 ; t = 8.0493e+00 ; dt = 8.5724e-04 ; 80 % ; [0.024464, 0]
step:9400 ; t = 8.0493e+00 ; dt = 8.5724e-04 ; 80 % ; [0.024464, 0]
step:9400 ; t = 8.0493e+00 ; dt = 8.5724e-04 ; 80 % ; [0.024464, 0]
step:9400 ; t = 8.0493e+00 ; dt = 8.5724e-04 ; 80 % ; [0.024464, 0]
step:9400 ; t = 8.0493e+00 ; dt = 8.5724e-04 ; 80 % ; [0.024464, 0]
step:9400 ; t = 8.0493e+00 ; dt = 8.5724e-04 ; 80 % ; [0.024464, 0]
step:9400 ; t = 8.0493e+00 ; dt = 8.5724e-04 ; 80 % ; [0.024464, 0]
step:9500 ; t = 8.1350e+00 ; dt = 8.5572e-04 ; 81 % ; [0.025036, 0]
step:9500 ; t = 8.1350e+00 ; dt = 8.5572e-04 ; 81 % ; [0.025036, 0]
step:9500 ; t = 8.1350e+00 ; dt = 8.5572e-04 ; 81 % ; [0.025036, 0]
step:9500 ; t = 8.1350e+00 ; dt = 8.5572e-04 ; 81 % ; [0.025036, 0]
step:9500 ; t = 8.1350e+00 ; dt = 8.5572e-04 ; 81 % ; [0.025036, 0]
step:9500 ; t = 8.1350e+00 ; dt = 8.5572e-04 ; 81 % ; [0.025036, 0]
step:9500 ; t = 8.1350e+00 ; dt = 8.5572e-04 ; 81 % ; [0.025036, 0]
step:9500 ; t = 8.1350e+00 ; dt = 8.5572e-04 ; 81 % ; [0.025036, 0]
step:9600 ; t = 8.2205e+00 ; dt = 8.5484e-04 ; 82 % ; [0.024486, 0]
step:9600 ; t = 8.2205e+00 ; dt = 8.5484e-04 ; 82 % ; [0.024486, 0]
step:9600 ; t = 8.2205e+00 ; dt = 8.5484e-04 ; 82 % ; [0.024486, 0]
step:9600 ; t = 8.2205e+00 ; dt = 8.5484e-04 ; 82 % ; [0.024486, 0]
step:9600 ; t = 8.2205e+00 ; dt = 8.5484e-04 ; 82 % ; [0.024486, 0]
step:9600 ; t = 8.2205e+00 ; dt = 8.5484e-04 ; 82 % ; [0.024486, 0]
step:9600 ; t = 8.2205e+00 ; dt = 8.5484e-04 ; 82 % ; [0.024486, 0]
step:9600 ; t = 8.2205e+00 ; dt = 8.5484e-04 ; 82 % ; [0.024486, 0]
step:9700 ; t = 8.3060e+00 ; dt = 8.5458e-04 ; 83 % ; [0.023491, 0]
step:9700 ; t = 8.3060e+00 ; dt = 8.5458e-04 ; 83 % ; [0.023491, 0]
step:9700 ; t = 8.3060e+00 ; dt = 8.5458e-04 ; 83 % ; [0.023491, 0]
step:9700 ; t = 8.3060e+00 ; dt = 8.5458e-04 ; 83 % ; [0.023491, 0]
step:9700 ; t = 8.3060e+00 ; dt = 8.5458e-04 ; 83 % ; [0.023491, 0]
step:9700 ; t = 8.3060e+00 ; dt = 8.5458e-04 ; 83 % ; [0.023491, 0]
step:9700 ; t = 8.3060e+00 ; dt = 8.5458e-04 ; 83 % ; [0.023491, 0]
step:9700 ; t = 8.3060e+00 ; dt = 8.5458e-04 ; 83 % ; [0.023491, 0]
step:9800 ; t = 8.3915e+00 ; dt = 8.5626e-04 ; 83 % ; [0.013640, 0]
step:9800 ; t = 8.3915e+00 ; dt = 8.5626e-04 ; 83 % ; [0.013640, 0]
step:9800 ; t = 8.3915e+00 ; dt = 8.5626e-04 ; 83 % ; [0.013640, 0]
step:9800 ; t = 8.3915e+00 ; dt = 8.5626e-04 ; 83 % ; [0.013640, 0]
step:9800 ; t = 8.3915e+00 ; dt = 8.5626e-04 ; 83 % ; [0.013640, 0]
step:9800 ; t = 8.3915e+00 ; dt = 8.5626e-04 ; 83 % ; [0.013640, 0]
step:9800 ; t = 8.3915e+00 ; dt = 8.5626e-04 ; 83 % ; [0.013640, 0]
step:9800 ; t = 8.3915e+00 ; dt = 8.5626e-04 ; 83 % ; [0.013640, 0]
step:9900 ; t = 8.4772e+00 ; dt = 8.5916e-04 ; 84 % ; [0.013291, 0]
step:9900 ; t = 8.4772e+00 ; dt = 8.5916e-04 ; 84 % ; [0.013291, 0]
step:9900 ; t = 8.4772e+00 ; dt = 8.5916e-04 ; 84 % ; [0.013291, 0]
step:9900 ; t = 8.4772e+00 ; dt = 8.5916e-04 ; 84 % ; [0.013291, 0]
step:9900 ; t = 8.4772e+00 ; dt = 8.5916e-04 ; 84 % ; [0.013291, 0]
step:9900 ; t = 8.4772e+00 ; dt = 8.5916e-04 ; 84 % ; [0.013291, 0]
step:9900 ; t = 8.4772e+00 ; dt = 8.5916e-04 ; 84 % ; [0.013291, 0]
step:9900 ; t = 8.4772e+00 ; dt = 8.5916e-04 ; 84 % ; [0.013291, 0]
step:10000 ; t = 8.5632e+00 ; dt = 8.5982e-04 ; 85 % ; [0.014149, 0]
step:10000 ; t = 8.5632e+00 ; dt = 8.5982e-04 ; 85 % ; [0.014149, 0]
step:10000 ; t = 8.5632e+00 ; dt = 8.5982e-04 ; 85 % ; [0.014149, 0]
step:10000 ; t = 8.5632e+00 ; dt = 8.5982e-04 ; 85 % ; [0.014149, 0]
step:10000 ; t = 8.5632e+00 ; dt = 8.5982e-04 ; 85 % ; [0.014149, 0]
step:10000 ; t = 8.5632e+00 ; dt = 8.5982e-04 ; 85 % ; [0.014149, 0]
step:10000 ; t = 8.5632e+00 ; dt = 8.5982e-04 ; 85 % ; [0.014149, 0]
step:10000 ; t = 8.5632e+00 ; dt = 8.5982e-04 ; 85 % ; [0.014149, 0]
step:10100 ; t = 8.6491e+00 ; dt = 8.5740e-04 ; 86 % ; [0.020792, 0]
step:10100 ; t = 8.6491e+00 ; dt = 8.5740e-04 ; 86 % ; [0.020792, 0]
step:10100 ; t = 8.6491e+00 ; dt = 8.5740e-04 ; 86 % ; [0.020792, 0]
step:10100 ; t = 8.6491e+00 ; dt = 8.5740e-04 ; 86 % ; [0.020792, 0]
step:10100 ; t = 8.6491e+00 ; dt = 8.5740e-04 ; 86 % ; [0.020792, 0]
step:10100 ; t = 8.6491e+00 ; dt = 8.5740e-04 ; 86 % ; [0.020792, 0]
step:10100 ; t = 8.6491e+00 ; dt = 8.5740e-04 ; 86 % ; [0.020792, 0]
step:10100 ; t = 8.6491e+00 ; dt = 8.5740e-04 ; 86 % ; [0.020792, 0]
step:10200 ; t = 8.7347e+00 ; dt = 8.5420e-04 ; 87 % ; [0.025187, 0]
step:10200 ; t = 8.7347e+00 ; dt = 8.5420e-04 ; 87 % ; [0.025187, 0]
step:10200 ; t = 8.7347e+00 ; dt = 8.5420e-04 ; 87 % ; [0.025187, 0]
step:10200 ; t = 8.7347e+00 ; dt = 8.5420e-04 ; 87 % ; [0.025187, 0]
step:10200 ; t = 8.7347e+00 ; dt = 8.5420e-04 ; 87 % ; [0.025187, 0]
step:10200 ; t = 8.7347e+00 ; dt = 8.5420e-04 ; 87 % ; [0.025187, 0]
step:10200 ; t = 8.7347e+00 ; dt = 8.5420e-04 ; 87 % ; [0.025187, 0]
step:10200 ; t = 8.7347e+00 ; dt = 8.5420e-04 ; 87 % ; [0.025187, 0]
step:10300 ; t = 8.8200e+00 ; dt = 8.5200e-04 ; 88 % ; [0.025871, 0]
step:10300 ; t = 8.8200e+00 ; dt = 8.5200e-04 ; 88 % ; [0.025871, 0]
step:10300 ; t = 8.8200e+00 ; dt = 8.5200e-04 ; 88 % ; [0.025871, 0]
step:10300 ; t = 8.8200e+00 ; dt = 8.5200e-04 ; 88 % ; [0.025871, 0]
step:10300 ; t = 8.8200e+00 ; dt = 8.5200e-04 ; 88 % ; [0.025871, 0]
step:10300 ; t = 8.8200e+00 ; dt = 8.5200e-04 ; 88 % ; [0.025871, 0]
step:10300 ; t = 8.8200e+00 ; dt = 8.5200e-04 ; 88 % ; [0.025871, 0]
step:10300 ; t = 8.8200e+00 ; dt = 8.5200e-04 ; 88 % ; [0.025871, 0]
step:10400 ; t = 8.9051e+00 ; dt = 8.5129e-04 ; 89 % ; [0.023804, 0]
step:10400 ; t = 8.9051e+00 ; dt = 8.5129e-04 ; 89 % ; [0.023804, 0]
step:10400 ; t = 8.9051e+00 ; dt = 8.5129e-04 ; 89 % ; [0.023804, 0]
step:10400 ; t = 8.9051e+00 ; dt = 8.5129e-04 ; 89 % ; [0.023804, 0]
step:10400 ; t = 8.9051e+00 ; dt = 8.5129e-04 ; 89 % ; [0.023804, 0]
step:10400 ; t = 8.9051e+00 ; dt = 8.5129e-04 ; 89 % ; [0.023804, 0]
step:10400 ; t = 8.9051e+00 ; dt = 8.5129e-04 ; 89 % ; [0.023804, 0]
step:10400 ; t = 8.9051e+00 ; dt = 8.5129e-04 ; 89 % ; [0.023804, 0]
step:10500 ; t = 8.9904e+00 ; dt = 8.5425e-04 ; 89 % ; [0.019789, 0]
> Writing file #9 (dbl) to disk...
step:10500 ; t = 8.9904e+00 ; dt = 8.5425e-04 ; 89 % ; [0.019789, 0]
step:10500 ; t = 8.9904e+00 ; dt = 8.5425e-04 ; 89 % ; [0.019789, 0]
> Writing file #9 (dbl) to disk...
> Writing file #9 (dbl) to disk...
step:10500 ; t = 8.9904e+00 ; dt = 8.5425e-04 ; 89 % ; [0.019789, 0]
step:10500 ; t = 8.9904e+00 ; dt = 8.5425e-04 ; 89 % ; [0.019789, 0]
> Writing file #9 (dbl) to disk...
> Writing file #9 (dbl) to disk...
step:10500 ; t = 8.9904e+00 ; dt = 8.5425e-04 ; 89 % ; [0.019789, 0]
> Writing file #9 (dbl) to disk...
step:10500 ; t = 8.9904e+00 ; dt = 8.5425e-04 ; 89 % ; [0.019789, 0]
step:10500 ; t = 8.9904e+00 ; dt = 8.5425e-04 ; 89 % ; [0.019789, 0]
> Writing file #9 (dbl) to disk...
> Writing file #9 (dbl) to disk...
step:10600 ; t = 9.0760e+00 ; dt = 8.5852e-04 ; 90 % ; [0.020250, 0]
step:10600 ; t = 9.0760e+00 ; dt = 8.5852e-04 ; 90 % ; [0.020250, 0]
step:10600 ; t = 9.0760e+00 ; dt = 8.5852e-04 ; 90 % ; [0.020250, 0]
step:10600 ; t = 9.0760e+00 ; dt = 8.5852e-04 ; 90 % ; [0.020250, 0]
step:10600 ; t = 9.0760e+00 ; dt = 8.5852e-04 ; 90 % ; [0.020250, 0]
step:10600 ; t = 9.0760e+00 ; dt = 8.5852e-04 ; 90 % ; [0.020250, 0]
step:10600 ; t = 9.0760e+00 ; dt = 8.5852e-04 ; 90 % ; [0.020250, 0]
step:10600 ; t = 9.0760e+00 ; dt = 8.5852e-04 ; 90 % ; [0.020250, 0]
step:10700 ; t = 9.1620e+00 ; dt = 8.6059e-04 ; 91 % ; [0.020191, 0]
step:10700 ; t = 9.1620e+00 ; dt = 8.6059e-04 ; 91 % ; [0.020191, 0]
step:10700 ; t = 9.1620e+00 ; dt = 8.6059e-04 ; 91 % ; [0.020191, 0]
step:10700 ; t = 9.1620e+00 ; dt = 8.6059e-04 ; 91 % ; [0.020191, 0]
step:10700 ; t = 9.1620e+00 ; dt = 8.6059e-04 ; 91 % ; [0.020191, 0]
step:10700 ; t = 9.1620e+00 ; dt = 8.6059e-04 ; 91 % ; [0.020191, 0]
step:10700 ; t = 9.1620e+00 ; dt = 8.6059e-04 ; 91 % ; [0.020191, 0]
step:10700 ; t = 9.1620e+00 ; dt = 8.6059e-04 ; 91 % ; [0.020191, 0]
step:10800 ; t = 9.2480e+00 ; dt = 8.6011e-04 ; 92 % ; [0.021446, 0]
step:10800 ; t = 9.2480e+00 ; dt = 8.6011e-04 ; 92 % ; [0.021446, 0]
step:10800 ; t = 9.2480e+00 ; dt = 8.6011e-04 ; 92 % ; [0.021446, 0]
step:10800 ; t = 9.2480e+00 ; dt = 8.6011e-04 ; 92 % ; [0.021446, 0]
step:10800 ; t = 9.2480e+00 ; dt = 8.6011e-04 ; 92 % ; [0.021446, 0]
step:10800 ; t = 9.2480e+00 ; dt = 8.6011e-04 ; 92 % ; [0.021446, 0]
step:10800 ; t = 9.2480e+00 ; dt = 8.6011e-04 ; 92 % ; [0.021446, 0]
step:10800 ; t = 9.2480e+00 ; dt = 8.6011e-04 ; 92 % ; [0.021446, 0]
step:10900 ; t = 9.3339e+00 ; dt = 8.5751e-04 ; 93 % ; [0.024577, 0]
step:10900 ; t = 9.3339e+00 ; dt = 8.5751e-04 ; 93 % ; [0.024577, 0]
step:10900 ; t = 9.3339e+00 ; dt = 8.5751e-04 ; 93 % ; [0.024577, 0]
step:10900 ; t = 9.3339e+00 ; dt = 8.5751e-04 ; 93 % ; [0.024577, 0]
step:10900 ; t = 9.3339e+00 ; dt = 8.5751e-04 ; 93 % ; [0.024577, 0]
step:10900 ; t = 9.3339e+00 ; dt = 8.5751e-04 ; 93 % ; [0.024577, 0]
step:10900 ; t = 9.3339e+00 ; dt = 8.5751e-04 ; 93 % ; [0.024577, 0]
step:10900 ; t = 9.3339e+00 ; dt = 8.5751e-04 ; 93 % ; [0.024577, 0]
step:11000 ; t = 9.4196e+00 ; dt = 8.5560e-04 ; 94 % ; [0.026033, 0]
step:11000 ; t = 9.4196e+00 ; dt = 8.5560e-04 ; 94 % ; [0.026033, 0]
step:11000 ; t = 9.4196e+00 ; dt = 8.5560e-04 ; 94 % ; [0.026033, 0]
step:11000 ; t = 9.4196e+00 ; dt = 8.5560e-04 ; 94 % ; [0.026033, 0]
step:11000 ; t = 9.4196e+00 ; dt = 8.5560e-04 ; 94 % ; [0.026033, 0]
step:11000 ; t = 9.4196e+00 ; dt = 8.5560e-04 ; 94 % ; [0.026033, 0]
step:11000 ; t = 9.4196e+00 ; dt = 8.5560e-04 ; 94 % ; [0.026033, 0]
step:11000 ; t = 9.4196e+00 ; dt = 8.5560e-04 ; 94 % ; [0.026033, 0]
step:11100 ; t = 9.5051e+00 ; dt = 8.5477e-04 ; 95 % ; [0.024732, 0]
step:11100 ; t = 9.5051e+00 ; dt = 8.5477e-04 ; 95 % ; [0.024732, 0]
step:11100 ; t = 9.5051e+00 ; dt = 8.5477e-04 ; 95 % ; [0.024732, 0]
step:11100 ; t = 9.5051e+00 ; dt = 8.5477e-04 ; 95 % ; [0.024732, 0]
step:11100 ; t = 9.5051e+00 ; dt = 8.5477e-04 ; 95 % ; [0.024732, 0]
step:11100 ; t = 9.5051e+00 ; dt = 8.5477e-04 ; 95 % ; [0.024732, 0]
step:11100 ; t = 9.5051e+00 ; dt = 8.5477e-04 ; 95 % ; [0.024732, 0]
step:11100 ; t = 9.5051e+00 ; dt = 8.5477e-04 ; 95 % ; [0.024732, 0]
step:11200 ; t = 9.5906e+00 ; dt = 8.5592e-04 ; 95 % ; [0.022340, 0]
step:11200 ; t = 9.5906e+00 ; dt = 8.5592e-04 ; 95 % ; [0.022340, 0]
step:11200 ; t = 9.5906e+00 ; dt = 8.5592e-04 ; 95 % ; [0.022340, 0]
step:11200 ; t = 9.5906e+00 ; dt = 8.5592e-04 ; 95 % ; [0.022340, 0]
step:11200 ; t = 9.5906e+00 ; dt = 8.5592e-04 ; 95 % ; [0.022340, 0]
step:11200 ; t = 9.5906e+00 ; dt = 8.5592e-04 ; 95 % ; [0.022340, 0]
step:11200 ; t = 9.5906e+00 ; dt = 8.5592e-04 ; 95 % ; [0.022340, 0]
step:11200 ; t = 9.5906e+00 ; dt = 8.5592e-04 ; 95 % ; [0.022340, 0]
step:11300 ; t = 9.6764e+00 ; dt = 8.5970e-04 ; 96 % ; [0.018533, 0]
step:11300 ; t = 9.6764e+00 ; dt = 8.5970e-04 ; 96 % ; [0.018533, 0]
step:11300 ; t = 9.6764e+00 ; dt = 8.5970e-04 ; 96 % ; [0.018533, 0]
step:11300 ; t = 9.6764e+00 ; dt = 8.5970e-04 ; 96 % ; [0.018533, 0]
step:11300 ; t = 9.6764e+00 ; dt = 8.5970e-04 ; 96 % ; [0.018533, 0]
step:11300 ; t = 9.6764e+00 ; dt = 8.5970e-04 ; 96 % ; [0.018533, 0]
step:11300 ; t = 9.6764e+00 ; dt = 8.5970e-04 ; 96 % ; [0.018533, 0]
step:11300 ; t = 9.6764e+00 ; dt = 8.5970e-04 ; 96 % ; [0.018533, 0]
step:11400 ; t = 9.7625e+00 ; dt = 8.6196e-04 ; 97 % ; [0.014166, 0]
step:11400 ; t = 9.7625e+00 ; dt = 8.6196e-04 ; 97 % ; [0.014166, 0]
step:11400 ; t = 9.7625e+00 ; dt = 8.6196e-04 ; 97 % ; [0.014166, 0]
step:11400 ; t = 9.7625e+00 ; dt = 8.6196e-04 ; 97 % ; [0.014166, 0]
step:11400 ; t = 9.7625e+00 ; dt = 8.6196e-04 ; 97 % ; [0.014166, 0]
step:11400 ; t = 9.7625e+00 ; dt = 8.6196e-04 ; 97 % ; [0.014166, 0]
step:11400 ; t = 9.7625e+00 ; dt = 8.6196e-04 ; 97 % ; [0.014166, 0]
step:11400 ; t = 9.7625e+00 ; dt = 8.6196e-04 ; 97 % ; [0.014166, 0]
step:11500 ; t = 9.8487e+00 ; dt = 8.6125e-04 ; 98 % ; [0.016255, 0]
step:11500 ; t = 9.8487e+00 ; dt = 8.6125e-04 ; 98 % ; [0.016255, 0]
step:11500 ; t = 9.8487e+00 ; dt = 8.6125e-04 ; 98 % ; [0.016255, 0]
step:11500 ; t = 9.8487e+00 ; dt = 8.6125e-04 ; 98 % ; [0.016255, 0]
step:11500 ; t = 9.8487e+00 ; dt = 8.6125e-04 ; 98 % ; [0.016255, 0]
step:11500 ; t = 9.8487e+00 ; dt = 8.6125e-04 ; 98 % ; [0.016255, 0]
step:11500 ; t = 9.8487e+00 ; dt = 8.6125e-04 ; 98 % ; [0.016255, 0]
step:11500 ; t = 9.8487e+00 ; dt = 8.6125e-04 ; 98 % ; [0.016255, 0]
step:11600 ; t = 9.9346e+00 ; dt = 8.5811e-04 ; 99 % ; [0.023440, 0]
step:11600 ; t = 9.9346e+00 ; dt = 8.5811e-04 ; 99 % ; [0.023440, 0]
step:11600 ; t = 9.9346e+00 ; dt = 8.5811e-04 ; 99 % ; [0.023440, 0]
step:11600 ; t = 9.9346e+00 ; dt = 8.5811e-04 ; 99 % ; [0.023440, 0]
step:11600 ; t = 9.9346e+00 ; dt = 8.5811e-04 ; 99 % ; [0.023440, 0]
step:11600 ; t = 9.9346e+00 ; dt = 8.5811e-04 ; 99 % ; [0.023440, 0]
> Writing file #10 (dbl) to disk...

> Total allocated memory   15.34 Mb
> Elapsed time              0d:0h:38m:43s
> Average time/step         1.99e-01  (sec)  
> Local time                Wed Feb 27 22:25:13 2019
> Done
step:11600 ; t = 9.9346e+00 ; dt = 8.5811e-04 ; 99 % ; [0.023440, 0]
step:11600 ; t = 9.9346e+00 ; dt = 8.5811e-04 ; 99 % ; [0.023440, 0]
> Writing file #10 (dbl) to disk...

> Total allocated memory   15.34 Mb
> Elapsed time              0d:0h:38m:50s
> Average time/step         2.00e-01  (sec)  
> Local time                Wed Feb 27 22:25:20 2019
> Done
> Writing file #10 (dbl) to disk...

> Total allocated memory   15.34 Mb
> Elapsed time              0d:0h:38m:50s
> Average time/step         2.00e-01  (sec)  
> Local time                Wed Feb 27 22:25:20 2019
> Done
> Writing file #10 (dbl) to disk...

> Total allocated memory   15.34 Mb
> Elapsed time              0d:0h:38m:53s
> Average time/step         2.00e-01  (sec)  
> Local time                Wed Feb 27 22:25:23 2019
> Done
> Writing file #10 (dbl) to disk...

> Total allocated memory   15.34 Mb
> Elapsed time              0d:0h:38m:54s
> Average time/step         2.00e-01  (sec)  
> Local time                Wed Feb 27 22:25:24 2019
> Done
> Writing file #10 (dbl) to disk...

> Total allocated memory   15.34 Mb
> Elapsed time              0d:0h:38m:57s
> Average time/step         2.00e-01  (sec)  
> Local time                Wed Feb 27 22:25:27 2019
> Done
> Writing file #10 (dbl) to disk...> Writing file #10 (dbl) to disk...

> Total allocated memory   15.34 Mb
> Elapsed time              0d:0h:39m:0s
> Average time/step         2.00e-01  (sec)  
> Local time                Wed Feb 27 22:25:29 2019
> Done


> Total allocated memory   15.34 Mb
> Elapsed time              0d:0h:38m:59s
> Average time/step         2.00e-01  (sec)  
> Local time                Wed Feb 27 22:25:29 2019
> Done
