# ******************************************************
# PLUTO 4.2 Grid File
# Generated on  Sat May 25 20:20:28 2019
# 
# DIMENSIONS: 3
# GEOMETRY:   SPHERICAL
# X1: [ 0.200000,  1.200000], 30 point(s), 2 ghosts
# X2: [ 0.174533,  2.967060], 36 point(s), 2 ghosts
# X3: [ 0.000000,  6.283185], 40 point(s), 2 ghosts
# ******************************************************
30 
 1   2.000000000000e-01    2.400000000000e-01
 2   2.400000000000e-01    2.800000000000e-01
 3   2.800000000000e-01    3.200000000000e-01
 4   3.200000000000e-01    3.600000000000e-01
 5   3.600000000000e-01    4.000000000000e-01
 6   4.000000000000e-01    4.400000000000e-01
 7   4.400000000000e-01    4.800000000000e-01
 8   4.800000000000e-01    5.200000000000e-01
 9   5.200000000000e-01    5.600000000000e-01
 10   5.600000000000e-01    6.000000000000e-01
 11   6.000000000000e-01    6.400000000000e-01
 12   6.400000000000e-01    6.800000000000e-01
 13   6.800000000000e-01    7.200000000000e-01
 14   7.200000000000e-01    7.600000000000e-01
 15   7.600000000000e-01    8.000000000000e-01
 16   8.000000000000e-01    8.400000000000e-01
 17   8.400000000000e-01    8.800000000000e-01
 18   8.800000000000e-01    9.200000000000e-01
 19   9.200000000000e-01    9.600000000000e-01
 20   9.600000000000e-01    1.000000000000e+00
 21   1.000000000000e+00    1.020000000000e+00
 22   1.020000000000e+00    1.040000000000e+00
 23   1.040000000000e+00    1.060000000000e+00
 24   1.060000000000e+00    1.080000000000e+00
 25   1.080000000000e+00    1.100000000000e+00
 26   1.100000000000e+00    1.120000000000e+00
 27   1.120000000000e+00    1.140000000000e+00
 28   1.140000000000e+00    1.160000000000e+00
 29   1.160000000000e+00    1.180000000000e+00
 30   1.180000000000e+00    1.200000000000e+00
36 
 1   1.745329248000e-01    2.521031138056e-01
 2   2.521031138056e-01    3.296733028111e-01
 3   3.296733028111e-01    4.072434918167e-01
 4   4.072434918167e-01    4.848136808222e-01
 5   4.848136808222e-01    5.623838698278e-01
 6   5.623838698278e-01    6.399540588333e-01
 7   6.399540588333e-01    7.175242478389e-01
 8   7.175242478389e-01    7.950944368444e-01
 9   7.950944368444e-01    8.726646258500e-01
 10   8.726646258500e-01    9.502348148556e-01
 11   9.502348148556e-01    1.027805003861e+00
 12   1.027805003861e+00    1.105375192867e+00
 13   1.105375192867e+00    1.182945381872e+00
 14   1.182945381872e+00    1.260515570878e+00
 15   1.260515570878e+00    1.338085759883e+00
 16   1.338085759883e+00    1.415655948889e+00
 17   1.415655948889e+00    1.493226137894e+00
 18   1.493226137894e+00    1.570796326900e+00
 19   1.570796326900e+00    1.648366515906e+00
 20   1.648366515906e+00    1.725936704911e+00
 21   1.725936704911e+00    1.803506893917e+00
 22   1.803506893917e+00    1.881077082922e+00
 23   1.881077082922e+00    1.958647271928e+00
 24   1.958647271928e+00    2.036217460933e+00
 25   2.036217460933e+00    2.113787649939e+00
 26   2.113787649939e+00    2.191357838944e+00
 27   2.191357838944e+00    2.268928027950e+00
 28   2.268928027950e+00    2.346498216956e+00
 29   2.346498216956e+00    2.424068405961e+00
 30   2.424068405961e+00    2.501638594967e+00
 31   2.501638594967e+00    2.579208783972e+00
 32   2.579208783972e+00    2.656778972978e+00
 33   2.656778972978e+00    2.734349161983e+00
 34   2.734349161983e+00    2.811919350989e+00
 35   2.811919350989e+00    2.889489539994e+00
 36   2.889489539994e+00    2.967059729000e+00
40 
 1   0.000000000000e+00    1.570796326750e-01
 2   1.570796326750e-01    3.141592653500e-01
 3   3.141592653500e-01    4.712388980250e-01
 4   4.712388980250e-01    6.283185307000e-01
 5   6.283185307000e-01    7.853981633750e-01
 6   7.853981633750e-01    9.424777960500e-01
 7   9.424777960500e-01    1.099557428725e+00
 8   1.099557428725e+00    1.256637061400e+00
 9   1.256637061400e+00    1.413716694075e+00
 10   1.413716694075e+00    1.570796326750e+00
 11   1.570796326750e+00    1.727875959425e+00
 12   1.727875959425e+00    1.884955592100e+00
 13   1.884955592100e+00    2.042035224775e+00
 14   2.042035224775e+00    2.199114857450e+00
 15   2.199114857450e+00    2.356194490125e+00
 16   2.356194490125e+00    2.513274122800e+00
 17   2.513274122800e+00    2.670353755475e+00
 18   2.670353755475e+00    2.827433388150e+00
 19   2.827433388150e+00    2.984513020825e+00
 20   2.984513020825e+00    3.141592653500e+00
 21   3.141592653500e+00    3.298672286175e+00
 22   3.298672286175e+00    3.455751918850e+00
 23   3.455751918850e+00    3.612831551525e+00
 24   3.612831551525e+00    3.769911184200e+00
 25   3.769911184200e+00    3.926990816875e+00
 26   3.926990816875e+00    4.084070449550e+00
 27   4.084070449550e+00    4.241150082225e+00
 28   4.241150082225e+00    4.398229714900e+00
 29   4.398229714900e+00    4.555309347575e+00
 30   4.555309347575e+00    4.712388980250e+00
 31   4.712388980250e+00    4.869468612925e+00
 32   4.869468612925e+00    5.026548245600e+00
 33   5.026548245600e+00    5.183627878275e+00
 34   5.183627878275e+00    5.340707510950e+00
 35   5.340707510950e+00    5.497787143625e+00
 36   5.497787143625e+00    5.654866776300e+00
 37   5.654866776300e+00    5.811946408975e+00
 38   5.811946408975e+00    5.969026041650e+00
 39   5.969026041650e+00    6.126105674325e+00
 40   6.126105674325e+00    6.283185307000e+00
