# ******************************************************
# PLUTO 4.2 Grid File
# Generated on  Sat Feb  9 22:41:01 2019
# 
# DIMENSIONS: 3
# GEOMETRY:   SPHERICAL
# X1: [ 0.400000,  2.500000], 26 point(s), 2 ghosts
# X2: [ 0.174533,  2.967060], 37 point(s), 2 ghosts
# X3: [ 0.000000,  6.283185], 40 point(s), 2 ghosts
# ******************************************************
26 
 1   4.000000000000e-01    4.807692307692e-01
 2   4.807692307692e-01    5.615384615385e-01
 3   5.615384615385e-01    6.423076923077e-01
 4   6.423076923077e-01    7.230769230769e-01
 5   7.230769230769e-01    8.038461538462e-01
 6   8.038461538462e-01    8.846153846154e-01
 7   8.846153846154e-01    9.653846153846e-01
 8   9.653846153846e-01    1.046153846154e+00
 9   1.046153846154e+00    1.126923076923e+00
 10   1.126923076923e+00    1.207692307692e+00
 11   1.207692307692e+00    1.288461538462e+00
 12   1.288461538462e+00    1.369230769231e+00
 13   1.369230769231e+00    1.450000000000e+00
 14   1.450000000000e+00    1.530769230769e+00
 15   1.530769230769e+00    1.611538461538e+00
 16   1.611538461538e+00    1.692307692308e+00
 17   1.692307692308e+00    1.773076923077e+00
 18   1.773076923077e+00    1.853846153846e+00
 19   1.853846153846e+00    1.934615384615e+00
 20   1.934615384615e+00    2.015384615385e+00
 21   2.015384615385e+00    2.096153846154e+00
 22   2.096153846154e+00    2.176923076923e+00
 23   2.176923076923e+00    2.257692307692e+00
 24   2.257692307692e+00    2.338461538462e+00
 25   2.338461538462e+00    2.419230769231e+00
 26   2.419230769231e+00    2.500000000000e+00
37 
 1   1.745329248000e-01    2.500066222108e-01
 2   2.500066222108e-01    3.254803196216e-01
 3   3.254803196216e-01    4.009540170324e-01
 4   4.009540170324e-01    4.764277144432e-01
 5   4.764277144432e-01    5.519014118541e-01
 6   5.519014118541e-01    6.273751092649e-01
 7   6.273751092649e-01    7.028488066757e-01
 8   7.028488066757e-01    7.783225040865e-01
 9   7.783225040865e-01    8.537962014973e-01
 10   8.537962014973e-01    9.292698989081e-01
 11   9.292698989081e-01    1.004743596319e+00
 12   1.004743596319e+00    1.080217293730e+00
 13   1.080217293730e+00    1.155690991141e+00
 14   1.155690991141e+00    1.231164688551e+00
 15   1.231164688551e+00    1.306638385962e+00
 16   1.306638385962e+00    1.382112083373e+00
 17   1.382112083373e+00    1.457585780784e+00
 18   1.457585780784e+00    1.533059478195e+00
 19   1.533059478195e+00    1.608533175605e+00
 20   1.608533175605e+00    1.684006873016e+00
 21   1.684006873016e+00    1.759480570427e+00
 22   1.759480570427e+00    1.834954267838e+00
 23   1.834954267838e+00    1.910427965249e+00
 24   1.910427965249e+00    1.985901662659e+00
 25   1.985901662659e+00    2.061375360070e+00
 26   2.061375360070e+00    2.136849057481e+00
 27   2.136849057481e+00    2.212322754892e+00
 28   2.212322754892e+00    2.287796452303e+00
 29   2.287796452303e+00    2.363270149714e+00
 30   2.363270149714e+00    2.438743847124e+00
 31   2.438743847124e+00    2.514217544535e+00
 32   2.514217544535e+00    2.589691241946e+00
 33   2.589691241946e+00    2.665164939357e+00
 34   2.665164939357e+00    2.740638636768e+00
 35   2.740638636768e+00    2.816112334178e+00
 36   2.816112334178e+00    2.891586031589e+00
 37   2.891586031589e+00    2.967059729000e+00
40 
 1   0.000000000000e+00    1.570796326750e-01
 2   1.570796326750e-01    3.141592653500e-01
 3   3.141592653500e-01    4.712388980250e-01
 4   4.712388980250e-01    6.283185307000e-01
 5   6.283185307000e-01    7.853981633750e-01
 6   7.853981633750e-01    9.424777960500e-01
 7   9.424777960500e-01    1.099557428725e+00
 8   1.099557428725e+00    1.256637061400e+00
 9   1.256637061400e+00    1.413716694075e+00
 10   1.413716694075e+00    1.570796326750e+00
 11   1.570796326750e+00    1.727875959425e+00
 12   1.727875959425e+00    1.884955592100e+00
 13   1.884955592100e+00    2.042035224775e+00
 14   2.042035224775e+00    2.199114857450e+00
 15   2.199114857450e+00    2.356194490125e+00
 16   2.356194490125e+00    2.513274122800e+00
 17   2.513274122800e+00    2.670353755475e+00
 18   2.670353755475e+00    2.827433388150e+00
 19   2.827433388150e+00    2.984513020825e+00
 20   2.984513020825e+00    3.141592653500e+00
 21   3.141592653500e+00    3.298672286175e+00
 22   3.298672286175e+00    3.455751918850e+00
 23   3.455751918850e+00    3.612831551525e+00
 24   3.612831551525e+00    3.769911184200e+00
 25   3.769911184200e+00    3.926990816875e+00
 26   3.926990816875e+00    4.084070449550e+00
 27   4.084070449550e+00    4.241150082225e+00
 28   4.241150082225e+00    4.398229714900e+00
 29   4.398229714900e+00    4.555309347575e+00
 30   4.555309347575e+00    4.712388980250e+00
 31   4.712388980250e+00    4.869468612925e+00
 32   4.869468612925e+00    5.026548245600e+00
 33   5.026548245600e+00    5.183627878275e+00
 34   5.183627878275e+00    5.340707510950e+00
 35   5.340707510950e+00    5.497787143625e+00
 36   5.497787143625e+00    5.654866776300e+00
 37   5.654866776300e+00    5.811946408975e+00
 38   5.811946408975e+00    5.969026041650e+00
 39   5.969026041650e+00    6.126105674325e+00
 40   6.126105674325e+00    6.283185307000e+00
