# ******************************************************
# PLUTO 4.2 Grid File
# Generated on  Fri Feb  8 09:27:49 2019
# 
# DIMENSIONS: 3
# GEOMETRY:   SPHERICAL
# X1: [ 0.400000,  2.500000], 26 point(s), 2 ghosts
# X2: [-1.396263,  1.396263], 74 point(s), 2 ghosts
# X3: [ 0.000000,  6.283185], 80 point(s), 2 ghosts
# ******************************************************
26 
 1   4.000000000000e-01    4.807692307692e-01
 2   4.807692307692e-01    5.615384615385e-01
 3   5.615384615385e-01    6.423076923077e-01
 4   6.423076923077e-01    7.230769230769e-01
 5   7.230769230769e-01    8.038461538462e-01
 6   8.038461538462e-01    8.846153846154e-01
 7   8.846153846154e-01    9.653846153846e-01
 8   9.653846153846e-01    1.046153846154e+00
 9   1.046153846154e+00    1.126923076923e+00
 10   1.126923076923e+00    1.207692307692e+00
 11   1.207692307692e+00    1.288461538462e+00
 12   1.288461538462e+00    1.369230769231e+00
 13   1.369230769231e+00    1.450000000000e+00
 14   1.450000000000e+00    1.530769230769e+00
 15   1.530769230769e+00    1.611538461538e+00
 16   1.611538461538e+00    1.692307692308e+00
 17   1.692307692308e+00    1.773076923077e+00
 18   1.773076923077e+00    1.853846153846e+00
 19   1.853846153846e+00    1.934615384615e+00
 20   1.934615384615e+00    2.015384615385e+00
 21   2.015384615385e+00    2.096153846154e+00
 22   2.096153846154e+00    2.176923076923e+00
 23   2.176923076923e+00    2.257692307692e+00
 24   2.257692307692e+00    2.338461538462e+00
 25   2.338461538462e+00    2.419230769231e+00
 26   2.419230769231e+00    2.500000000000e+00
74 
 1   -1.396263402000e+00    -1.358526553297e+00
 2   -1.358526553297e+00    -1.320789704595e+00
 3   -1.320789704595e+00    -1.283052855892e+00
 4   -1.283052855892e+00    -1.245316007189e+00
 5   -1.245316007189e+00    -1.207579158486e+00
 6   -1.207579158486e+00    -1.169842309784e+00
 7   -1.169842309784e+00    -1.132105461081e+00
 8   -1.132105461081e+00    -1.094368612378e+00
 9   -1.094368612378e+00    -1.056631763676e+00
 10   -1.056631763676e+00    -1.018894914973e+00
 11   -1.018894914973e+00    -9.811580662703e-01
 12   -9.811580662703e-01    -9.434212175676e-01
 13   -9.434212175676e-01    -9.056843688649e-01
 14   -9.056843688649e-01    -8.679475201622e-01
 15   -8.679475201622e-01    -8.302106714595e-01
 16   -8.302106714595e-01    -7.924738227568e-01
 17   -7.924738227568e-01    -7.547369740541e-01
 18   -7.547369740541e-01    -7.170001253514e-01
 19   -7.170001253514e-01    -6.792632766486e-01
 20   -6.792632766486e-01    -6.415264279459e-01
 21   -6.415264279459e-01    -6.037895792432e-01
 22   -6.037895792432e-01    -5.660527305405e-01
 23   -5.660527305405e-01    -5.283158818378e-01
 24   -5.283158818378e-01    -4.905790331351e-01
 25   -4.905790331351e-01    -4.528421844324e-01
 26   -4.528421844324e-01    -4.151053357297e-01
 27   -4.151053357297e-01    -3.773684870270e-01
 28   -3.773684870270e-01    -3.396316383243e-01
 29   -3.396316383243e-01    -3.018947896216e-01
 30   -3.018947896216e-01    -2.641579409189e-01
 31   -2.641579409189e-01    -2.264210922162e-01
 32   -2.264210922162e-01    -1.886842435135e-01
 33   -1.886842435135e-01    -1.509473948108e-01
 34   -1.509473948108e-01    -1.132105461081e-01
 35   -1.132105461081e-01    -7.547369740541e-02
 36   -7.547369740541e-02    -3.773684870270e-02
 37   -3.773684870270e-02    1.526556658860e-16
 38   0.000000000000e+00    3.773684870270e-02
 39   3.773684870270e-02    7.547369740541e-02
 40   7.547369740541e-02    1.132105461081e-01
 41   1.132105461081e-01    1.509473948108e-01
 42   1.509473948108e-01    1.886842435135e-01
 43   1.886842435135e-01    2.264210922162e-01
 44   2.264210922162e-01    2.641579409189e-01
 45   2.641579409189e-01    3.018947896216e-01
 46   3.018947896216e-01    3.396316383243e-01
 47   3.396316383243e-01    3.773684870270e-01
 48   3.773684870270e-01    4.151053357297e-01
 49   4.151053357297e-01    4.528421844324e-01
 50   4.528421844324e-01    4.905790331351e-01
 51   4.905790331351e-01    5.283158818378e-01
 52   5.283158818378e-01    5.660527305405e-01
 53   5.660527305405e-01    6.037895792432e-01
 54   6.037895792432e-01    6.415264279459e-01
 55   6.415264279459e-01    6.792632766486e-01
 56   6.792632766486e-01    7.170001253514e-01
 57   7.170001253514e-01    7.547369740541e-01
 58   7.547369740541e-01    7.924738227568e-01
 59   7.924738227568e-01    8.302106714595e-01
 60   8.302106714595e-01    8.679475201622e-01
 61   8.679475201622e-01    9.056843688649e-01
 62   9.056843688649e-01    9.434212175676e-01
 63   9.434212175676e-01    9.811580662703e-01
 64   9.811580662703e-01    1.018894914973e+00
 65   1.018894914973e+00    1.056631763676e+00
 66   1.056631763676e+00    1.094368612378e+00
 67   1.094368612378e+00    1.132105461081e+00
 68   1.132105461081e+00    1.169842309784e+00
 69   1.169842309784e+00    1.207579158486e+00
 70   1.207579158486e+00    1.245316007189e+00
 71   1.245316007189e+00    1.283052855892e+00
 72   1.283052855892e+00    1.320789704595e+00
 73   1.320789704595e+00    1.358526553297e+00
 74   1.358526553297e+00    1.396263402000e+00
80 
 1   0.000000000000e+00    7.853981633750e-02
 2   7.853981633750e-02    1.570796326750e-01
 3   1.570796326750e-01    2.356194490125e-01
 4   2.356194490125e-01    3.141592653500e-01
 5   3.141592653500e-01    3.926990816875e-01
 6   3.926990816875e-01    4.712388980250e-01
 7   4.712388980250e-01    5.497787143625e-01
 8   5.497787143625e-01    6.283185307000e-01
 9   6.283185307000e-01    7.068583470375e-01
 10   7.068583470375e-01    7.853981633750e-01
 11   7.853981633750e-01    8.639379797125e-01
 12   8.639379797125e-01    9.424777960500e-01
 13   9.424777960500e-01    1.021017612387e+00
 14   1.021017612387e+00    1.099557428725e+00
 15   1.099557428725e+00    1.178097245063e+00
 16   1.178097245063e+00    1.256637061400e+00
 17   1.256637061400e+00    1.335176877737e+00
 18   1.335176877737e+00    1.413716694075e+00
 19   1.413716694075e+00    1.492256510412e+00
 20   1.492256510413e+00    1.570796326750e+00
 21   1.570796326750e+00    1.649336143087e+00
 22   1.649336143087e+00    1.727875959425e+00
 23   1.727875959425e+00    1.806415775762e+00
 24   1.806415775762e+00    1.884955592100e+00
 25   1.884955592100e+00    1.963495408437e+00
 26   1.963495408438e+00    2.042035224775e+00
 27   2.042035224775e+00    2.120575041112e+00
 28   2.120575041113e+00    2.199114857450e+00
 29   2.199114857450e+00    2.277654673788e+00
 30   2.277654673788e+00    2.356194490125e+00
 31   2.356194490125e+00    2.434734306462e+00
 32   2.434734306462e+00    2.513274122800e+00
 33   2.513274122800e+00    2.591813939137e+00
 34   2.591813939137e+00    2.670353755475e+00
 35   2.670353755475e+00    2.748893571812e+00
 36   2.748893571812e+00    2.827433388150e+00
 37   2.827433388150e+00    2.905973204487e+00
 38   2.905973204487e+00    2.984513020825e+00
 39   2.984513020825e+00    3.063052837163e+00
 40   3.063052837163e+00    3.141592653500e+00
 41   3.141592653500e+00    3.220132469838e+00
 42   3.220132469838e+00    3.298672286175e+00
 43   3.298672286175e+00    3.377212102512e+00
 44   3.377212102512e+00    3.455751918850e+00
 45   3.455751918850e+00    3.534291735187e+00
 46   3.534291735187e+00    3.612831551525e+00
 47   3.612831551525e+00    3.691371367862e+00
 48   3.691371367862e+00    3.769911184200e+00
 49   3.769911184200e+00    3.848451000537e+00
 50   3.848451000538e+00    3.926990816875e+00
 51   3.926990816875e+00    4.005530633213e+00
 52   4.005530633212e+00    4.084070449550e+00
 53   4.084070449550e+00    4.162610265887e+00
 54   4.162610265887e+00    4.241150082225e+00
 55   4.241150082225e+00    4.319689898563e+00
 56   4.319689898563e+00    4.398229714900e+00
 57   4.398229714900e+00    4.476769531238e+00
 58   4.476769531238e+00    4.555309347575e+00
 59   4.555309347575e+00    4.633849163913e+00
 60   4.633849163913e+00    4.712388980250e+00
 61   4.712388980250e+00    4.790928796588e+00
 62   4.790928796588e+00    4.869468612925e+00
 63   4.869468612925e+00    4.948008429262e+00
 64   4.948008429262e+00    5.026548245600e+00
 65   5.026548245600e+00    5.105088061937e+00
 66   5.105088061937e+00    5.183627878275e+00
 67   5.183627878275e+00    5.262167694612e+00
 68   5.262167694612e+00    5.340707510950e+00
 69   5.340707510950e+00    5.419247327287e+00
 70   5.419247327287e+00    5.497787143625e+00
 71   5.497787143625e+00    5.576326959962e+00
 72   5.576326959962e+00    5.654866776300e+00
 73   5.654866776300e+00    5.733406592637e+00
 74   5.733406592637e+00    5.811946408975e+00
 75   5.811946408975e+00    5.890486225312e+00
 76   5.890486225313e+00    5.969026041650e+00
 77   5.969026041650e+00    6.047565857988e+00
 78   6.047565857988e+00    6.126105674325e+00
 79   6.126105674325e+00    6.204645490663e+00
 80   6.204645490663e+00    6.283185307000e+00
