# ******************************************************
# PLUTO 4.2 Grid File
# Generated on  Sun Apr 21 22:59:08 2019
# 
# DIMENSIONS: 3
# GEOMETRY:   SPHERICAL
# X1: [ 0.010000,  1.200000], 50 point(s), 2 ghosts
# X2: [ 0.174533,  2.967060], 72 point(s), 2 ghosts
# X3: [ 0.000000,  6.283185], 80 point(s), 2 ghosts
# ******************************************************
50 
 1   1.000000000000e-02    3.475000000000e-02
 2   3.475000000000e-02    5.950000000000e-02
 3   5.950000000000e-02    8.425000000000e-02
 4   8.425000000000e-02    1.090000000000e-01
 5   1.090000000000e-01    1.337500000000e-01
 6   1.337500000000e-01    1.585000000000e-01
 7   1.585000000000e-01    1.832500000000e-01
 8   1.832500000000e-01    2.080000000000e-01
 9   2.080000000000e-01    2.327500000000e-01
 10   2.327500000000e-01    2.575000000000e-01
 11   2.575000000000e-01    2.822500000000e-01
 12   2.822500000000e-01    3.070000000000e-01
 13   3.070000000000e-01    3.317500000000e-01
 14   3.317500000000e-01    3.565000000000e-01
 15   3.565000000000e-01    3.812500000000e-01
 16   3.812500000000e-01    4.060000000000e-01
 17   4.060000000000e-01    4.307500000000e-01
 18   4.307500000000e-01    4.555000000000e-01
 19   4.555000000000e-01    4.802500000000e-01
 20   4.802500000000e-01    5.050000000000e-01
 21   5.050000000000e-01    5.297500000000e-01
 22   5.297500000000e-01    5.545000000000e-01
 23   5.545000000000e-01    5.792500000000e-01
 24   5.792500000000e-01    6.040000000000e-01
 25   6.040000000000e-01    6.287500000000e-01
 26   6.287500000000e-01    6.535000000000e-01
 27   6.535000000000e-01    6.782500000000e-01
 28   6.782500000000e-01    7.030000000000e-01
 29   7.030000000000e-01    7.277500000000e-01
 30   7.277500000000e-01    7.525000000000e-01
 31   7.525000000000e-01    7.772500000000e-01
 32   7.772500000000e-01    8.020000000000e-01
 33   8.020000000000e-01    8.267500000000e-01
 34   8.267500000000e-01    8.515000000000e-01
 35   8.515000000000e-01    8.762500000000e-01
 36   8.762500000000e-01    9.010000000000e-01
 37   9.010000000000e-01    9.257500000000e-01
 38   9.257500000000e-01    9.505000000000e-01
 39   9.505000000000e-01    9.752500000000e-01
 40   9.752500000000e-01    1.000000000000e+00
 41   1.000000000000e+00    1.020000000000e+00
 42   1.020000000000e+00    1.040000000000e+00
 43   1.040000000000e+00    1.060000000000e+00
 44   1.060000000000e+00    1.080000000000e+00
 45   1.080000000000e+00    1.100000000000e+00
 46   1.100000000000e+00    1.120000000000e+00
 47   1.120000000000e+00    1.140000000000e+00
 48   1.140000000000e+00    1.160000000000e+00
 49   1.160000000000e+00    1.180000000000e+00
 50   1.180000000000e+00    1.200000000000e+00
72 
 1   1.745329248000e-01    2.133180193028e-01
 2   2.133180193028e-01    2.521031138056e-01
 3   2.521031138056e-01    2.908882083083e-01
 4   2.908882083083e-01    3.296733028111e-01
 5   3.296733028111e-01    3.684583973139e-01
 6   3.684583973139e-01    4.072434918167e-01
 7   4.072434918167e-01    4.460285863194e-01
 8   4.460285863194e-01    4.848136808222e-01
 9   4.848136808222e-01    5.235987753250e-01
 10   5.235987753250e-01    5.623838698278e-01
 11   5.623838698278e-01    6.011689643306e-01
 12   6.011689643306e-01    6.399540588333e-01
 13   6.399540588333e-01    6.787391533361e-01
 14   6.787391533361e-01    7.175242478389e-01
 15   7.175242478389e-01    7.563093423417e-01
 16   7.563093423417e-01    7.950944368444e-01
 17   7.950944368444e-01    8.338795313472e-01
 18   8.338795313472e-01    8.726646258500e-01
 19   8.726646258500e-01    9.114497203528e-01
 20   9.114497203528e-01    9.502348148556e-01
 21   9.502348148556e-01    9.890199093583e-01
 22   9.890199093583e-01    1.027805003861e+00
 23   1.027805003861e+00    1.066590098364e+00
 24   1.066590098364e+00    1.105375192867e+00
 25   1.105375192867e+00    1.144160287369e+00
 26   1.144160287369e+00    1.182945381872e+00
 27   1.182945381872e+00    1.221730476375e+00
 28   1.221730476375e+00    1.260515570878e+00
 29   1.260515570878e+00    1.299300665381e+00
 30   1.299300665381e+00    1.338085759883e+00
 31   1.338085759883e+00    1.376870854386e+00
 32   1.376870854386e+00    1.415655948889e+00
 33   1.415655948889e+00    1.454441043392e+00
 34   1.454441043392e+00    1.493226137894e+00
 35   1.493226137894e+00    1.532011232397e+00
 36   1.532011232397e+00    1.570796326900e+00
 37   1.570796326900e+00    1.609581421403e+00
 38   1.609581421403e+00    1.648366515906e+00
 39   1.648366515906e+00    1.687151610408e+00
 40   1.687151610408e+00    1.725936704911e+00
 41   1.725936704911e+00    1.764721799414e+00
 42   1.764721799414e+00    1.803506893917e+00
 43   1.803506893917e+00    1.842291988419e+00
 44   1.842291988419e+00    1.881077082922e+00
 45   1.881077082922e+00    1.919862177425e+00
 46   1.919862177425e+00    1.958647271928e+00
 47   1.958647271928e+00    1.997432366431e+00
 48   1.997432366431e+00    2.036217460933e+00
 49   2.036217460933e+00    2.075002555436e+00
 50   2.075002555436e+00    2.113787649939e+00
 51   2.113787649939e+00    2.152572744442e+00
 52   2.152572744442e+00    2.191357838944e+00
 53   2.191357838944e+00    2.230142933447e+00
 54   2.230142933447e+00    2.268928027950e+00
 55   2.268928027950e+00    2.307713122453e+00
 56   2.307713122453e+00    2.346498216956e+00
 57   2.346498216956e+00    2.385283311458e+00
 58   2.385283311458e+00    2.424068405961e+00
 59   2.424068405961e+00    2.462853500464e+00
 60   2.462853500464e+00    2.501638594967e+00
 61   2.501638594967e+00    2.540423689469e+00
 62   2.540423689469e+00    2.579208783972e+00
 63   2.579208783972e+00    2.617993878475e+00
 64   2.617993878475e+00    2.656778972978e+00
 65   2.656778972978e+00    2.695564067481e+00
 66   2.695564067481e+00    2.734349161983e+00
 67   2.734349161983e+00    2.773134256486e+00
 68   2.773134256486e+00    2.811919350989e+00
 69   2.811919350989e+00    2.850704445492e+00
 70   2.850704445492e+00    2.889489539994e+00
 71   2.889489539994e+00    2.928274634497e+00
 72   2.928274634497e+00    2.967059729000e+00
80 
 1   0.000000000000e+00    7.853981633750e-02
 2   7.853981633750e-02    1.570796326750e-01
 3   1.570796326750e-01    2.356194490125e-01
 4   2.356194490125e-01    3.141592653500e-01
 5   3.141592653500e-01    3.926990816875e-01
 6   3.926990816875e-01    4.712388980250e-01
 7   4.712388980250e-01    5.497787143625e-01
 8   5.497787143625e-01    6.283185307000e-01
 9   6.283185307000e-01    7.068583470375e-01
 10   7.068583470375e-01    7.853981633750e-01
 11   7.853981633750e-01    8.639379797125e-01
 12   8.639379797125e-01    9.424777960500e-01
 13   9.424777960500e-01    1.021017612387e+00
 14   1.021017612387e+00    1.099557428725e+00
 15   1.099557428725e+00    1.178097245063e+00
 16   1.178097245063e+00    1.256637061400e+00
 17   1.256637061400e+00    1.335176877737e+00
 18   1.335176877737e+00    1.413716694075e+00
 19   1.413716694075e+00    1.492256510412e+00
 20   1.492256510413e+00    1.570796326750e+00
 21   1.570796326750e+00    1.649336143087e+00
 22   1.649336143087e+00    1.727875959425e+00
 23   1.727875959425e+00    1.806415775762e+00
 24   1.806415775762e+00    1.884955592100e+00
 25   1.884955592100e+00    1.963495408437e+00
 26   1.963495408438e+00    2.042035224775e+00
 27   2.042035224775e+00    2.120575041112e+00
 28   2.120575041113e+00    2.199114857450e+00
 29   2.199114857450e+00    2.277654673788e+00
 30   2.277654673788e+00    2.356194490125e+00
 31   2.356194490125e+00    2.434734306462e+00
 32   2.434734306462e+00    2.513274122800e+00
 33   2.513274122800e+00    2.591813939137e+00
 34   2.591813939137e+00    2.670353755475e+00
 35   2.670353755475e+00    2.748893571812e+00
 36   2.748893571812e+00    2.827433388150e+00
 37   2.827433388150e+00    2.905973204487e+00
 38   2.905973204487e+00    2.984513020825e+00
 39   2.984513020825e+00    3.063052837163e+00
 40   3.063052837163e+00    3.141592653500e+00
 41   3.141592653500e+00    3.220132469838e+00
 42   3.220132469838e+00    3.298672286175e+00
 43   3.298672286175e+00    3.377212102512e+00
 44   3.377212102512e+00    3.455751918850e+00
 45   3.455751918850e+00    3.534291735187e+00
 46   3.534291735187e+00    3.612831551525e+00
 47   3.612831551525e+00    3.691371367862e+00
 48   3.691371367862e+00    3.769911184200e+00
 49   3.769911184200e+00    3.848451000537e+00
 50   3.848451000538e+00    3.926990816875e+00
 51   3.926990816875e+00    4.005530633213e+00
 52   4.005530633212e+00    4.084070449550e+00
 53   4.084070449550e+00    4.162610265887e+00
 54   4.162610265887e+00    4.241150082225e+00
 55   4.241150082225e+00    4.319689898563e+00
 56   4.319689898563e+00    4.398229714900e+00
 57   4.398229714900e+00    4.476769531238e+00
 58   4.476769531238e+00    4.555309347575e+00
 59   4.555309347575e+00    4.633849163913e+00
 60   4.633849163913e+00    4.712388980250e+00
 61   4.712388980250e+00    4.790928796588e+00
 62   4.790928796588e+00    4.869468612925e+00
 63   4.869468612925e+00    4.948008429262e+00
 64   4.948008429262e+00    5.026548245600e+00
 65   5.026548245600e+00    5.105088061937e+00
 66   5.105088061937e+00    5.183627878275e+00
 67   5.183627878275e+00    5.262167694612e+00
 68   5.262167694612e+00    5.340707510950e+00
 69   5.340707510950e+00    5.419247327287e+00
 70   5.419247327287e+00    5.497787143625e+00
 71   5.497787143625e+00    5.576326959962e+00
 72   5.576326959962e+00    5.654866776300e+00
 73   5.654866776300e+00    5.733406592637e+00
 74   5.733406592637e+00    5.811946408975e+00
 75   5.811946408975e+00    5.890486225312e+00
 76   5.890486225313e+00    5.969026041650e+00
 77   5.969026041650e+00    6.047565857988e+00
 78   6.047565857988e+00    6.126105674325e+00
 79   6.126105674325e+00    6.204645490663e+00
 80   6.204645490663e+00    6.283185307000e+00
