# ******************************************************
# PLUTO 4.2 Grid File
# Generated on  Thu Mar 28 23:55:19 2019
# 
# DIMENSIONS: 3
# GEOMETRY:   SPHERICAL
# X1: [ 0.010000,  1.200000], 30 point(s), 2 ghosts
# X2: [ 0.174533,  2.967060], 80 point(s), 2 ghosts
# X3: [ 0.000000,  6.283185], 80 point(s), 2 ghosts
# ******************************************************
30 
 1   1.000000000000e-02    5.950000000000e-02
 2   5.950000000000e-02    1.090000000000e-01
 3   1.090000000000e-01    1.585000000000e-01
 4   1.585000000000e-01    2.080000000000e-01
 5   2.080000000000e-01    2.575000000000e-01
 6   2.575000000000e-01    3.070000000000e-01
 7   3.070000000000e-01    3.565000000000e-01
 8   3.565000000000e-01    4.060000000000e-01
 9   4.060000000000e-01    4.555000000000e-01
 10   4.555000000000e-01    5.050000000000e-01
 11   5.050000000000e-01    5.545000000000e-01
 12   5.545000000000e-01    6.040000000000e-01
 13   6.040000000000e-01    6.535000000000e-01
 14   6.535000000000e-01    7.030000000000e-01
 15   7.030000000000e-01    7.525000000000e-01
 16   7.525000000000e-01    8.020000000000e-01
 17   8.020000000000e-01    8.515000000000e-01
 18   8.515000000000e-01    9.010000000000e-01
 19   9.010000000000e-01    9.505000000000e-01
 20   9.505000000000e-01    1.000000000000e+00
 21   1.000000000000e+00    1.020000000000e+00
 22   1.020000000000e+00    1.040000000000e+00
 23   1.040000000000e+00    1.060000000000e+00
 24   1.060000000000e+00    1.080000000000e+00
 25   1.080000000000e+00    1.100000000000e+00
 26   1.100000000000e+00    1.120000000000e+00
 27   1.120000000000e+00    1.140000000000e+00
 28   1.140000000000e+00    1.160000000000e+00
 29   1.160000000000e+00    1.180000000000e+00
 30   1.180000000000e+00    1.200000000000e+00
80 
 1   1.745329248000e-01    2.094395098525e-01
 2   2.094395098525e-01    2.443460949050e-01
 3   2.443460949050e-01    2.792526799575e-01
 4   2.792526799575e-01    3.141592650100e-01
 5   3.141592650100e-01    3.490658500625e-01
 6   3.490658500625e-01    3.839724351150e-01
 7   3.839724351150e-01    4.188790201675e-01
 8   4.188790201675e-01    4.537856052200e-01
 9   4.537856052200e-01    4.886921902725e-01
 10   4.886921902725e-01    5.235987753250e-01
 11   5.235987753250e-01    5.585053603775e-01
 12   5.585053603775e-01    5.934119454300e-01
 13   5.934119454300e-01    6.283185304825e-01
 14   6.283185304825e-01    6.632251155350e-01
 15   6.632251155350e-01    6.981317005875e-01
 16   6.981317005875e-01    7.330382856400e-01
 17   7.330382856400e-01    7.679448706925e-01
 18   7.679448706925e-01    8.028514557450e-01
 19   8.028514557450e-01    8.377580407975e-01
 20   8.377580407975e-01    8.726646258500e-01
 21   8.726646258500e-01    9.075712109025e-01
 22   9.075712109025e-01    9.424777959550e-01
 23   9.424777959550e-01    9.773843810075e-01
 24   9.773843810075e-01    1.012290966060e+00
 25   1.012290966060e+00    1.047197551113e+00
 26   1.047197551113e+00    1.082104136165e+00
 27   1.082104136165e+00    1.117010721218e+00
 28   1.117010721218e+00    1.151917306270e+00
 29   1.151917306270e+00    1.186823891323e+00
 30   1.186823891322e+00    1.221730476375e+00
 31   1.221730476375e+00    1.256637061428e+00
 32   1.256637061427e+00    1.291543646480e+00
 33   1.291543646480e+00    1.326450231533e+00
 34   1.326450231533e+00    1.361356816585e+00
 35   1.361356816585e+00    1.396263401638e+00
 36   1.396263401638e+00    1.431169986690e+00
 37   1.431169986690e+00    1.466076571743e+00
 38   1.466076571743e+00    1.500983156795e+00
 39   1.500983156795e+00    1.535889741848e+00
 40   1.535889741848e+00    1.570796326900e+00
 41   1.570796326900e+00    1.605702911953e+00
 42   1.605702911953e+00    1.640609497005e+00
 43   1.640609497005e+00    1.675516082058e+00
 44   1.675516082058e+00    1.710422667110e+00
 45   1.710422667110e+00    1.745329252163e+00
 46   1.745329252163e+00    1.780235837215e+00
 47   1.780235837215e+00    1.815142422268e+00
 48   1.815142422268e+00    1.850049007320e+00
 49   1.850049007320e+00    1.884955592373e+00
 50   1.884955592373e+00    1.919862177425e+00
 51   1.919862177425e+00    1.954768762478e+00
 52   1.954768762478e+00    1.989675347530e+00
 53   1.989675347530e+00    2.024581932583e+00
 54   2.024581932583e+00    2.059488517635e+00
 55   2.059488517635e+00    2.094395102688e+00
 56   2.094395102687e+00    2.129301687740e+00
 57   2.129301687740e+00    2.164208272793e+00
 58   2.164208272793e+00    2.199114857845e+00
 59   2.199114857845e+00    2.234021442897e+00
 60   2.234021442897e+00    2.268928027950e+00
 61   2.268928027950e+00    2.303834613003e+00
 62   2.303834613003e+00    2.338741198055e+00
 63   2.338741198055e+00    2.373647783107e+00
 64   2.373647783107e+00    2.408554368160e+00
 65   2.408554368160e+00    2.443460953213e+00
 66   2.443460953213e+00    2.478367538265e+00
 67   2.478367538265e+00    2.513274123318e+00
 68   2.513274123317e+00    2.548180708370e+00
 69   2.548180708370e+00    2.583087293422e+00
 70   2.583087293422e+00    2.617993878475e+00
 71   2.617993878475e+00    2.652900463528e+00
 72   2.652900463527e+00    2.687807048580e+00
 73   2.687807048580e+00    2.722713633632e+00
 74   2.722713633632e+00    2.757620218685e+00
 75   2.757620218685e+00    2.792526803738e+00
 76   2.792526803737e+00    2.827433388790e+00
 77   2.827433388790e+00    2.862339973842e+00
 78   2.862339973842e+00    2.897246558895e+00
 79   2.897246558895e+00    2.932153143948e+00
 80   2.932153143947e+00    2.967059729000e+00
80 
 1   0.000000000000e+00    7.853981633750e-02
 2   7.853981633750e-02    1.570796326750e-01
 3   1.570796326750e-01    2.356194490125e-01
 4   2.356194490125e-01    3.141592653500e-01
 5   3.141592653500e-01    3.926990816875e-01
 6   3.926990816875e-01    4.712388980250e-01
 7   4.712388980250e-01    5.497787143625e-01
 8   5.497787143625e-01    6.283185307000e-01
 9   6.283185307000e-01    7.068583470375e-01
 10   7.068583470375e-01    7.853981633750e-01
 11   7.853981633750e-01    8.639379797125e-01
 12   8.639379797125e-01    9.424777960500e-01
 13   9.424777960500e-01    1.021017612387e+00
 14   1.021017612387e+00    1.099557428725e+00
 15   1.099557428725e+00    1.178097245063e+00
 16   1.178097245063e+00    1.256637061400e+00
 17   1.256637061400e+00    1.335176877737e+00
 18   1.335176877737e+00    1.413716694075e+00
 19   1.413716694075e+00    1.492256510412e+00
 20   1.492256510413e+00    1.570796326750e+00
 21   1.570796326750e+00    1.649336143087e+00
 22   1.649336143087e+00    1.727875959425e+00
 23   1.727875959425e+00    1.806415775762e+00
 24   1.806415775762e+00    1.884955592100e+00
 25   1.884955592100e+00    1.963495408437e+00
 26   1.963495408438e+00    2.042035224775e+00
 27   2.042035224775e+00    2.120575041112e+00
 28   2.120575041113e+00    2.199114857450e+00
 29   2.199114857450e+00    2.277654673788e+00
 30   2.277654673788e+00    2.356194490125e+00
 31   2.356194490125e+00    2.434734306462e+00
 32   2.434734306462e+00    2.513274122800e+00
 33   2.513274122800e+00    2.591813939137e+00
 34   2.591813939137e+00    2.670353755475e+00
 35   2.670353755475e+00    2.748893571812e+00
 36   2.748893571812e+00    2.827433388150e+00
 37   2.827433388150e+00    2.905973204487e+00
 38   2.905973204487e+00    2.984513020825e+00
 39   2.984513020825e+00    3.063052837163e+00
 40   3.063052837163e+00    3.141592653500e+00
 41   3.141592653500e+00    3.220132469838e+00
 42   3.220132469838e+00    3.298672286175e+00
 43   3.298672286175e+00    3.377212102512e+00
 44   3.377212102512e+00    3.455751918850e+00
 45   3.455751918850e+00    3.534291735187e+00
 46   3.534291735187e+00    3.612831551525e+00
 47   3.612831551525e+00    3.691371367862e+00
 48   3.691371367862e+00    3.769911184200e+00
 49   3.769911184200e+00    3.848451000537e+00
 50   3.848451000538e+00    3.926990816875e+00
 51   3.926990816875e+00    4.005530633213e+00
 52   4.005530633212e+00    4.084070449550e+00
 53   4.084070449550e+00    4.162610265887e+00
 54   4.162610265887e+00    4.241150082225e+00
 55   4.241150082225e+00    4.319689898563e+00
 56   4.319689898563e+00    4.398229714900e+00
 57   4.398229714900e+00    4.476769531238e+00
 58   4.476769531238e+00    4.555309347575e+00
 59   4.555309347575e+00    4.633849163913e+00
 60   4.633849163913e+00    4.712388980250e+00
 61   4.712388980250e+00    4.790928796588e+00
 62   4.790928796588e+00    4.869468612925e+00
 63   4.869468612925e+00    4.948008429262e+00
 64   4.948008429262e+00    5.026548245600e+00
 65   5.026548245600e+00    5.105088061937e+00
 66   5.105088061937e+00    5.183627878275e+00
 67   5.183627878275e+00    5.262167694612e+00
 68   5.262167694612e+00    5.340707510950e+00
 69   5.340707510950e+00    5.419247327287e+00
 70   5.419247327287e+00    5.497787143625e+00
 71   5.497787143625e+00    5.576326959962e+00
 72   5.576326959962e+00    5.654866776300e+00
 73   5.654866776300e+00    5.733406592637e+00
 74   5.733406592637e+00    5.811946408975e+00
 75   5.811946408975e+00    5.890486225312e+00
 76   5.890486225313e+00    5.969026041650e+00
 77   5.969026041650e+00    6.047565857988e+00
 78   6.047565857988e+00    6.126105674325e+00
 79   6.126105674325e+00    6.204645490663e+00
 80   6.204645490663e+00    6.283185307000e+00
