# ******************************************************
# PLUTO 4.2 Grid File
# Generated on  Thu Mar  7 23:08:30 2019
# 
# DIMENSIONS: 3
# GEOMETRY:   SPHERICAL
# X1: [ 0.010000,  1.000000], 30 point(s), 2 ghosts
# X2: [ 0.174533,  2.967060], 36 point(s), 2 ghosts
# X3: [ 0.000000,  6.283185], 80 point(s), 2 ghosts
# ******************************************************
30 
 1   1.000000000000e-02    4.950000000000e-02
 2   4.950000000000e-02    8.900000000000e-02
 3   8.900000000000e-02    1.285000000000e-01
 4   1.285000000000e-01    1.680000000000e-01
 5   1.680000000000e-01    2.075000000000e-01
 6   2.075000000000e-01    2.470000000000e-01
 7   2.470000000000e-01    2.865000000000e-01
 8   2.865000000000e-01    3.260000000000e-01
 9   3.260000000000e-01    3.655000000000e-01
 10   3.655000000000e-01    4.050000000000e-01
 11   4.050000000000e-01    4.445000000000e-01
 12   4.445000000000e-01    4.840000000000e-01
 13   4.840000000000e-01    5.235000000000e-01
 14   5.235000000000e-01    5.630000000000e-01
 15   5.630000000000e-01    6.025000000000e-01
 16   6.025000000000e-01    6.420000000000e-01
 17   6.420000000000e-01    6.815000000000e-01
 18   6.815000000000e-01    7.210000000000e-01
 19   7.210000000000e-01    7.605000000000e-01
 20   7.605000000000e-01    8.000000000000e-01
 21   8.000000000000e-01    8.200000000000e-01
 22   8.200000000000e-01    8.400000000000e-01
 23   8.400000000000e-01    8.600000000000e-01
 24   8.600000000000e-01    8.800000000000e-01
 25   8.800000000000e-01    9.000000000000e-01
 26   9.000000000000e-01    9.200000000000e-01
 27   9.200000000000e-01    9.400000000000e-01
 28   9.400000000000e-01    9.600000000000e-01
 29   9.600000000000e-01    9.800000000000e-01
 30   9.800000000000e-01    1.000000000000e+00
36 
 1   1.745329248000e-01    2.521031138056e-01
 2   2.521031138056e-01    3.296733028111e-01
 3   3.296733028111e-01    4.072434918167e-01
 4   4.072434918167e-01    4.848136808222e-01
 5   4.848136808222e-01    5.623838698278e-01
 6   5.623838698278e-01    6.399540588333e-01
 7   6.399540588333e-01    7.175242478389e-01
 8   7.175242478389e-01    7.950944368444e-01
 9   7.950944368444e-01    8.726646258500e-01
 10   8.726646258500e-01    9.502348148556e-01
 11   9.502348148556e-01    1.027805003861e+00
 12   1.027805003861e+00    1.105375192867e+00
 13   1.105375192867e+00    1.182945381872e+00
 14   1.182945381872e+00    1.260515570878e+00
 15   1.260515570878e+00    1.338085759883e+00
 16   1.338085759883e+00    1.415655948889e+00
 17   1.415655948889e+00    1.493226137894e+00
 18   1.493226137894e+00    1.570796326900e+00
 19   1.570796326900e+00    1.648366515906e+00
 20   1.648366515906e+00    1.725936704911e+00
 21   1.725936704911e+00    1.803506893917e+00
 22   1.803506893917e+00    1.881077082922e+00
 23   1.881077082922e+00    1.958647271928e+00
 24   1.958647271928e+00    2.036217460933e+00
 25   2.036217460933e+00    2.113787649939e+00
 26   2.113787649939e+00    2.191357838944e+00
 27   2.191357838944e+00    2.268928027950e+00
 28   2.268928027950e+00    2.346498216956e+00
 29   2.346498216956e+00    2.424068405961e+00
 30   2.424068405961e+00    2.501638594967e+00
 31   2.501638594967e+00    2.579208783972e+00
 32   2.579208783972e+00    2.656778972978e+00
 33   2.656778972978e+00    2.734349161983e+00
 34   2.734349161983e+00    2.811919350989e+00
 35   2.811919350989e+00    2.889489539994e+00
 36   2.889489539994e+00    2.967059729000e+00
80 
 1   0.000000000000e+00    7.853981633750e-02
 2   7.853981633750e-02    1.570796326750e-01
 3   1.570796326750e-01    2.356194490125e-01
 4   2.356194490125e-01    3.141592653500e-01
 5   3.141592653500e-01    3.926990816875e-01
 6   3.926990816875e-01    4.712388980250e-01
 7   4.712388980250e-01    5.497787143625e-01
 8   5.497787143625e-01    6.283185307000e-01
 9   6.283185307000e-01    7.068583470375e-01
 10   7.068583470375e-01    7.853981633750e-01
 11   7.853981633750e-01    8.639379797125e-01
 12   8.639379797125e-01    9.424777960500e-01
 13   9.424777960500e-01    1.021017612387e+00
 14   1.021017612387e+00    1.099557428725e+00
 15   1.099557428725e+00    1.178097245063e+00
 16   1.178097245063e+00    1.256637061400e+00
 17   1.256637061400e+00    1.335176877737e+00
 18   1.335176877737e+00    1.413716694075e+00
 19   1.413716694075e+00    1.492256510412e+00
 20   1.492256510413e+00    1.570796326750e+00
 21   1.570796326750e+00    1.649336143087e+00
 22   1.649336143087e+00    1.727875959425e+00
 23   1.727875959425e+00    1.806415775762e+00
 24   1.806415775762e+00    1.884955592100e+00
 25   1.884955592100e+00    1.963495408437e+00
 26   1.963495408438e+00    2.042035224775e+00
 27   2.042035224775e+00    2.120575041112e+00
 28   2.120575041113e+00    2.199114857450e+00
 29   2.199114857450e+00    2.277654673788e+00
 30   2.277654673788e+00    2.356194490125e+00
 31   2.356194490125e+00    2.434734306462e+00
 32   2.434734306462e+00    2.513274122800e+00
 33   2.513274122800e+00    2.591813939137e+00
 34   2.591813939137e+00    2.670353755475e+00
 35   2.670353755475e+00    2.748893571812e+00
 36   2.748893571812e+00    2.827433388150e+00
 37   2.827433388150e+00    2.905973204487e+00
 38   2.905973204487e+00    2.984513020825e+00
 39   2.984513020825e+00    3.063052837163e+00
 40   3.063052837163e+00    3.141592653500e+00
 41   3.141592653500e+00    3.220132469838e+00
 42   3.220132469838e+00    3.298672286175e+00
 43   3.298672286175e+00    3.377212102512e+00
 44   3.377212102512e+00    3.455751918850e+00
 45   3.455751918850e+00    3.534291735187e+00
 46   3.534291735187e+00    3.612831551525e+00
 47   3.612831551525e+00    3.691371367862e+00
 48   3.691371367862e+00    3.769911184200e+00
 49   3.769911184200e+00    3.848451000537e+00
 50   3.848451000538e+00    3.926990816875e+00
 51   3.926990816875e+00    4.005530633213e+00
 52   4.005530633212e+00    4.084070449550e+00
 53   4.084070449550e+00    4.162610265887e+00
 54   4.162610265887e+00    4.241150082225e+00
 55   4.241150082225e+00    4.319689898563e+00
 56   4.319689898563e+00    4.398229714900e+00
 57   4.398229714900e+00    4.476769531238e+00
 58   4.476769531238e+00    4.555309347575e+00
 59   4.555309347575e+00    4.633849163913e+00
 60   4.633849163913e+00    4.712388980250e+00
 61   4.712388980250e+00    4.790928796588e+00
 62   4.790928796588e+00    4.869468612925e+00
 63   4.869468612925e+00    4.948008429262e+00
 64   4.948008429262e+00    5.026548245600e+00
 65   5.026548245600e+00    5.105088061937e+00
 66   5.105088061937e+00    5.183627878275e+00
 67   5.183627878275e+00    5.262167694612e+00
 68   5.262167694612e+00    5.340707510950e+00
 69   5.340707510950e+00    5.419247327287e+00
 70   5.419247327287e+00    5.497787143625e+00
 71   5.497787143625e+00    5.576326959962e+00
 72   5.576326959962e+00    5.654866776300e+00
 73   5.654866776300e+00    5.733406592637e+00
 74   5.733406592637e+00    5.811946408975e+00
 75   5.811946408975e+00    5.890486225312e+00
 76   5.890486225313e+00    5.969026041650e+00
 77   5.969026041650e+00    6.047565857988e+00
 78   6.047565857988e+00    6.126105674325e+00
 79   6.126105674325e+00    6.204645490663e+00
 80   6.204645490663e+00    6.283185307000e+00
