# ******************************************************
# PLUTO 4.2 Grid File
# Generated on  Thu Feb 28 12:04:38 2019
# 
# DIMENSIONS: 3
# GEOMETRY:   SPHERICAL
# X1: [ 0.400000,  2.500000], 20 point(s), 2 ghosts
# X2: [ 1.448623,  1.570796], 20 point(s), 2 ghosts
# X3: [ 0.000000,  6.283185], 20 point(s), 2 ghosts
# ******************************************************
20 
 1   4.000000000000e-01    5.050000000000e-01
 2   5.050000000000e-01    6.100000000000e-01
 3   6.100000000000e-01    7.150000000000e-01
 4   7.150000000000e-01    8.200000000000e-01
 5   8.200000000000e-01    9.250000000000e-01
 6   9.250000000000e-01    1.030000000000e+00
 7   1.030000000000e+00    1.135000000000e+00
 8   1.135000000000e+00    1.240000000000e+00
 9   1.240000000000e+00    1.345000000000e+00
 10   1.345000000000e+00    1.450000000000e+00
 11   1.450000000000e+00    1.555000000000e+00
 12   1.555000000000e+00    1.660000000000e+00
 13   1.660000000000e+00    1.765000000000e+00
 14   1.765000000000e+00    1.870000000000e+00
 15   1.870000000000e+00    1.975000000000e+00
 16   1.975000000000e+00    2.080000000000e+00
 17   2.080000000000e+00    2.185000000000e+00
 18   2.185000000000e+00    2.290000000000e+00
 19   2.290000000000e+00    2.395000000000e+00
 20   2.395000000000e+00    2.500000000000e+00
20 
 1   1.448623279000e+00    1.454731931400e+00
 2   1.454731931400e+00    1.460840583800e+00
 3   1.460840583800e+00    1.466949236200e+00
 4   1.466949236200e+00    1.473057888600e+00
 5   1.473057888600e+00    1.479166541000e+00
 6   1.479166541000e+00    1.485275193400e+00
 7   1.485275193400e+00    1.491383845800e+00
 8   1.491383845800e+00    1.497492498200e+00
 9   1.497492498200e+00    1.503601150600e+00
 10   1.503601150600e+00    1.509709803000e+00
 11   1.509709803000e+00    1.515818455400e+00
 12   1.515818455400e+00    1.521927107800e+00
 13   1.521927107800e+00    1.528035760200e+00
 14   1.528035760200e+00    1.534144412600e+00
 15   1.534144412600e+00    1.540253065000e+00
 16   1.540253065000e+00    1.546361717400e+00
 17   1.546361717400e+00    1.552470369800e+00
 18   1.552470369800e+00    1.558579022200e+00
 19   1.558579022200e+00    1.564687674600e+00
 20   1.564687674600e+00    1.570796327000e+00
20 
 1   0.000000000000e+00    3.141592653500e-01
 2   3.141592653500e-01    6.283185307000e-01
 3   6.283185307000e-01    9.424777960500e-01
 4   9.424777960500e-01    1.256637061400e+00
 5   1.256637061400e+00    1.570796326750e+00
 6   1.570796326750e+00    1.884955592100e+00
 7   1.884955592100e+00    2.199114857450e+00
 8   2.199114857450e+00    2.513274122800e+00
 9   2.513274122800e+00    2.827433388150e+00
 10   2.827433388150e+00    3.141592653500e+00
 11   3.141592653500e+00    3.455751918850e+00
 12   3.455751918850e+00    3.769911184200e+00
 13   3.769911184200e+00    4.084070449550e+00
 14   4.084070449550e+00    4.398229714900e+00
 15   4.398229714900e+00    4.712388980250e+00
 16   4.712388980250e+00    5.026548245600e+00
 17   5.026548245600e+00    5.340707510950e+00
 18   5.340707510950e+00    5.654866776300e+00
 19   5.654866776300e+00    5.969026041650e+00
 20   5.969026041650e+00    6.283185307000e+00
